[INFO] [1661628458.296787021] [amcl]: 
	amcl lifecycle node launched. 
	Waiting on external lifecycle transitions to activate
	See https://design.ros2.org/articles/node_lifecycle.html for more information.
[INFO] [1661628458.298906111] [amcl]: Creating
[INFO] [1661628458.341945108] [amcl]: Configuring
[INFO] [1661628458.342016940] [amcl]: initTransforms
[INFO] [1661628458.345200804] [amcl]: initPubSub
[INFO] [1661628458.347014313] [amcl]: Subscribed to map topic.
[INFO] [1661628458.351862677] [amcl]: Received a 384 X 384 map @ 0.050 m/pix
[INFO] [1661628458.353696462] [amcl]: Activating
[WARN] [1661628458.353728301] [amcl]: Publishing the particle cloud as geometry_msgs/PoseArray msg is deprecated, will be published as nav2_msgs/ParticleCloud in the future
[INFO] [1661628458.433622082] [amcl]: createLaserObject
[WARN] [1661628458.448155499] [amcl]: ACML cannot publish a pose or update the transform. Please set the initial pose...
[WARN] [1661628460.447967381] [amcl]: ACML cannot publish a pose or update the transform. Please set the initial pose...
[WARN] [1661628462.457330490] [amcl]: ACML cannot publish a pose or update the transform. Please set the initial pose...
[WARN] [1661628464.472326961] [amcl]: ACML cannot publish a pose or update the transform. Please set the initial pose...
[WARN] [1661628466.487341736] [amcl]: ACML cannot publish a pose or update the transform. Please set the initial pose...
[WARN] [1661628468.679419553] [amcl]: ACML cannot publish a pose or update the transform. Please set the initial pose...
[WARN] [1661628470.908314088] [amcl]: ACML cannot publish a pose or update the transform. Please set the initial pose...
[WARN] [1661628473.130689613] [amcl]: ACML cannot publish a pose or update the transform. Please set the initial pose...
[WARN] [1661628475.319054086] [amcl]: ACML cannot publish a pose or update the transform. Please set the initial pose...
[WARN] [1661628477.333510500] [amcl]: ACML cannot publish a pose or update the transform. Please set the initial pose...
[WARN] [1661628479.556446018] [amcl]: ACML cannot publish a pose or update the transform. Please set the initial pose...
[WARN] [1661628481.785250710] [amcl]: ACML cannot publish a pose or update the transform. Please set the initial pose...
[WARN] [1661628483.974366760] [amcl]: ACML cannot publish a pose or update the transform. Please set the initial pose...
[WARN] [1661628486.201705122] [amcl]: ACML cannot publish a pose or update the transform. Please set the initial pose...
[WARN] [1661628488.426032309] [amcl]: ACML cannot publish a pose or update the transform. Please set the initial pose...
[WARN] [1661628490.611164729] [amcl]: ACML cannot publish a pose or update the transform. Please set the initial pose...
[WARN] [1661628492.838160981] [amcl]: ACML cannot publish a pose or update the transform. Please set the initial pose...
[WARN] [1661628494.853436528] [amcl]: ACML cannot publish a pose or update the transform. Please set the initial pose...
[WARN] [1661628497.090353454] [amcl]: ACML cannot publish a pose or update the transform. Please set the initial pose...
[WARN] [1661628499.101029335] [amcl]: ACML cannot publish a pose or update the transform. Please set the initial pose...
[WARN] [1661628501.279213594] [amcl]: ACML cannot publish a pose or update the transform. Please set the initial pose...
[WARN] [1661628503.514226550] [amcl]: ACML cannot publish a pose or update the transform. Please set the initial pose...
[WARN] [1661628505.536057876] [amcl]: ACML cannot publish a pose or update the transform. Please set the initial pose...
[WARN] [1661628507.728480441] [amcl]: ACML cannot publish a pose or update the transform. Please set the initial pose...
[WARN] [1661628509.950405780] [amcl]: ACML cannot publish a pose or update the transform. Please set the initial pose...
[WARN] [1661628511.969126756] [amcl]: ACML cannot publish a pose or update the transform. Please set the initial pose...
[WARN] [1661628514.194169089] [amcl]: ACML cannot publish a pose or update the transform. Please set the initial pose...
[WARN] [1661628516.385761017] [amcl]: ACML cannot publish a pose or update the transform. Please set the initial pose...
[WARN] [1661628518.402433817] [amcl]: ACML cannot publish a pose or update the transform. Please set the initial pose...
[WARN] [1661628520.418099357] [amcl]: ACML cannot publish a pose or update the transform. Please set the initial pose...
[WARN] [1661628522.647295423] [amcl]: ACML cannot publish a pose or update the transform. Please set the initial pose...
[WARN] [1661628524.837660726] [amcl]: ACML cannot publish a pose or update the transform. Please set the initial pose...
[WARN] [1661628527.064876937] [amcl]: ACML cannot publish a pose or update the transform. Please set the initial pose...
[WARN] [1661628529.285451429] [amcl]: ACML cannot publish a pose or update the transform. Please set the initial pose...
[WARN] [1661628531.300752871] [amcl]: ACML cannot publish a pose or update the transform. Please set the initial pose...
[WARN] [1661628533.487917594] [amcl]: ACML cannot publish a pose or update the transform. Please set the initial pose...
[WARN] [1661628535.711644619] [amcl]: ACML cannot publish a pose or update the transform. Please set the initial pose...
[WARN] [1661628537.939329936] [amcl]: ACML cannot publish a pose or update the transform. Please set the initial pose...
[WARN] [1661628539.954207391] [amcl]: ACML cannot publish a pose or update the transform. Please set the initial pose...
[WARN] [1661628542.142726594] [amcl]: ACML cannot publish a pose or update the transform. Please set the initial pose...
[WARN] [1661628544.156370341] [amcl]: ACML cannot publish a pose or update the transform. Please set the initial pose...
[WARN] [1661628546.381594125] [amcl]: ACML cannot publish a pose or update the transform. Please set the initial pose...
[WARN] [1661628548.395375854] [amcl]: ACML cannot publish a pose or update the transform. Please set the initial pose...
[WARN] [1661628550.590594454] [amcl]: ACML cannot publish a pose or update the transform. Please set the initial pose...
[WARN] [1661628552.599932192] [amcl]: ACML cannot publish a pose or update the transform. Please set the initial pose...
[WARN] [1661628554.613399368] [amcl]: ACML cannot publish a pose or update the transform. Please set the initial pose...
[WARN] [1661628556.627212177] [amcl]: ACML cannot publish a pose or update the transform. Please set the initial pose...
[WARN] [1661628558.853321496] [amcl]: ACML cannot publish a pose or update the transform. Please set the initial pose...
[WARN] [1661628561.043615027] [amcl]: ACML cannot publish a pose or update the transform. Please set the initial pose...
[WARN] [1661628563.265174796] [amcl]: ACML cannot publish a pose or update the transform. Please set the initial pose...
[WARN] [1661628565.484644886] [amcl]: ACML cannot publish a pose or update the transform. Please set the initial pose...
[WARN] [1661628567.676310481] [amcl]: ACML cannot publish a pose or update the transform. Please set the initial pose...
[WARN] [1661628569.691995945] [amcl]: ACML cannot publish a pose or update the transform. Please set the initial pose...
[WARN] [1661628571.914297007] [amcl]: ACML cannot publish a pose or update the transform. Please set the initial pose...
[WARN] [1661628573.929346937] [amcl]: ACML cannot publish a pose or update the transform. Please set the initial pose...
[WARN] [1661628576.116751103] [amcl]: ACML cannot publish a pose or update the transform. Please set the initial pose...
[WARN] [1661628578.337783594] [amcl]: ACML cannot publish a pose or update the transform. Please set the initial pose...
[WARN] [1661628580.352121805] [amcl]: ACML cannot publish a pose or update the transform. Please set the initial pose...
[WARN] [1661628582.579348558] [amcl]: ACML cannot publish a pose or update the transform. Please set the initial pose...
[WARN] [1661628584.772125059] [amcl]: ACML cannot publish a pose or update the transform. Please set the initial pose...
[WARN] [1661628586.994437261] [amcl]: ACML cannot publish a pose or update the transform. Please set the initial pose...
[WARN] [1661628589.213936972] [amcl]: ACML cannot publish a pose or update the transform. Please set the initial pose...
[WARN] [1661628591.401216216] [amcl]: ACML cannot publish a pose or update the transform. Please set the initial pose...
[WARN] [1661628593.415312749] [amcl]: ACML cannot publish a pose or update the transform. Please set the initial pose...
[WARN] [1661628595.642353430] [amcl]: ACML cannot publish a pose or update the transform. Please set the initial pose...
[WARN] [1661628597.865401783] [amcl]: ACML cannot publish a pose or update the transform. Please set the initial pose...
[WARN] [1661628600.053154713] [amcl]: ACML cannot publish a pose or update the transform. Please set the initial pose...
[WARN] [1661628602.274507307] [amcl]: ACML cannot publish a pose or update the transform. Please set the initial pose...
[WARN] [1661628604.287099625] [amcl]: ACML cannot publish a pose or update the transform. Please set the initial pose...
[WARN] [1661628606.303253752] [amcl]: ACML cannot publish a pose or update the transform. Please set the initial pose...
[WARN] [1661628608.530198435] [amcl]: ACML cannot publish a pose or update the transform. Please set the initial pose...
[WARN] [1661628610.733561355] [amcl]: ACML cannot publish a pose or update the transform. Please set the initial pose...
[WARN] [1661628612.749839541] [amcl]: ACML cannot publish a pose or update the transform. Please set the initial pose...
[WARN] [1661628614.981354750] [amcl]: ACML cannot publish a pose or update the transform. Please set the initial pose...
[WARN] [1661628616.997947131] [amcl]: ACML cannot publish a pose or update the transform. Please set the initial pose...
[WARN] [1661628619.203809132] [amcl]: ACML cannot publish a pose or update the transform. Please set the initial pose...
[WARN] [1661628621.429807833] [amcl]: ACML cannot publish a pose or update the transform. Please set the initial pose...
[WARN] [1661628623.656982856] [amcl]: ACML cannot publish a pose or update the transform. Please set the initial pose...
[WARN] [1661628625.672276714] [amcl]: ACML cannot publish a pose or update the transform. Please set the initial pose...
[WARN] [1661628627.648383639] [amcl]: ACML cannot publish a pose or update the transform. Please set the initial pose...
[WARN] [1661628629.873415825] [amcl]: ACML cannot publish a pose or update the transform. Please set the initial pose...
[WARN] [1661628631.890474487] [amcl]: ACML cannot publish a pose or update the transform. Please set the initial pose...
[WARN] [1661628633.904953525] [amcl]: ACML cannot publish a pose or update the transform. Please set the initial pose...
[WARN] [1661628636.089807261] [amcl]: ACML cannot publish a pose or update the transform. Please set the initial pose...
[WARN] [1661628638.311339161] [amcl]: ACML cannot publish a pose or update the transform. Please set the initial pose...
[WARN] [1661628640.536399544] [amcl]: ACML cannot publish a pose or update the transform. Please set the initial pose...
[WARN] [1661628642.549820648] [amcl]: ACML cannot publish a pose or update the transform. Please set the initial pose...
[WARN] [1661628644.737444959] [amcl]: ACML cannot publish a pose or update the transform. Please set the initial pose...
[WARN] [1661628646.960218459] [amcl]: ACML cannot publish a pose or update the transform. Please set the initial pose...
[INFO] [1661628648.064363086] [rclcpp]: signal_handler(signal_value=2)
