[INFO] [1661790317.593735101] [amcl]: 
	amcl lifecycle node launched. 
	Waiting on external lifecycle transitions to activate
	See https://design.ros2.org/articles/node_lifecycle.html for more information.
[INFO] [1661790317.593887162] [amcl]: Creating
[INFO] [1661790317.696390153] [amcl]: Configuring
[INFO] [1661790317.696491279] [amcl]: initTransforms
[INFO] [1661790317.700757214] [amcl]: initPubSub
[INFO] [1661790317.703211399] [amcl]: Subscribed to map topic.
[INFO] [1661790317.709677287] [amcl]: Received a 384 X 384 map @ 0.050 m/pix
[INFO] [1661790317.712069285] [amcl]: Activating
[WARN] [1661790317.712110084] [amcl]: Publishing the particle cloud as geometry_msgs/PoseArray msg is deprecated, will be published as nav2_msgs/ParticleCloud in the future
[INFO] [1661790317.822429276] [amcl]: createLaserObject
[WARN] [1661790319.896520358] [amcl]: ACML cannot publish a pose or update the transform. Please set the initial pose...
[WARN] [1661790322.146356647] [amcl]: ACML cannot publish a pose or update the transform. Please set the initial pose...
[WARN] [1661790324.211198966] [amcl]: ACML cannot publish a pose or update the transform. Please set the initial pose...
[WARN] [1661790326.402456215] [amcl]: ACML cannot publish a pose or update the transform. Please set the initial pose...
[WARN] [1661790328.453816193] [amcl]: ACML cannot publish a pose or update the transform. Please set the initial pose...
[WARN] [1661790330.492643673] [amcl]: ACML cannot publish a pose or update the transform. Please set the initial pose...
[WARN] [1661790332.630701641] [amcl]: ACML cannot publish a pose or update the transform. Please set the initial pose...
[WARN] [1661790334.746270289] [amcl]: ACML cannot publish a pose or update the transform. Please set the initial pose...
[WARN] [1661790336.822099601] [amcl]: ACML cannot publish a pose or update the transform. Please set the initial pose...
[WARN] [1661790338.909541521] [amcl]: ACML cannot publish a pose or update the transform. Please set the initial pose...
[WARN] [1661790340.934133296] [amcl]: ACML cannot publish a pose or update the transform. Please set the initial pose...
[INFO] [1661790342.564716757] [amcl]: initialPoseReceived
[WARN] [1661790342.564858160] [amcl]: Failed to transform initial pose in time (Lookup would require extrapolation into the future.  Requested time 1661790342.564774 but the latest data is at time 31.314000, when looking up transform from frame [base_footprint] to frame [odom])
[INFO] [1661790342.564887757] [amcl]: Setting pose (1661790342.564887): -2.007 -0.512 0.036
[INFO] [1661790744.752735588] [amcl]: initialPoseReceived
[WARN] [1661790744.752805339] [amcl]: Failed to transform initial pose in time (Lookup would require extrapolation into the future.  Requested time 1661790744.752770 but the latest data is at time 420.049000, when looking up transform from frame [base_footprint] to frame [odom])
[INFO] [1661790744.752818696] [amcl]: Setting pose (1661790744.752819): 0.461 -0.512 -1.499
[INFO] [1661790753.355571832] [amcl]: initialPoseReceived
[WARN] [1661790753.355630589] [amcl]: Failed to transform initial pose in time (Lookup would require extrapolation into the future.  Requested time 1661790753.355597 but the latest data is at time 428.649000, when looking up transform from frame [base_footprint] to frame [odom])
[INFO] [1661790753.355647061] [amcl]: Setting pose (1661790753.355647): -2.057 -0.539 0.183
[INFO] [1661790793.740653531] [rclcpp]: signal_handler(signal_value=2)
