[INFO] [1661789379.601786057] [amcl]: 
	amcl lifecycle node launched. 
	Waiting on external lifecycle transitions to activate
	See https://design.ros2.org/articles/node_lifecycle.html for more information.
[INFO] [1661789379.602788509] [amcl]: Creating
[INFO] [1661789379.640523576] [amcl]: Configuring
[INFO] [1661789379.640610249] [amcl]: initTransforms
[INFO] [1661789379.644060572] [amcl]: initPubSub
[INFO] [1661789379.646354927] [amcl]: Subscribed to map topic.
[INFO] [1661789379.650165025] [amcl]: Activating
[WARN] [1661789379.650184894] [amcl]: Publishing the particle cloud as geometry_msgs/PoseArray msg is deprecated, will be published as nav2_msgs/ParticleCloud in the future
[INFO] [1661789379.668383710] [amcl]: Received a 384 X 384 map @ 0.050 m/pix
[INFO] [1661789496.584710152] [amcl]: createLaserObject
[WARN] [1661789498.596401365] [amcl]: ACML cannot publish a pose or update the transform. Please set the initial pose...
[WARN] [1661789500.820965062] [amcl]: ACML cannot publish a pose or update the transform. Please set the initial pose...
[WARN] [1661789502.834045207] [amcl]: ACML cannot publish a pose or update the transform. Please set the initial pose...
[WARN] [1661789505.022767632] [amcl]: ACML cannot publish a pose or update the transform. Please set the initial pose...
[WARN] [1661789507.249497436] [amcl]: ACML cannot publish a pose or update the transform. Please set the initial pose...
[WARN] [1661789509.261354448] [amcl]: ACML cannot publish a pose or update the transform. Please set the initial pose...
[WARN] [1661789511.483884421] [amcl]: ACML cannot publish a pose or update the transform. Please set the initial pose...
[WARN] [1661789513.461315229] [amcl]: ACML cannot publish a pose or update the transform. Please set the initial pose...
[WARN] [1661789515.680574782] [amcl]: ACML cannot publish a pose or update the transform. Please set the initial pose...
[WARN] [1661789517.690286954] [amcl]: ACML cannot publish a pose or update the transform. Please set the initial pose...
[WARN] [1661789519.700955373] [amcl]: ACML cannot publish a pose or update the transform. Please set the initial pose...
[WARN] [1661789521.711700643] [amcl]: ACML cannot publish a pose or update the transform. Please set the initial pose...
[WARN] [1661789523.898560197] [amcl]: ACML cannot publish a pose or update the transform. Please set the initial pose...
[WARN] [1661789526.119437425] [amcl]: ACML cannot publish a pose or update the transform. Please set the initial pose...
[WARN] [1661789528.344454113] [amcl]: ACML cannot publish a pose or update the transform. Please set the initial pose...
[WARN] [1661789530.357307377] [amcl]: ACML cannot publish a pose or update the transform. Please set the initial pose...
[WARN] [1661789532.544599393] [amcl]: ACML cannot publish a pose or update the transform. Please set the initial pose...
[WARN] [1661789534.557466806] [amcl]: ACML cannot publish a pose or update the transform. Please set the initial pose...
[WARN] [1661789536.778170279] [amcl]: ACML cannot publish a pose or update the transform. Please set the initial pose...
[WARN] [1661789539.005877990] [amcl]: ACML cannot publish a pose or update the transform. Please set the initial pose...
[WARN] [1661789541.190230921] [amcl]: ACML cannot publish a pose or update the transform. Please set the initial pose...
[WARN] [1661789543.204179182] [amcl]: ACML cannot publish a pose or update the transform. Please set the initial pose...
[WARN] [1661789545.427259204] [amcl]: ACML cannot publish a pose or update the transform. Please set the initial pose...
[WARN] [1661789547.438270275] [amcl]: ACML cannot publish a pose or update the transform. Please set the initial pose...
[WARN] [1661789549.631422210] [amcl]: ACML cannot publish a pose or update the transform. Please set the initial pose...
[WARN] [1661789551.855292957] [amcl]: ACML cannot publish a pose or update the transform. Please set the initial pose...
[WARN] [1661789553.866509243] [amcl]: ACML cannot publish a pose or update the transform. Please set the initial pose...
[WARN] [1661789556.090338966] [amcl]: ACML cannot publish a pose or update the transform. Please set the initial pose...
[WARN] [1661789558.283241812] [amcl]: ACML cannot publish a pose or update the transform. Please set the initial pose...
[WARN] [1661789560.294726764] [amcl]: ACML cannot publish a pose or update the transform. Please set the initial pose...
[INFO] [1661789561.362126249] [rclcpp]: signal_handler(signal_value=2)
