[INFO] [1661628423.322299470] [amcl]: 
	amcl lifecycle node launched. 
	Waiting on external lifecycle transitions to activate
	See https://design.ros2.org/articles/node_lifecycle.html for more information.
[INFO] [1661628423.322417476] [amcl]: Creating
[INFO] [1661628423.355714651] [amcl]: Configuring
[INFO] [1661628423.355790360] [amcl]: initTransforms
[INFO] [1661628423.358776689] [amcl]: initPubSub
[INFO] [1661628423.361136723] [amcl]: Subscribed to map topic.
[INFO] [1661628423.365762829] [amcl]: Received a 384 X 384 map @ 0.050 m/pix
[INFO] [1661628423.367475631] [amcl]: Activating
[WARN] [1661628423.367508235] [amcl]: Publishing the particle cloud as geometry_msgs/PoseArray msg is deprecated, will be published as nav2_msgs/ParticleCloud in the future
[INFO] [1661628423.475897074] [amcl]: createLaserObject
[WARN] [1661628423.488728082] [amcl]: ACML cannot publish a pose or update the transform. Please set the initial pose...
[WARN] [1661628425.494276379] [amcl]: ACML cannot publish a pose or update the transform. Please set the initial pose...
[WARN] [1661628427.508097646] [amcl]: ACML cannot publish a pose or update the transform. Please set the initial pose...
[WARN] [1661628429.697562253] [amcl]: ACML cannot publish a pose or update the transform. Please set the initial pose...
[WARN] [1661628431.921281823] [amcl]: ACML cannot publish a pose or update the transform. Please set the initial pose...
[WARN] [1661628433.928700991] [amcl]: ACML cannot publish a pose or update the transform. Please set the initial pose...
[WARN] [1661628436.117590386] [amcl]: ACML cannot publish a pose or update the transform. Please set the initial pose...
[WARN] [1661628438.137673566] [amcl]: ACML cannot publish a pose or update the transform. Please set the initial pose...
[WARN] [1661628440.357394288] [amcl]: ACML cannot publish a pose or update the transform. Please set the initial pose...
[WARN] [1661628442.585015224] [amcl]: ACML cannot publish a pose or update the transform. Please set the initial pose...
[WARN] [1661628444.772283470] [amcl]: ACML cannot publish a pose or update the transform. Please set the initial pose...
[WARN] [1661628446.786399537] [amcl]: ACML cannot publish a pose or update the transform. Please set the initial pose...
[INFO] [1661628450.799650737] [rclcpp]: signal_handler(signal_value=2)
