[INFO] [1664361573.664600505] [amcl]: 
	amcl lifecycle node launched. 
	Waiting on external lifecycle transitions to activate
	See https://design.ros2.org/articles/node_lifecycle.html for more information.
[INFO] [1664361573.664855725] [amcl]: Creating
[INFO] [1664361573.683254229] [amcl]: Configuring
[INFO] [1664361573.683345307] [amcl]: initTransforms
[INFO] [1664361573.689426041] [amcl]: initPubSub
[INFO] [1664361573.691297141] [amcl]: Subscribed to map topic.
[INFO] [1664361573.694695349] [amcl]: Received a 384 X 384 map @ 0.050 m/pix
[INFO] [1664361573.695934202] [amcl]: Activating
[WARN] [1664361573.695953520] [amcl]: Publishing the particle cloud as geometry_msgs/PoseArray msg is deprecated, will be published as nav2_msgs/ParticleCloud in the future
[INFO] [1664361573.900155730] [amcl]: createLaserObject
[WARN] [1664361575.715657584] [amcl]: ACML cannot publish a pose or update the transform. Please set the initial pose...
[WARN] [1664361577.910210660] [amcl]: ACML cannot publish a pose or update the transform. Please set the initial pose...
[WARN] [1664361579.914482198] [amcl]: ACML cannot publish a pose or update the transform. Please set the initial pose...
[WARN] [1664361581.924916712] [amcl]: ACML cannot publish a pose or update the transform. Please set the initial pose...
[WARN] [1664361583.941531819] [amcl]: ACML cannot publish a pose or update the transform. Please set the initial pose...
[WARN] [1664361585.953210542] [amcl]: ACML cannot publish a pose or update the transform. Please set the initial pose...
[WARN] [1664361588.133089685] [amcl]: ACML cannot publish a pose or update the transform. Please set the initial pose...
[WARN] [1664361590.141971618] [amcl]: ACML cannot publish a pose or update the transform. Please set the initial pose...
[WARN] [1664361592.153251657] [amcl]: ACML cannot publish a pose or update the transform. Please set the initial pose...
[WARN] [1664361594.163504317] [amcl]: ACML cannot publish a pose or update the transform. Please set the initial pose...
[WARN] [1664361596.171375170] [amcl]: ACML cannot publish a pose or update the transform. Please set the initial pose...
[WARN] [1664361598.351790532] [amcl]: ACML cannot publish a pose or update the transform. Please set the initial pose...
[WARN] [1664361600.367741635] [amcl]: ACML cannot publish a pose or update the transform. Please set the initial pose...
[WARN] [1664361602.381160980] [amcl]: ACML cannot publish a pose or update the transform. Please set the initial pose...
[WARN] [1664361604.397351563] [amcl]: ACML cannot publish a pose or update the transform. Please set the initial pose...
[WARN] [1664361606.409484980] [amcl]: ACML cannot publish a pose or update the transform. Please set the initial pose...
[WARN] [1664361608.589081350] [amcl]: ACML cannot publish a pose or update the transform. Please set the initial pose...
[WARN] [1664361610.599950681] [amcl]: ACML cannot publish a pose or update the transform. Please set the initial pose...
[WARN] [1664361612.605433768] [amcl]: ACML cannot publish a pose or update the transform. Please set the initial pose...
[WARN] [1664361614.614397814] [amcl]: ACML cannot publish a pose or update the transform. Please set the initial pose...
[WARN] [1664361616.624221789] [amcl]: ACML cannot publish a pose or update the transform. Please set the initial pose...
[WARN] [1664361618.807884191] [amcl]: ACML cannot publish a pose or update the transform. Please set the initial pose...
[WARN] [1664361620.817533514] [amcl]: ACML cannot publish a pose or update the transform. Please set the initial pose...
[WARN] [1664361622.825995550] [amcl]: ACML cannot publish a pose or update the transform. Please set the initial pose...
[INFO] [1664361624.145510627] [rclcpp]: signal_handler(signal_value=2)
