[INFO] [1661789337.905823727] [bt_navigator]: 
	bt_navigator lifecycle node launched. 
	Waiting on external lifecycle transitions to activate
	See https://design.ros2.org/articles/node_lifecycle.html for more information.
[INFO] [1661789337.907571747] [bt_navigator]: Creating
[INFO] [1661789338.054641940] [bt_navigator]: Configuring
[INFO] [1661789338.078466515] [bt_navigator_rclcpp_node]: Waiting for "compute_path_to_pose" action server
[INFO] [1661789338.078634608] [bt_navigator_rclcpp_node]: "ComputePathToPose" BtActionNode initialized
[INFO] [1661789338.079481974] [bt_navigator_rclcpp_node]: Waiting for "global_costmap/clear_entirely_global_costmap" service
[INFO] [1661789338.079534182] [bt_navigator_rclcpp_node]: "ClearGlobalCostmap-Context" BtServiceNode initialized
[INFO] [1661789338.083024452] [bt_navigator_rclcpp_node]: Waiting for "follow_path" action server
[INFO] [1661789338.083232281] [bt_navigator_rclcpp_node]: "FollowPath" BtActionNode initialized
[INFO] [1661789338.084343548] [bt_navigator_rclcpp_node]: Waiting for "local_costmap/clear_entirely_local_costmap" service
[INFO] [1661789338.084424976] [bt_navigator_rclcpp_node]: "ClearLocalCostmap-Context" BtServiceNode initialized
[INFO] [1661789338.085244319] [bt_navigator_rclcpp_node]: Waiting for "local_costmap/clear_entirely_local_costmap" service
[INFO] [1661789338.085303068] [bt_navigator_rclcpp_node]: "ClearLocalCostmap-Subtree" BtServiceNode initialized
[INFO] [1661789338.085907153] [bt_navigator_rclcpp_node]: Waiting for "global_costmap/clear_entirely_global_costmap" service
[INFO] [1661789338.085953187] [bt_navigator_rclcpp_node]: "ClearGlobalCostmap-Subtree" BtServiceNode initialized
[INFO] [1661789338.088459953] [bt_navigator_rclcpp_node]: Waiting for "spin" action server
[INFO] [1661789338.088603771] [bt_navigator_rclcpp_node]: "Spin" BtActionNode initialized
[INFO] [1661789338.091464589] [bt_navigator_rclcpp_node]: Waiting for "wait" action server
[INFO] [1661789338.091584256] [bt_navigator_rclcpp_node]: "Wait" BtActionNode initialized
[INFO] [1661789357.582878046] [rclcpp]: signal_handler(signal_value=2)
