[INFO] [1661790798.346045801] [bt_navigator]: 
	bt_navigator lifecycle node launched. 
	Waiting on external lifecycle transitions to activate
	See https://design.ros2.org/articles/node_lifecycle.html for more information.
[INFO] [1661790798.346145065] [bt_navigator]: Creating
[INFO] [1661790798.572790269] [bt_navigator]: Configuring
[INFO] [1661790798.596432213] [bt_navigator_rclcpp_node]: Waiting for "compute_path_to_pose" action server
[INFO] [1661790798.597518126] [bt_navigator_rclcpp_node]: "ComputePathToPose" BtActionNode initialized
[INFO] [1661790798.598894383] [bt_navigator_rclcpp_node]: Waiting for "global_costmap/clear_entirely_global_costmap" service
[INFO] [1661790798.599064247] [bt_navigator_rclcpp_node]: "ClearGlobalCostmap-Context" BtServiceNode initialized
[INFO] [1661790798.601839342] [bt_navigator_rclcpp_node]: Waiting for "follow_path" action server
[INFO] [1661790798.601974739] [bt_navigator_rclcpp_node]: "FollowPath" BtActionNode initialized
[INFO] [1661790798.602418162] [bt_navigator_rclcpp_node]: Waiting for "local_costmap/clear_entirely_local_costmap" service
[INFO] [1661790798.602477020] [bt_navigator_rclcpp_node]: "ClearLocalCostmap-Context" BtServiceNode initialized
[INFO] [1661790798.603131843] [bt_navigator_rclcpp_node]: Waiting for "local_costmap/clear_entirely_local_costmap" service
[INFO] [1661790798.603193587] [bt_navigator_rclcpp_node]: "ClearLocalCostmap-Subtree" BtServiceNode initialized
[INFO] [1661790798.603846176] [bt_navigator_rclcpp_node]: Waiting for "global_costmap/clear_entirely_global_costmap" service
[INFO] [1661790798.603911714] [bt_navigator_rclcpp_node]: "ClearGlobalCostmap-Subtree" BtServiceNode initialized
[INFO] [1661790798.606630462] [bt_navigator_rclcpp_node]: Waiting for "spin" action server
[INFO] [1661790798.606780601] [bt_navigator_rclcpp_node]: "Spin" BtActionNode initialized
[INFO] [1661790798.609516880] [bt_navigator_rclcpp_node]: Waiting for "wait" action server
[INFO] [1661790798.609793957] [bt_navigator_rclcpp_node]: "Wait" BtActionNode initialized
[INFO] [1661790812.678723030] [bt_navigator]: Activating
[INFO] [1661790814.550459281] [bt_navigator]: Begin navigating from current location to (1.95, 0.71)
[INFO] [1661790836.411261689] [bt_navigator]: Navigation succeeded
[INFO] [1661790875.148064174] [bt_navigator]: Begin navigating from current location to (2.00, 0.00)
[INFO] [1661790883.008672473] [bt_navigator]: Navigation succeeded
[INFO] [1661790948.788626411] [bt_navigator]: Begin navigating from current location to (-0.30, 1.00)
[INFO] [1661790965.849328271] [bt_navigator]: Navigation succeeded
[INFO] [1661790994.602372270] [bt_navigator]: Begin navigating from current location to (-0.30, 1.00)
[INFO] [1661790994.662886142] [bt_navigator]: Navigation succeeded
[INFO] [1661791012.996489123] [bt_navigator]: Begin navigating from current location to (-0.30, -1.00)
[INFO] [1661791098.164546603] [rclcpp]: signal_handler(signal_value=2)
