[INFO] [1661789313.447612816] [bt_navigator]: 
	bt_navigator lifecycle node launched. 
	Waiting on external lifecycle transitions to activate
	See https://design.ros2.org/articles/node_lifecycle.html for more information.
[INFO] [1661789313.447749227] [bt_navigator]: Creating
[INFO] [1661789313.608748943] [bt_navigator]: Configuring
[INFO] [1661789313.633007499] [bt_navigator_rclcpp_node]: Waiting for "compute_path_to_pose" action server
[INFO] [1661789313.633750497] [bt_navigator_rclcpp_node]: "ComputePathToPose" BtActionNode initialized
[INFO] [1661789313.634598244] [bt_navigator_rclcpp_node]: Waiting for "global_costmap/clear_entirely_global_costmap" service
[INFO] [1661789313.634663711] [bt_navigator_rclcpp_node]: "ClearGlobalCostmap-Context" BtServiceNode initialized
[INFO] [1661789313.637105372] [bt_navigator_rclcpp_node]: Waiting for "follow_path" action server
[INFO] [1661789313.637282750] [bt_navigator_rclcpp_node]: "FollowPath" BtActionNode initialized
[INFO] [1661789313.638277372] [bt_navigator_rclcpp_node]: Waiting for "local_costmap/clear_entirely_local_costmap" service
[INFO] [1661789313.638337310] [bt_navigator_rclcpp_node]: "ClearLocalCostmap-Context" BtServiceNode initialized
[INFO] [1661789313.639143180] [bt_navigator_rclcpp_node]: Waiting for "local_costmap/clear_entirely_local_costmap" service
[INFO] [1661789313.639264323] [bt_navigator_rclcpp_node]: "ClearLocalCostmap-Subtree" BtServiceNode initialized
[INFO] [1661789313.639933337] [bt_navigator_rclcpp_node]: Waiting for "global_costmap/clear_entirely_global_costmap" service
[INFO] [1661789313.640084323] [bt_navigator_rclcpp_node]: "ClearGlobalCostmap-Subtree" BtServiceNode initialized
[INFO] [1661789313.642744581] [bt_navigator_rclcpp_node]: Waiting for "spin" action server
[INFO] [1661789313.642863963] [bt_navigator_rclcpp_node]: "Spin" BtActionNode initialized
[INFO] [1661789313.644890920] [bt_navigator_rclcpp_node]: Waiting for "wait" action server
[INFO] [1661789313.645073003] [bt_navigator_rclcpp_node]: "Wait" BtActionNode initialized
[INFO] [1661789325.786654696] [rclcpp]: signal_handler(signal_value=2)
