[INFO] [1664360949.458431100] [bt_navigator]: 
	bt_navigator lifecycle node launched. 
	Waiting on external lifecycle transitions to activate
	See https://design.ros2.org/articles/node_lifecycle.html for more information.
[INFO] [1664360949.458533932] [bt_navigator]: Creating
[INFO] [1664360950.015300251] [bt_navigator]: Configuring
[INFO] [1664360950.035700643] [bt_navigator_rclcpp_node]: Waiting for "compute_path_to_pose" action server
[INFO] [1664360950.035856094] [bt_navigator_rclcpp_node]: "ComputePathToPose" BtActionNode initialized
[INFO] [1664360950.036389804] [bt_navigator_rclcpp_node]: Waiting for "global_costmap/clear_entirely_global_costmap" service
[INFO] [1664360950.036451829] [bt_navigator_rclcpp_node]: "ClearGlobalCostmap-Context" BtServiceNode initialized
[INFO] [1664360950.039029553] [bt_navigator_rclcpp_node]: Waiting for "follow_path" action server
[INFO] [1664360950.039176037] [bt_navigator_rclcpp_node]: "FollowPath" BtActionNode initialized
[INFO] [1664360950.039742444] [bt_navigator_rclcpp_node]: Waiting for "local_costmap/clear_entirely_local_costmap" service
[INFO] [1664360950.039794098] [bt_navigator_rclcpp_node]: "ClearLocalCostmap-Context" BtServiceNode initialized
[INFO] [1664360950.040416691] [bt_navigator_rclcpp_node]: Waiting for "local_costmap/clear_entirely_local_costmap" service
[INFO] [1664360950.040472285] [bt_navigator_rclcpp_node]: "ClearLocalCostmap-Subtree" BtServiceNode initialized
[INFO] [1664360950.041122291] [bt_navigator_rclcpp_node]: Waiting for "global_costmap/clear_entirely_global_costmap" service
[INFO] [1664360950.041176703] [bt_navigator_rclcpp_node]: "ClearGlobalCostmap-Subtree" BtServiceNode initialized
[INFO] [1664360950.043743909] [bt_navigator_rclcpp_node]: Waiting for "spin" action server
[INFO] [1664360950.043966691] [bt_navigator_rclcpp_node]: "Spin" BtActionNode initialized
[INFO] [1664360950.046464592] [bt_navigator_rclcpp_node]: Waiting for "wait" action server
[INFO] [1664360950.046622435] [bt_navigator_rclcpp_node]: "Wait" BtActionNode initialized
[INFO] [1664361550.611782547] [bt_navigator]: Activating
[INFO] [1664361553.087809746] [bt_navigator]: Begin navigating from current location to (-0.67, -0.54)
[INFO] [1664361557.758505233] [bt_navigator]: Navigation succeeded
[INFO] [1664361571.470825590] [rclcpp]: signal_handler(signal_value=2)
