[INFO] [1664361572.968135120] [bt_navigator]: 
	bt_navigator lifecycle node launched. 
	Waiting on external lifecycle transitions to activate
	See https://design.ros2.org/articles/node_lifecycle.html for more information.
[INFO] [1664361572.968234701] [bt_navigator]: Creating
[INFO] [1664361573.842135296] [bt_navigator]: Configuring
[INFO] [1664361573.864973748] [bt_navigator_rclcpp_node]: Waiting for "compute_path_to_pose" action server
[INFO] [1664361573.865130571] [bt_navigator_rclcpp_node]: "ComputePathToPose" BtActionNode initialized
[INFO] [1664361573.865746413] [bt_navigator_rclcpp_node]: Waiting for "global_costmap/clear_entirely_global_costmap" service
[INFO] [1664361573.865809323] [bt_navigator_rclcpp_node]: "ClearGlobalCostmap-Context" BtServiceNode initialized
[INFO] [1664361573.868316893] [bt_navigator_rclcpp_node]: Waiting for "follow_path" action server
[INFO] [1664361573.868480438] [bt_navigator_rclcpp_node]: "FollowPath" BtActionNode initialized
[INFO] [1664361573.869109711] [bt_navigator_rclcpp_node]: Waiting for "local_costmap/clear_entirely_local_costmap" service
[INFO] [1664361573.869181302] [bt_navigator_rclcpp_node]: "ClearLocalCostmap-Context" BtServiceNode initialized
[INFO] [1664361573.870242213] [bt_navigator_rclcpp_node]: Waiting for "local_costmap/clear_entirely_local_costmap" service
[INFO] [1664361573.870330204] [bt_navigator_rclcpp_node]: "ClearLocalCostmap-Subtree" BtServiceNode initialized
[INFO] [1664361573.870983924] [bt_navigator_rclcpp_node]: Waiting for "global_costmap/clear_entirely_global_costmap" service
[INFO] [1664361573.871073020] [bt_navigator_rclcpp_node]: "ClearGlobalCostmap-Subtree" BtServiceNode initialized
[INFO] [1664361573.873977483] [bt_navigator_rclcpp_node]: Waiting for "spin" action server
[INFO] [1664361573.874138598] [bt_navigator_rclcpp_node]: "Spin" BtActionNode initialized
[INFO] [1664361573.876974028] [bt_navigator_rclcpp_node]: Waiting for "wait" action server
[INFO] [1664361573.877124382] [bt_navigator_rclcpp_node]: "Wait" BtActionNode initialized
[INFO] [1664361624.144571351] [rclcpp]: signal_handler(signal_value=2)
