[INFO] [1661790153.107825594] [bt_navigator]: 
	bt_navigator lifecycle node launched. 
	Waiting on external lifecycle transitions to activate
	See https://design.ros2.org/articles/node_lifecycle.html for more information.
[INFO] [1661790153.108203335] [bt_navigator]: Creating
[INFO] [1661790153.255963558] [bt_navigator]: Configuring
[INFO] [1661790153.278486553] [bt_navigator_rclcpp_node]: Waiting for "compute_path_to_pose" action server
[INFO] [1661790153.279223278] [bt_navigator_rclcpp_node]: "ComputePathToPose" BtActionNode initialized
[INFO] [1661790153.279920392] [bt_navigator_rclcpp_node]: Waiting for "global_costmap/clear_entirely_global_costmap" service
[INFO] [1661790153.279971159] [bt_navigator_rclcpp_node]: "ClearGlobalCostmap-Context" BtServiceNode initialized
[INFO] [1661790153.282911136] [bt_navigator_rclcpp_node]: Waiting for "follow_path" action server
[INFO] [1661790153.283129660] [bt_navigator_rclcpp_node]: "FollowPath" BtActionNode initialized
[INFO] [1661790153.283850909] [bt_navigator_rclcpp_node]: Waiting for "local_costmap/clear_entirely_local_costmap" service
[INFO] [1661790153.283936556] [bt_navigator_rclcpp_node]: "ClearLocalCostmap-Context" BtServiceNode initialized
[INFO] [1661790153.284563082] [bt_navigator_rclcpp_node]: Waiting for "local_costmap/clear_entirely_local_costmap" service
[INFO] [1661790153.284611362] [bt_navigator_rclcpp_node]: "ClearLocalCostmap-Subtree" BtServiceNode initialized
[INFO] [1661790153.285380141] [bt_navigator_rclcpp_node]: Waiting for "global_costmap/clear_entirely_global_costmap" service
[INFO] [1661790153.285431185] [bt_navigator_rclcpp_node]: "ClearGlobalCostmap-Subtree" BtServiceNode initialized
[INFO] [1661790153.288175253] [bt_navigator_rclcpp_node]: Waiting for "spin" action server
[INFO] [1661790153.288310152] [bt_navigator_rclcpp_node]: "Spin" BtActionNode initialized
[INFO] [1661790153.290866588] [bt_navigator_rclcpp_node]: Waiting for "wait" action server
[INFO] [1661790153.290999894] [bt_navigator_rclcpp_node]: "Wait" BtActionNode initialized
[INFO] [1661790208.453199921] [rclcpp]: signal_handler(signal_value=2)
