[INFO] [1664361636.659491704] [bt_navigator]: 
	bt_navigator lifecycle node launched. 
	Waiting on external lifecycle transitions to activate
	See https://design.ros2.org/articles/node_lifecycle.html for more information.
[INFO] [1664361636.659615798] [bt_navigator]: Creating
[INFO] [1664361636.818827524] [bt_navigator]: Configuring
[INFO] [1664361636.840179892] [bt_navigator_rclcpp_node]: Waiting for "compute_path_to_pose" action server
[INFO] [1664361636.840334035] [bt_navigator_rclcpp_node]: "ComputePathToPose" BtActionNode initialized
[INFO] [1664361636.840945323] [bt_navigator_rclcpp_node]: Waiting for "global_costmap/clear_entirely_global_costmap" service
[INFO] [1664361636.841010464] [bt_navigator_rclcpp_node]: "ClearGlobalCostmap-Context" BtServiceNode initialized
[INFO] [1664361636.843334911] [bt_navigator_rclcpp_node]: Waiting for "follow_path" action server
[INFO] [1664361636.843466213] [bt_navigator_rclcpp_node]: "FollowPath" BtActionNode initialized
[INFO] [1664361636.844076689] [bt_navigator_rclcpp_node]: Waiting for "local_costmap/clear_entirely_local_costmap" service
[INFO] [1664361636.844164234] [bt_navigator_rclcpp_node]: "ClearLocalCostmap-Context" BtServiceNode initialized
[INFO] [1664361636.844836484] [bt_navigator_rclcpp_node]: Waiting for "local_costmap/clear_entirely_local_costmap" service
[INFO] [1664361636.844898321] [bt_navigator_rclcpp_node]: "ClearLocalCostmap-Subtree" BtServiceNode initialized
[INFO] [1664361636.845465998] [bt_navigator_rclcpp_node]: Waiting for "global_costmap/clear_entirely_global_costmap" service
[INFO] [1664361636.845526414] [bt_navigator_rclcpp_node]: "ClearGlobalCostmap-Subtree" BtServiceNode initialized
[INFO] [1664361636.847824451] [bt_navigator_rclcpp_node]: Waiting for "spin" action server
[INFO] [1664361636.847954031] [bt_navigator_rclcpp_node]: "Spin" BtActionNode initialized
[INFO] [1664361636.850471164] [bt_navigator_rclcpp_node]: Waiting for "wait" action server
[INFO] [1664361636.850583906] [bt_navigator_rclcpp_node]: "Wait" BtActionNode initialized
[INFO] [1664361673.954136861] [rclcpp]: signal_handler(signal_value=2)
