[INFO] [1661791615.540061001] [bt_navigator]: 
	bt_navigator lifecycle node launched. 
	Waiting on external lifecycle transitions to activate
	See https://design.ros2.org/articles/node_lifecycle.html for more information.
[INFO] [1661791615.540443693] [bt_navigator]: Creating
[INFO] [1661791615.692759626] [bt_navigator]: Configuring
[INFO] [1661791615.713267900] [bt_navigator_rclcpp_node]: Waiting for "compute_path_to_pose" action server
[INFO] [1661791615.713439137] [bt_navigator_rclcpp_node]: "ComputePathToPose" BtActionNode initialized
[INFO] [1661791615.714036284] [bt_navigator_rclcpp_node]: Waiting for "global_costmap/clear_entirely_global_costmap" service
[INFO] [1661791615.714086493] [bt_navigator_rclcpp_node]: "ClearGlobalCostmap-Context" BtServiceNode initialized
[INFO] [1661791615.716641690] [bt_navigator_rclcpp_node]: Waiting for "follow_path" action server
[INFO] [1661791615.716767453] [bt_navigator_rclcpp_node]: "FollowPath" BtActionNode initialized
[INFO] [1661791615.717530760] [bt_navigator_rclcpp_node]: Waiting for "local_costmap/clear_entirely_local_costmap" service
[INFO] [1661791615.717598979] [bt_navigator_rclcpp_node]: "ClearLocalCostmap-Context" BtServiceNode initialized
[INFO] [1661791615.718129120] [bt_navigator_rclcpp_node]: Waiting for "local_costmap/clear_entirely_local_costmap" service
[INFO] [1661791615.718186165] [bt_navigator_rclcpp_node]: "ClearLocalCostmap-Subtree" BtServiceNode initialized
[INFO] [1661791615.718574774] [bt_navigator_rclcpp_node]: Waiting for "global_costmap/clear_entirely_global_costmap" service
[INFO] [1661791615.718626241] [bt_navigator_rclcpp_node]: "ClearGlobalCostmap-Subtree" BtServiceNode initialized
[INFO] [1661791615.721401186] [bt_navigator_rclcpp_node]: Waiting for "spin" action server
[INFO] [1661791615.721513433] [bt_navigator_rclcpp_node]: "Spin" BtActionNode initialized
[INFO] [1661791615.723602629] [bt_navigator_rclcpp_node]: Waiting for "wait" action server
[INFO] [1661791615.723768816] [bt_navigator_rclcpp_node]: "Wait" BtActionNode initialized
[INFO] [1661791623.789856371] [bt_navigator]: Activating
[INFO] [1661791624.657382417] [bt_navigator]: Begin navigating from current location to (1.91, 0.77)
[INFO] [1661791646.268301736] [bt_navigator]: Navigation succeeded
[INFO] [1661791692.269992651] [bt_navigator]: Begin navigating from current location to (-2.39, 0.13)
[INFO] [1661791714.080685574] [bt_navigator]: Navigation succeeded
[INFO] [1661791716.300378128] [bt_navigator]: Begin navigating from current location to (1.91, 0.60)
[INFO] [1661791737.061020880] [bt_navigator]: Navigation succeeded
[INFO] [1661792316.830652780] [rclcpp]: signal_handler(signal_value=2)
