[INFO] [1661791199.289288529] [bt_navigator]: 
	bt_navigator lifecycle node launched. 
	Waiting on external lifecycle transitions to activate
	See https://design.ros2.org/articles/node_lifecycle.html for more information.
[INFO] [1661791199.289387943] [bt_navigator]: Creating
[INFO] [1661791199.398381486] [bt_navigator]: Configuring
[INFO] [1661791199.414333020] [bt_navigator_rclcpp_node]: Waiting for "compute_path_to_pose" action server
[INFO] [1661791199.414487794] [bt_navigator_rclcpp_node]: "ComputePathToPose" BtActionNode initialized
[INFO] [1661791199.414894292] [bt_navigator_rclcpp_node]: Waiting for "global_costmap/clear_entirely_global_costmap" service
[INFO] [1661791199.414942164] [bt_navigator_rclcpp_node]: "ClearGlobalCostmap-Context" BtServiceNode initialized
[INFO] [1661791199.416634862] [bt_navigator_rclcpp_node]: Waiting for "follow_path" action server
[INFO] [1661791199.416752016] [bt_navigator_rclcpp_node]: "FollowPath" BtActionNode initialized
[INFO] [1661791199.417073959] [bt_navigator_rclcpp_node]: Waiting for "local_costmap/clear_entirely_local_costmap" service
[INFO] [1661791199.417146279] [bt_navigator_rclcpp_node]: "ClearLocalCostmap-Context" BtServiceNode initialized
[INFO] [1661791199.417455028] [bt_navigator_rclcpp_node]: Waiting for "local_costmap/clear_entirely_local_costmap" service
[INFO] [1661791199.417492536] [bt_navigator_rclcpp_node]: "ClearLocalCostmap-Subtree" BtServiceNode initialized
[INFO] [1661791199.417854342] [bt_navigator_rclcpp_node]: Waiting for "global_costmap/clear_entirely_global_costmap" service
[INFO] [1661791199.417894416] [bt_navigator_rclcpp_node]: "ClearGlobalCostmap-Subtree" BtServiceNode initialized
[INFO] [1661791199.419454391] [bt_navigator_rclcpp_node]: Waiting for "spin" action server
[INFO] [1661791199.419584468] [bt_navigator_rclcpp_node]: "Spin" BtActionNode initialized
[INFO] [1661791199.421377971] [bt_navigator_rclcpp_node]: Waiting for "wait" action server
[INFO] [1661791199.421476261] [bt_navigator_rclcpp_node]: "Wait" BtActionNode initialized
[INFO] [1661791219.484019053] [bt_navigator]: Activating
[INFO] [1661791220.873518271] [bt_navigator]: Begin navigating from current location to (1.83, -0.33)
[INFO] [1661791239.084163505] [bt_navigator]: Navigation succeeded
[INFO] [1661791327.465211032] [bt_navigator]: Begin navigating from current location to (-1.94, 0.56)
[INFO] [1661791362.555684611] [bt_navigator]: Navigation succeeded
[INFO] [1661791369.295564545] [bt_navigator]: Begin navigating from current location to (1.87, -0.35)
[INFO] [1661791390.886115365] [bt_navigator]: Navigation succeeded
[INFO] [1661791396.736728059] [bt_navigator]: Begin navigating from current location to (-1.78, 0.50)
[INFO] [1661791417.447342096] [bt_navigator]: Navigation succeeded
[INFO] [1661791590.781374635] [bt_navigator]: Begin navigating from current location to (1.79, -0.84)
[INFO] [1661791596.430019765] [rclcpp]: signal_handler(signal_value=2)
