[INFO] [1661628458.323423125] [bt_navigator]: 
	bt_navigator lifecycle node launched. 
	Waiting on external lifecycle transitions to activate
	See https://design.ros2.org/articles/node_lifecycle.html for more information.
[INFO] [1661628458.323546336] [bt_navigator]: Creating
[INFO] [1661628458.412987318] [bt_navigator]: Configuring
[INFO] [1661628458.428462413] [bt_navigator_rclcpp_node]: Waiting for "compute_path_to_pose" action server
[INFO] [1661628458.428582586] [bt_navigator_rclcpp_node]: "ComputePathToPose" BtActionNode initialized
[INFO] [1661628458.428934353] [bt_navigator_rclcpp_node]: Waiting for "global_costmap/clear_entirely_global_costmap" service
[INFO] [1661628458.428979673] [bt_navigator_rclcpp_node]: "ClearGlobalCostmap-Context" BtServiceNode initialized
[INFO] [1661628458.430405795] [bt_navigator_rclcpp_node]: Waiting for "follow_path" action server
[INFO] [1661628458.430482039] [bt_navigator_rclcpp_node]: "FollowPath" BtActionNode initialized
[INFO] [1661628458.430788565] [bt_navigator_rclcpp_node]: Waiting for "local_costmap/clear_entirely_local_costmap" service
[INFO] [1661628458.430824508] [bt_navigator_rclcpp_node]: "ClearLocalCostmap-Context" BtServiceNode initialized
[INFO] [1661628458.431189608] [bt_navigator_rclcpp_node]: Waiting for "local_costmap/clear_entirely_local_costmap" service
[INFO] [1661628458.431231345] [bt_navigator_rclcpp_node]: "ClearLocalCostmap-Subtree" BtServiceNode initialized
[INFO] [1661628458.431558242] [bt_navigator_rclcpp_node]: Waiting for "global_costmap/clear_entirely_global_costmap" service
[INFO] [1661628458.431592405] [bt_navigator_rclcpp_node]: "ClearGlobalCostmap-Subtree" BtServiceNode initialized
[INFO] [1661628458.433308104] [bt_navigator_rclcpp_node]: Waiting for "spin" action server
[INFO] [1661628458.433393886] [bt_navigator_rclcpp_node]: "Spin" BtActionNode initialized
[INFO] [1661628458.435001257] [bt_navigator_rclcpp_node]: Waiting for "wait" action server
[INFO] [1661628458.435102954] [bt_navigator_rclcpp_node]: "Wait" BtActionNode initialized
[INFO] [1661628648.064401127] [rclcpp]: signal_handler(signal_value=2)
