[INFO] [1661791598.005919027] [bt_navigator]: 
	bt_navigator lifecycle node launched. 
	Waiting on external lifecycle transitions to activate
	See https://design.ros2.org/articles/node_lifecycle.html for more information.
[INFO] [1661791598.006041540] [bt_navigator]: Creating
[INFO] [1661791598.190078594] [bt_navigator]: Configuring
[INFO] [1661791598.211017949] [bt_navigator_rclcpp_node]: Waiting for "compute_path_to_pose" action server
[INFO] [1661791598.211179129] [bt_navigator_rclcpp_node]: "ComputePathToPose" BtActionNode initialized
[INFO] [1661791598.211812975] [bt_navigator_rclcpp_node]: Waiting for "global_costmap/clear_entirely_global_costmap" service
[INFO] [1661791598.211886644] [bt_navigator_rclcpp_node]: "ClearGlobalCostmap-Context" BtServiceNode initialized
[INFO] [1661791598.214566646] [bt_navigator_rclcpp_node]: Waiting for "follow_path" action server
[INFO] [1661791598.214761013] [bt_navigator_rclcpp_node]: "FollowPath" BtActionNode initialized
[INFO] [1661791598.215336331] [bt_navigator_rclcpp_node]: Waiting for "local_costmap/clear_entirely_local_costmap" service
[INFO] [1661791598.215388881] [bt_navigator_rclcpp_node]: "ClearLocalCostmap-Context" BtServiceNode initialized
[INFO] [1661791598.216058528] [bt_navigator_rclcpp_node]: Waiting for "local_costmap/clear_entirely_local_costmap" service
[INFO] [1661791598.216172385] [bt_navigator_rclcpp_node]: "ClearLocalCostmap-Subtree" BtServiceNode initialized
[INFO] [1661791598.216747544] [bt_navigator_rclcpp_node]: Waiting for "global_costmap/clear_entirely_global_costmap" service
[INFO] [1661791598.216814939] [bt_navigator_rclcpp_node]: "ClearGlobalCostmap-Subtree" BtServiceNode initialized
[INFO] [1661791598.219354094] [bt_navigator_rclcpp_node]: Waiting for "spin" action server
[INFO] [1661791598.219481568] [bt_navigator_rclcpp_node]: "Spin" BtActionNode initialized
[INFO] [1661791598.221682276] [bt_navigator_rclcpp_node]: Waiting for "wait" action server
[INFO] [1661791598.221810401] [bt_navigator_rclcpp_node]: "Wait" BtActionNode initialized
[INFO] [1661791612.433819667] [rclcpp]: signal_handler(signal_value=2)
