[INFO] [1661629722.695380466] [bt_navigator]: 
	bt_navigator lifecycle node launched. 
	Waiting on external lifecycle transitions to activate
	See https://design.ros2.org/articles/node_lifecycle.html for more information.
[INFO] [1661629722.695532471] [bt_navigator]: Creating
[INFO] [1661629722.832461965] [bt_navigator]: Configuring
[INFO] [1661629722.858314715] [bt_navigator_rclcpp_node]: Waiting for "compute_path_to_pose" action server
[INFO] [1661629722.858468756] [bt_navigator_rclcpp_node]: "ComputePathToPose" BtActionNode initialized
[INFO] [1661629722.859153911] [bt_navigator_rclcpp_node]: Waiting for "global_costmap/clear_entirely_global_costmap" service
[INFO] [1661629722.859215745] [bt_navigator_rclcpp_node]: "ClearGlobalCostmap-Context" BtServiceNode initialized
[INFO] [1661629722.862188108] [bt_navigator_rclcpp_node]: Waiting for "follow_path" action server
[INFO] [1661629722.862306673] [bt_navigator_rclcpp_node]: "FollowPath" BtActionNode initialized
[INFO] [1661629722.862966968] [bt_navigator_rclcpp_node]: Waiting for "local_costmap/clear_entirely_local_costmap" service
[INFO] [1661629722.863028004] [bt_navigator_rclcpp_node]: "ClearLocalCostmap-Context" BtServiceNode initialized
[INFO] [1661629722.863635858] [bt_navigator_rclcpp_node]: Waiting for "local_costmap/clear_entirely_local_costmap" service
[INFO] [1661629722.863699056] [bt_navigator_rclcpp_node]: "ClearLocalCostmap-Subtree" BtServiceNode initialized
[INFO] [1661629722.864229915] [bt_navigator_rclcpp_node]: Waiting for "global_costmap/clear_entirely_global_costmap" service
[INFO] [1661629722.864326633] [bt_navigator_rclcpp_node]: "ClearGlobalCostmap-Subtree" BtServiceNode initialized
[INFO] [1661629722.867014993] [bt_navigator_rclcpp_node]: Waiting for "spin" action server
[INFO] [1661629722.867151214] [bt_navigator_rclcpp_node]: "Spin" BtActionNode initialized
[INFO] [1661629722.869455868] [bt_navigator_rclcpp_node]: Waiting for "wait" action server
[INFO] [1661629722.869586422] [bt_navigator_rclcpp_node]: "Wait" BtActionNode initialized
[INFO] [1661629771.887768381] [rclcpp]: signal_handler(signal_value=2)
