[INFO] [1661789661.012470867] [bt_navigator]: 
	bt_navigator lifecycle node launched. 
	Waiting on external lifecycle transitions to activate
	See https://design.ros2.org/articles/node_lifecycle.html for more information.
[INFO] [1661789661.012587773] [bt_navigator]: Creating
[INFO] [1661789661.203620211] [bt_navigator]: Configuring
[INFO] [1661789661.226446325] [bt_navigator_rclcpp_node]: Waiting for "compute_path_to_pose" action server
[INFO] [1661789661.226813188] [bt_navigator_rclcpp_node]: "ComputePathToPose" BtActionNode initialized
[INFO] [1661789661.227416348] [bt_navigator_rclcpp_node]: Waiting for "global_costmap/clear_entirely_global_costmap" service
[INFO] [1661789661.227472220] [bt_navigator_rclcpp_node]: "ClearGlobalCostmap-Context" BtServiceNode initialized
[INFO] [1661789661.229822374] [bt_navigator_rclcpp_node]: Waiting for "follow_path" action server
[INFO] [1661789661.229950896] [bt_navigator_rclcpp_node]: "FollowPath" BtActionNode initialized
[INFO] [1661789661.230604781] [bt_navigator_rclcpp_node]: Waiting for "local_costmap/clear_entirely_local_costmap" service
[INFO] [1661789661.230662764] [bt_navigator_rclcpp_node]: "ClearLocalCostmap-Context" BtServiceNode initialized
[INFO] [1661789661.231283882] [bt_navigator_rclcpp_node]: Waiting for "local_costmap/clear_entirely_local_costmap" service
[INFO] [1661789661.231366839] [bt_navigator_rclcpp_node]: "ClearLocalCostmap-Subtree" BtServiceNode initialized
[INFO] [1661789661.231805698] [bt_navigator_rclcpp_node]: Waiting for "global_costmap/clear_entirely_global_costmap" service
[INFO] [1661789661.231858211] [bt_navigator_rclcpp_node]: "ClearGlobalCostmap-Subtree" BtServiceNode initialized
[INFO] [1661789661.234277875] [bt_navigator_rclcpp_node]: Waiting for "spin" action server
[INFO] [1661789661.234390003] [bt_navigator_rclcpp_node]: "Spin" BtActionNode initialized
[INFO] [1661789661.236637700] [bt_navigator_rclcpp_node]: Waiting for "wait" action server
[INFO] [1661789661.236743942] [bt_navigator_rclcpp_node]: "Wait" BtActionNode initialized
[INFO] [1661790131.802624838] [bt_navigator]: Activating
[INFO] [1661790136.281005698] [bt_navigator]: Begin navigating from current location to (2.05, 0.60)
[INFO] [1661790149.683813347] [rclcpp]: signal_handler(signal_value=2)
