[INFO] [1661788326.595018516] [bt_navigator]: 
	bt_navigator lifecycle node launched. 
	Waiting on external lifecycle transitions to activate
	See https://design.ros2.org/articles/node_lifecycle.html for more information.
[INFO] [1661788326.595731197] [bt_navigator]: Creating
[INFO] [1661788327.093547914] [bt_navigator]: Configuring
[INFO] [1661788327.219528368] [bt_navigator_rclcpp_node]: Waiting for "compute_path_to_pose" action server
[INFO] [1661788327.219844606] [bt_navigator_rclcpp_node]: "ComputePathToPose" BtActionNode initialized
[INFO] [1661788327.221234777] [bt_navigator_rclcpp_node]: Waiting for "global_costmap/clear_entirely_global_costmap" service
[INFO] [1661788327.221356631] [bt_navigator_rclcpp_node]: "ClearGlobalCostmap-Context" BtServiceNode initialized
[INFO] [1661788327.227010215] [bt_navigator_rclcpp_node]: Waiting for "follow_path" action server
[INFO] [1661788327.227251151] [bt_navigator_rclcpp_node]: "FollowPath" BtActionNode initialized
[INFO] [1661788327.228353293] [bt_navigator_rclcpp_node]: Waiting for "local_costmap/clear_entirely_local_costmap" service
[INFO] [1661788327.228466344] [bt_navigator_rclcpp_node]: "ClearLocalCostmap-Context" BtServiceNode initialized
[INFO] [1661788327.229679690] [bt_navigator_rclcpp_node]: Waiting for "local_costmap/clear_entirely_local_costmap" service
[INFO] [1661788327.229798252] [bt_navigator_rclcpp_node]: "ClearLocalCostmap-Subtree" BtServiceNode initialized
[INFO] [1661788327.231203386] [bt_navigator_rclcpp_node]: Waiting for "global_costmap/clear_entirely_global_costmap" service
[INFO] [1661788327.231321088] [bt_navigator_rclcpp_node]: "ClearGlobalCostmap-Subtree" BtServiceNode initialized
[INFO] [1661788327.240610437] [bt_navigator_rclcpp_node]: Waiting for "spin" action server
[INFO] [1661788327.240888191] [bt_navigator_rclcpp_node]: "Spin" BtActionNode initialized
[INFO] [1661788327.247227023] [bt_navigator_rclcpp_node]: Waiting for "wait" action server
[INFO] [1661788327.247468010] [bt_navigator_rclcpp_node]: "Wait" BtActionNode initialized
[INFO] [1661788329.393219076] [rclcpp]: signal_handler(signal_value=2)
