[INFO] [1661789570.365811470] [bt_navigator]: 
	bt_navigator lifecycle node launched. 
	Waiting on external lifecycle transitions to activate
	See https://design.ros2.org/articles/node_lifecycle.html for more information.
[INFO] [1661789570.366051682] [bt_navigator]: Creating
[INFO] [1661789570.513450919] [bt_navigator]: Configuring
[INFO] [1661789570.536242864] [bt_navigator_rclcpp_node]: Waiting for "compute_path_to_pose" action server
[INFO] [1661789570.536862936] [bt_navigator_rclcpp_node]: "ComputePathToPose" BtActionNode initialized
[INFO] [1661789570.537454574] [bt_navigator_rclcpp_node]: Waiting for "global_costmap/clear_entirely_global_costmap" service
[INFO] [1661789570.537516033] [bt_navigator_rclcpp_node]: "ClearGlobalCostmap-Context" BtServiceNode initialized
[INFO] [1661789570.539521562] [bt_navigator_rclcpp_node]: Waiting for "follow_path" action server
[INFO] [1661789570.539625400] [bt_navigator_rclcpp_node]: "FollowPath" BtActionNode initialized
[INFO] [1661789570.540201890] [bt_navigator_rclcpp_node]: Waiting for "local_costmap/clear_entirely_local_costmap" service
[INFO] [1661789570.540245324] [bt_navigator_rclcpp_node]: "ClearLocalCostmap-Context" BtServiceNode initialized
[INFO] [1661789570.540936149] [bt_navigator_rclcpp_node]: Waiting for "local_costmap/clear_entirely_local_costmap" service
[INFO] [1661789570.540982593] [bt_navigator_rclcpp_node]: "ClearLocalCostmap-Subtree" BtServiceNode initialized
[INFO] [1661789570.541457295] [bt_navigator_rclcpp_node]: Waiting for "global_costmap/clear_entirely_global_costmap" service
[INFO] [1661789570.541529858] [bt_navigator_rclcpp_node]: "ClearGlobalCostmap-Subtree" BtServiceNode initialized
[INFO] [1661789570.543820131] [bt_navigator_rclcpp_node]: Waiting for "spin" action server
[INFO] [1661789570.543909835] [bt_navigator_rclcpp_node]: "Spin" BtActionNode initialized
[INFO] [1661789570.545875757] [bt_navigator_rclcpp_node]: Waiting for "wait" action server
[INFO] [1661789570.546012486] [bt_navigator_rclcpp_node]: "Wait" BtActionNode initialized
[INFO] [1661789627.200074306] [rclcpp]: signal_handler(signal_value=2)
