[INFO] [1661789313.453004962] [controller_server]: 
	controller_server lifecycle node launched. 
	Waiting on external lifecycle transitions to activate
	See https://design.ros2.org/articles/node_lifecycle.html for more information.
[INFO] [1661789313.463416353] [controller_server]: Creating controller server
[INFO] [1661789313.499087472] [local_costmap.local_costmap]: 
	local_costmap lifecycle node launched. 
	Waiting on external lifecycle transitions to activate
	See https://design.ros2.org/articles/node_lifecycle.html for more information.
[INFO] [1661789313.500654936] [local_costmap.local_costmap]: Creating Costmap
[INFO] [1661789313.507580459] [controller_server]: Configuring controller interface
[INFO] [1661789313.507648866] [controller_server]: Controller frequency set to 20.0000Hz
[INFO] [1661789313.507668368] [local_costmap.local_costmap]: Configuring
[INFO] [1661789313.511649652] [local_costmap.local_costmap]: Using plugin "voxel_layer"
[INFO] [1661789313.516197750] [local_costmap.local_costmap]: Subscribed to Topics: scan
[INFO] [1661789313.522675573] [local_costmap.local_costmap]: Initialized plugin "voxel_layer"
[INFO] [1661789313.522709578] [local_costmap.local_costmap]: Using plugin "inflation_layer"
[INFO] [1661789313.522906505] [local_costmap.local_costmap]: Initialized plugin "inflation_layer"
[INFO] [1661789313.533714995] [controller_server]: Created progress_checker : progress_checker of type nav2_controller::SimpleProgressChecker
[INFO] [1661789313.534434226] [controller_server]: Created goal_checker : goal_checker of type nav2_controller::SimpleGoalChecker
[INFO] [1661789313.537899547] [controller_server]: Created controller : FollowPath of type dwb_core::DWBLocalPlanner
[INFO] [1661789313.538829764] [controller_server]: Setting transform_tolerance to 0.200000
[INFO] [1661789313.557269822] [controller_server]: Using critic "RotateToGoal" (dwb_critics::RotateToGoalCritic)
[INFO] [1661789313.557555742] [controller_server]: Critic plugin initialized
[INFO] [1661789313.557608052] [controller_server]: Using critic "Oscillation" (dwb_critics::OscillationCritic)
[INFO] [1661789313.557662591] [controller_server]: Critic plugin initialized
[INFO] [1661789313.557695766] [controller_server]: Using critic "BaseObstacle" (dwb_critics::BaseObstacleCritic)
[INFO] [1661789313.557723906] [controller_server]: Critic plugin initialized
[INFO] [1661789313.557757179] [controller_server]: Using critic "GoalAlign" (dwb_critics::GoalAlignCritic)
[INFO] [1661789313.557847987] [controller_server]: Critic plugin initialized
[INFO] [1661789313.557883532] [controller_server]: Using critic "PathAlign" (dwb_critics::PathAlignCritic)
[INFO] [1661789313.557950999] [controller_server]: Critic plugin initialized
[INFO] [1661789313.557982555] [controller_server]: Using critic "PathDist" (dwb_critics::PathDistCritic)
[INFO] [1661789313.558036661] [controller_server]: Critic plugin initialized
[INFO] [1661789313.558066570] [controller_server]: Using critic "GoalDist" (dwb_critics::GoalDistCritic)
[INFO] [1661789313.558121707] [controller_server]: Critic plugin initialized
[INFO] [1661789313.558134848] [controller_server]: Controller Server has FollowPath  controllers available.
[INFO] [1661789313.656029287] [controller_server]: Activating
[INFO] [1661789313.656055116] [local_costmap.local_costmap]: Activating
[INFO] [1661789313.656067434] [local_costmap.local_costmap]: Checking transform
[INFO] [1661789313.656088571] [local_costmap.local_costmap]: Timed out waiting for transform from base_link to odom to become available, tf error: Invalid frame ID "odom" passed to canTransform argument target_frame - frame does not exist
[INFO] [1661789314.156182275] [local_costmap.local_costmap]: Timed out waiting for transform from base_link to odom to become available, tf error: Invalid frame ID "odom" passed to canTransform argument target_frame - frame does not exist
[INFO] [1661789314.656205096] [local_costmap.local_costmap]: Timed out waiting for transform from base_link to odom to become available, tf error: Invalid frame ID "odom" passed to canTransform argument target_frame - frame does not exist
[INFO] [1661789315.156183237] [local_costmap.local_costmap]: Timed out waiting for transform from base_link to odom to become available, tf error: Invalid frame ID "odom" passed to canTransform argument target_frame - frame does not exist
[INFO] [1661789315.656256625] [local_costmap.local_costmap]: Timed out waiting for transform from base_link to odom to become available, tf error: Invalid frame ID "odom" passed to canTransform argument target_frame - frame does not exist
[INFO] [1661789316.156247315] [local_costmap.local_costmap]: Timed out waiting for transform from base_link to odom to become available, tf error: Invalid frame ID "odom" passed to canTransform argument target_frame - frame does not exist
[INFO] [1661789316.656231098] [local_costmap.local_costmap]: Timed out waiting for transform from base_link to odom to become available, tf error: Invalid frame ID "odom" passed to canTransform argument target_frame - frame does not exist
[INFO] [1661789317.156206643] [local_costmap.local_costmap]: Timed out waiting for transform from base_link to odom to become available, tf error: Invalid frame ID "odom" passed to canTransform argument target_frame - frame does not exist
[INFO] [1661789317.656248666] [local_costmap.local_costmap]: Timed out waiting for transform from base_link to odom to become available, tf error: Invalid frame ID "odom" passed to canTransform argument target_frame - frame does not exist
[INFO] [1661789318.156250910] [local_costmap.local_costmap]: Timed out waiting for transform from base_link to odom to become available, tf error: Invalid frame ID "odom" passed to canTransform argument target_frame - frame does not exist
[INFO] [1661789318.656281875] [local_costmap.local_costmap]: Timed out waiting for transform from base_link to odom to become available, tf error: Invalid frame ID "odom" passed to canTransform argument target_frame - frame does not exist
[INFO] [1661789319.156246543] [local_costmap.local_costmap]: Timed out waiting for transform from base_link to odom to become available, tf error: Invalid frame ID "odom" passed to canTransform argument target_frame - frame does not exist
[INFO] [1661789319.656280865] [local_costmap.local_costmap]: Timed out waiting for transform from base_link to odom to become available, tf error: Invalid frame ID "odom" passed to canTransform argument target_frame - frame does not exist
[INFO] [1661789320.156263145] [local_costmap.local_costmap]: Timed out waiting for transform from base_link to odom to become available, tf error: Invalid frame ID "odom" passed to canTransform argument target_frame - frame does not exist
[INFO] [1661789320.656159164] [local_costmap.local_costmap]: Timed out waiting for transform from base_link to odom to become available, tf error: Invalid frame ID "odom" passed to canTransform argument target_frame - frame does not exist
[INFO] [1661789321.156206422] [local_costmap.local_costmap]: Timed out waiting for transform from base_link to odom to become available, tf error: Invalid frame ID "odom" passed to canTransform argument target_frame - frame does not exist
[INFO] [1661789321.656236730] [local_costmap.local_costmap]: Timed out waiting for transform from base_link to odom to become available, tf error: Invalid frame ID "odom" passed to canTransform argument target_frame - frame does not exist
[INFO] [1661789322.156261776] [local_costmap.local_costmap]: Timed out waiting for transform from base_link to odom to become available, tf error: Invalid frame ID "odom" passed to canTransform argument target_frame - frame does not exist
[INFO] [1661789322.656261116] [local_costmap.local_costmap]: Timed out waiting for transform from base_link to odom to become available, tf error: Invalid frame ID "odom" passed to canTransform argument target_frame - frame does not exist
[INFO] [1661789323.156256711] [local_costmap.local_costmap]: Timed out waiting for transform from base_link to odom to become available, tf error: Invalid frame ID "odom" passed to canTransform argument target_frame - frame does not exist
[INFO] [1661789323.656212774] [local_costmap.local_costmap]: Timed out waiting for transform from base_link to odom to become available, tf error: Invalid frame ID "odom" passed to canTransform argument target_frame - frame does not exist
[INFO] [1661789324.156185987] [local_costmap.local_costmap]: Timed out waiting for transform from base_link to odom to become available, tf error: Invalid frame ID "odom" passed to canTransform argument target_frame - frame does not exist
[INFO] [1661789324.656306167] [local_costmap.local_costmap]: Timed out waiting for transform from base_link to odom to become available, tf error: Invalid frame ID "odom" passed to canTransform argument target_frame - frame does not exist
[INFO] [1661789325.156154431] [local_costmap.local_costmap]: Timed out waiting for transform from base_link to odom to become available, tf error: Invalid frame ID "odom" passed to canTransform argument target_frame - frame does not exist
[INFO] [1661789325.656213876] [local_costmap.local_costmap]: Timed out waiting for transform from base_link to odom to become available, tf error: Invalid frame ID "odom" passed to canTransform argument target_frame - frame does not exist
[INFO] [1661789325.786632127] [rclcpp]: signal_handler(signal_value=2)
