[INFO] [1661789337.942135864] [planner_server]: 
	planner_server lifecycle node launched. 
	Waiting on external lifecycle transitions to activate
	See https://design.ros2.org/articles/node_lifecycle.html for more information.
[INFO] [1661789337.944850608] [planner_server]: Creating
[INFO] [1661789337.985192134] [global_costmap.global_costmap]: 
	global_costmap lifecycle node launched. 
	Waiting on external lifecycle transitions to activate
	See https://design.ros2.org/articles/node_lifecycle.html for more information.
[INFO] [1661789337.986168959] [global_costmap.global_costmap]: Creating Costmap
[INFO] [1661789338.004948663] [planner_server]: Configuring
[INFO] [1661789338.004982978] [global_costmap.global_costmap]: Configuring
[INFO] [1661789338.010224869] [global_costmap.global_costmap]: Using plugin "static_layer"
[INFO] [1661789338.014585919] [global_costmap.global_costmap]: Subscribing to the map topic (/map) with transient local durability
[INFO] [1661789338.015191329] [global_costmap.global_costmap]: Initialized plugin "static_layer"
[INFO] [1661789338.015215377] [global_costmap.global_costmap]: Using plugin "obstacle_layer"
[INFO] [1661789338.015740886] [global_costmap.global_costmap]: Subscribed to Topics: scan
[INFO] [1661789338.017356389] [global_costmap.global_costmap]: Initialized plugin "obstacle_layer"
[INFO] [1661789338.017379860] [global_costmap.global_costmap]: Using plugin "inflation_layer"
[INFO] [1661789338.017854219] [global_costmap.global_costmap]: Initialized plugin "inflation_layer"
[INFO] [1661789338.024806631] [planner_server]: Created global planner plugin GridBased of type nav2_navfn_planner/NavfnPlanner
[INFO] [1661789338.024843045] [planner_server]: Configuring plugin GridBased of type NavfnPlanner
[INFO] [1661789338.030000371] [planner_server]: Planner Server has GridBased  planners available.
[INFO] [1661789338.081484195] [global_costmap.global_costmap]: StaticLayer: Resizing costmap to 384 X 384 at 0.050000 m/pix
[INFO] [1661789357.582868465] [rclcpp]: signal_handler(signal_value=2)
