[INFO] [1661628458.323653298] [planner_server]: 
	planner_server lifecycle node launched. 
	Waiting on external lifecycle transitions to activate
	See https://design.ros2.org/articles/node_lifecycle.html for more information.
[INFO] [1661628458.325609896] [planner_server]: Creating
[INFO] [1661628458.353806908] [global_costmap.global_costmap]: 
	global_costmap lifecycle node launched. 
	Waiting on external lifecycle transitions to activate
	See https://design.ros2.org/articles/node_lifecycle.html for more information.
[INFO] [1661628458.354188037] [global_costmap.global_costmap]: Creating Costmap
[INFO] [1661628458.381052332] [planner_server]: Configuring
[INFO] [1661628458.381072248] [global_costmap.global_costmap]: Configuring
[INFO] [1661628458.384478852] [global_costmap.global_costmap]: Using plugin "static_layer"
[INFO] [1661628458.386791295] [global_costmap.global_costmap]: Subscribing to the map topic (/map) with transient local durability
[INFO] [1661628458.387307109] [global_costmap.global_costmap]: Initialized plugin "static_layer"
[INFO] [1661628458.387326836] [global_costmap.global_costmap]: Using plugin "obstacle_layer"
[INFO] [1661628458.387388918] [global_costmap.global_costmap]: Subscribed to Topics: scan
[INFO] [1661628458.388385722] [global_costmap.global_costmap]: Initialized plugin "obstacle_layer"
[INFO] [1661628458.388412893] [global_costmap.global_costmap]: Using plugin "inflation_layer"
[INFO] [1661628458.388614836] [global_costmap.global_costmap]: Initialized plugin "inflation_layer"
[INFO] [1661628458.393819353] [planner_server]: Created global planner plugin GridBased of type nav2_navfn_planner/NavfnPlanner
[INFO] [1661628458.393849961] [planner_server]: Configuring plugin GridBased of type NavfnPlanner
[INFO] [1661628458.397703430] [global_costmap.global_costmap]: StaticLayer: Resizing costmap to 384 X 384 at 0.050000 m/pix
[INFO] [1661628458.398084568] [planner_server]: Planner Server has GridBased  planners available.
[INFO] [1661628648.064406490] [rclcpp]: signal_handler(signal_value=2)
