[INFO] [1661789570.345278803] [planner_server]: 
	planner_server lifecycle node launched. 
	Waiting on external lifecycle transitions to activate
	See https://design.ros2.org/articles/node_lifecycle.html for more information.
[INFO] [1661789570.347613907] [planner_server]: Creating
[INFO] [1661789570.395996560] [global_costmap.global_costmap]: 
	global_costmap lifecycle node launched. 
	Waiting on external lifecycle transitions to activate
	See https://design.ros2.org/articles/node_lifecycle.html for more information.
[INFO] [1661789570.397011672] [global_costmap.global_costmap]: Creating Costmap
[INFO] [1661789570.475795497] [planner_server]: Configuring
[INFO] [1661789570.475819548] [global_costmap.global_costmap]: Configuring
[INFO] [1661789570.478299625] [global_costmap.global_costmap]: Using plugin "static_layer"
[INFO] [1661789570.481749424] [global_costmap.global_costmap]: Subscribing to the map topic (/map) with transient local durability
[INFO] [1661789570.482546146] [global_costmap.global_costmap]: Initialized plugin "static_layer"
[INFO] [1661789570.482575129] [global_costmap.global_costmap]: Using plugin "obstacle_layer"
[INFO] [1661789570.482804516] [global_costmap.global_costmap]: Subscribed to Topics: scan
[INFO] [1661789570.485454317] [global_costmap.global_costmap]: Initialized plugin "obstacle_layer"
[INFO] [1661789570.485484956] [global_costmap.global_costmap]: Using plugin "inflation_layer"
[INFO] [1661789570.486511309] [global_costmap.global_costmap]: Initialized plugin "inflation_layer"
[INFO] [1661789570.492164646] [planner_server]: Created global planner plugin GridBased of type nav2_navfn_planner/NavfnPlanner
[INFO] [1661789570.492199991] [planner_server]: Configuring plugin GridBased of type NavfnPlanner
[INFO] [1661789570.495580717] [global_costmap.global_costmap]: StaticLayer: Resizing costmap to 384 X 384 at 0.050000 m/pix
[INFO] [1661789570.496866154] [planner_server]: Planner Server has GridBased  planners available.
[INFO] [1661789627.200101979] [rclcpp]: signal_handler(signal_value=2)
