[INFO] [1661790798.326421735] [recoveries_server]: 
	recoveries_server lifecycle node launched. 
	Waiting on external lifecycle transitions to activate
	See https://design.ros2.org/articles/node_lifecycle.html for more information.
[INFO] [1661790798.553946297] [recoveries_server]: Configuring
[INFO] [1661790798.557814966] [recoveries_server]: Creating recovery plugin spin of type nav2_recoveries/Spin
[INFO] [1661790798.558909384] [recoveries_server]: Configuring spin
[INFO] [1661790798.562202516] [recoveries_server]: Creating recovery plugin back_up of type nav2_recoveries/BackUp
[INFO] [1661790798.563258600] [recoveries_server]: Configuring back_up
[INFO] [1661790798.567644089] [recoveries_server]: Creating recovery plugin wait of type nav2_recoveries/Wait
[INFO] [1661790798.568921991] [recoveries_server]: Configuring wait
[INFO] [1661790812.677973447] [recoveries_server]: Activating
[INFO] [1661790812.678011435] [recoveries_server]: Activating spin
[INFO] [1661790812.678024557] [recoveries_server]: Activating back_up
[INFO] [1661790812.678034530] [recoveries_server]: Activating wait
[INFO] [1661791040.307969848] [recoveries_server]: Attempting spin
[INFO] [1661791040.308081403] [recoveries_server]: Turning 1.57 for spin recovery.
[INFO] [1661791041.308320260] [recoveries_server]: spin running...
[INFO] [1661791042.008324918] [recoveries_server]: spin completed successfully
[INFO] [1661791042.037343537] [recoveries_server]: Attempting wait
[INFO] [1661791043.037600761] [recoveries_server]: wait running...
[INFO] [1661791044.037742698] [recoveries_server]: wait running...
[INFO] [1661791045.037870251] [recoveries_server]: wait running...
[INFO] [1661791046.038008046] [recoveries_server]: wait running...
[INFO] [1661791047.037489842] [recoveries_server]: wait completed successfully
[INFO] [1661791057.108071545] [recoveries_server]: Attempting spin
[INFO] [1661791057.108118227] [recoveries_server]: Turning 1.57 for spin recovery.
[INFO] [1661791058.108331210] [recoveries_server]: spin running...
[INFO] [1661791058.908256127] [recoveries_server]: spin completed successfully
[INFO] [1661791058.937260830] [recoveries_server]: Attempting wait
[INFO] [1661791059.937477077] [recoveries_server]: wait running...
[INFO] [1661791060.937619760] [recoveries_server]: wait running...
[INFO] [1661791061.937700828] [recoveries_server]: wait running...
[INFO] [1661791062.937857419] [recoveries_server]: wait running...
[INFO] [1661791063.937377650] [recoveries_server]: wait completed successfully
[INFO] [1661791074.007975355] [recoveries_server]: Attempting spin
[INFO] [1661791074.008030723] [recoveries_server]: Turning 1.57 for spin recovery.
[INFO] [1661791075.008202957] [recoveries_server]: spin running...
[INFO] [1661791075.808217188] [recoveries_server]: spin completed successfully
[INFO] [1661791075.837281323] [recoveries_server]: Attempting wait
[INFO] [1661791076.837525317] [recoveries_server]: wait running...
[INFO] [1661791077.837665394] [recoveries_server]: wait running...
[INFO] [1661791078.837735119] [recoveries_server]: wait running...
[INFO] [1661791079.837839024] [recoveries_server]: wait running...
[INFO] [1661791080.837450815] [recoveries_server]: wait completed successfully
[INFO] [1661791090.958015312] [recoveries_server]: Attempting spin
[INFO] [1661791090.958098225] [recoveries_server]: Turning 1.57 for spin recovery.
[INFO] [1661791091.958338226] [recoveries_server]: spin running...
[INFO] [1661791092.758250231] [recoveries_server]: spin completed successfully
[INFO] [1661791092.787273429] [recoveries_server]: Attempting wait
[INFO] [1661791093.787467809] [recoveries_server]: wait running...
[INFO] [1661791094.787610107] [recoveries_server]: wait running...
[INFO] [1661791095.787678735] [recoveries_server]: wait running...
[INFO] [1661791096.787813727] [recoveries_server]: wait running...
[INFO] [1661791097.787396179] [recoveries_server]: wait completed successfully
[INFO] [1661791098.164606134] [rclcpp]: signal_handler(signal_value=2)
