[INFO] [1664361637.230974732] [rviz2]: Stereo is NOT SUPPORTED
[INFO] [1664361637.231123489] [rviz2]: OpenGl version: 4.6 (GLSL 4.6)
[INFO] [1664361637.257628956] [rviz2]: Stereo is NOT SUPPORTED
[WARN] [1664361637.368161379] [rcl.logging_rosout]: Publisher already registered for provided node name. If this is due to multiple nodes with the same name then all logs for that logger name will go out over the existing publisher. As soon as any node with that name is destructed it will unregister the publisher, preventing any further logs for that name from being published on the rosout topic.
[WARN] [1664361637.373619112] [rcl.logging_rosout]: Publisher already registered for provided node name. If this is due to multiple nodes with the same name then all logs for that logger name will go out over the existing publisher. As soon as any node with that name is destructed it will unregister the publisher, preventing any further logs for that name from being published on the rosout topic.
[WARN] [1664361637.379447491] [rcl.logging_rosout]: Publisher already registered for provided node name. If this is due to multiple nodes with the same name then all logs for that logger name will go out over the existing publisher. As soon as any node with that name is destructed it will unregister the publisher, preventing any further logs for that name from being published on the rosout topic.
[INFO] [1664361637.395115531] [rviz2]: Waiting for the lifecycle_manager_navigation/is_active service...
[INFO] [1664361637.395248794] [rviz2]: Sending lifecycle_manager_navigation/is_active request
[INFO] [1664361637.395589130] [rviz2]: Trying to create a map of size 384 x 384 using 1 swatches
[INFO] [1664361638.395416471] [rviz2]: Waiting for the lifecycle_manager_navigation/is_active service...
[INFO] [1664361638.395624489] [rviz2]: Sending lifecycle_manager_navigation/is_active request
[INFO] [1664361639.395925739] [rviz2]: Waiting for the lifecycle_manager_navigation/is_active service...
[INFO] [1664361639.396071746] [rviz2]: Sending lifecycle_manager_navigation/is_active request
[INFO] [1664361640.396349642] [rviz2]: Waiting for the lifecycle_manager_navigation/is_active service...
[INFO] [1664361640.396612530] [rviz2]: Sending lifecycle_manager_navigation/is_active request
[INFO] [1664361641.396843389] [rviz2]: Waiting for the lifecycle_manager_navigation/is_active service...
[INFO] [1664361641.397021707] [rviz2]: Sending lifecycle_manager_navigation/is_active request
[INFO] [1664361642.397388155] [rviz2]: Waiting for the lifecycle_manager_navigation/is_active service...
[INFO] [1664361642.397493211] [rviz2]: Sending lifecycle_manager_navigation/is_active request
[INFO] [1664361643.397696748] [rviz2]: Waiting for the lifecycle_manager_navigation/is_active service...
[INFO] [1664361643.397874858] [rviz2]: Sending lifecycle_manager_navigation/is_active request
[INFO] [1664361644.398151340] [rviz2]: Waiting for the lifecycle_manager_navigation/is_active service...
[INFO] [1664361644.398297150] [rviz2]: Sending lifecycle_manager_navigation/is_active request
[INFO] [1664361645.398549811] [rviz2]: Waiting for the lifecycle_manager_navigation/is_active service...
[INFO] [1664361645.398804105] [rviz2]: Sending lifecycle_manager_navigation/is_active request
[INFO] [1664361646.399147440] [rviz2]: Waiting for the lifecycle_manager_navigation/is_active service...
[INFO] [1664361646.399411461] [rviz2]: Sending lifecycle_manager_navigation/is_active request
[INFO] [1664361647.399671379] [rviz2]: Waiting for the lifecycle_manager_navigation/is_active service...
[INFO] [1664361647.399841743] [rviz2]: Sending lifecycle_manager_navigation/is_active request
[INFO] [1664361648.400114768] [rviz2]: Waiting for the lifecycle_manager_navigation/is_active service...
[INFO] [1664361648.400310621] [rviz2]: Sending lifecycle_manager_navigation/is_active request
[INFO] [1664361649.400524633] [rviz2]: Waiting for the lifecycle_manager_navigation/is_active service...
[INFO] [1664361649.400692106] [rviz2]: Sending lifecycle_manager_navigation/is_active request
[INFO] [1664361650.400904915] [rviz2]: Waiting for the lifecycle_manager_navigation/is_active service...
[INFO] [1664361650.401163373] [rviz2]: Sending lifecycle_manager_navigation/is_active request
[INFO] [1664361651.401470923] [rviz2]: Waiting for the lifecycle_manager_navigation/is_active service...
[INFO] [1664361651.401735627] [rviz2]: Sending lifecycle_manager_navigation/is_active request
[INFO] [1664361652.401994784] [rviz2]: Waiting for the lifecycle_manager_navigation/is_active service...
[INFO] [1664361652.402168133] [rviz2]: Sending lifecycle_manager_navigation/is_active request
[INFO] [1664361653.402527629] [rviz2]: Waiting for the lifecycle_manager_navigation/is_active service...
[INFO] [1664361653.402627728] [rviz2]: Sending lifecycle_manager_navigation/is_active request
[INFO] [1664361654.402851985] [rviz2]: Waiting for the lifecycle_manager_navigation/is_active service...
[INFO] [1664361654.403064275] [rviz2]: Sending lifecycle_manager_navigation/is_active request
[INFO] [1664361655.403455585] [rviz2]: Waiting for the lifecycle_manager_navigation/is_active service...
[INFO] [1664361655.403630087] [rviz2]: Sending lifecycle_manager_navigation/is_active request
[INFO] [1664361656.403869364] [rviz2]: Waiting for the lifecycle_manager_navigation/is_active service...
[INFO] [1664361656.403992924] [rviz2]: Sending lifecycle_manager_navigation/is_active request
[INFO] [1664361657.404230911] [rviz2]: Waiting for the lifecycle_manager_navigation/is_active service...
[INFO] [1664361657.404337212] [rviz2]: Sending lifecycle_manager_navigation/is_active request
[INFO] [1664361658.404541609] [rviz2]: Waiting for the lifecycle_manager_navigation/is_active service...
[INFO] [1664361658.404745613] [rviz2]: Sending lifecycle_manager_navigation/is_active request
[INFO] [1664361659.405002629] [rviz2]: Waiting for the lifecycle_manager_navigation/is_active service...
[INFO] [1664361659.405207198] [rviz2]: Sending lifecycle_manager_navigation/is_active request
[INFO] [1664361660.405503826] [rviz2]: Waiting for the lifecycle_manager_navigation/is_active service...
[INFO] [1664361660.405682010] [rviz2]: Sending lifecycle_manager_navigation/is_active request
[INFO] [1664361661.405978686] [rviz2]: Waiting for the lifecycle_manager_navigation/is_active service...
[INFO] [1664361661.406171130] [rviz2]: Sending lifecycle_manager_navigation/is_active request
[INFO] [1664361661.839793618] [rviz2]: Setting estimate pose: Frame:map, Position(-2.16561, -0.563478, 0), Orientation(0, 0, 0.0827175, 0.996573) = Angle: 0.165624
[INFO] [1664361662.406354989] [rviz2]: Waiting for the lifecycle_manager_navigation/is_active service...
[INFO] [1664361662.406596037] [rviz2]: Sending lifecycle_manager_navigation/is_active request
[INFO] [1664361663.406906195] [rviz2]: Waiting for the lifecycle_manager_navigation/is_active service...
[INFO] [1664361663.407056011] [rviz2]: Sending lifecycle_manager_navigation/is_active request
[INFO] [1664361664.407342632] [rviz2]: Waiting for the lifecycle_manager_navigation/is_active service...
[INFO] [1664361664.407626686] [rviz2]: Sending lifecycle_manager_navigation/is_active request
[INFO] [1664361665.407998921] [rviz2]: Waiting for the lifecycle_manager_navigation/is_active service...
[INFO] [1664361665.408196690] [rviz2]: Sending lifecycle_manager_navigation/is_active request
[INFO] [1664361666.408418510] [rviz2]: Waiting for the lifecycle_manager_navigation/is_active service...
[INFO] [1664361666.408621654] [rviz2]: Sending lifecycle_manager_navigation/is_active request
[INFO] [1664361667.408837239] [rviz2]: Waiting for the lifecycle_manager_navigation/is_active service...
[INFO] [1664361667.409001731] [rviz2]: Sending lifecycle_manager_navigation/is_active request
[INFO] [1664361668.409367534] [rviz2]: Waiting for the lifecycle_manager_navigation/is_active service...
[INFO] [1664361668.409530832] [rviz2]: Sending lifecycle_manager_navigation/is_active request
[INFO] [1664361669.409770347] [rviz2]: Waiting for the lifecycle_manager_navigation/is_active service...
[INFO] [1664361669.409940940] [rviz2]: Sending lifecycle_manager_navigation/is_active request
[INFO] [1664361670.410240316] [rviz2]: Waiting for the lifecycle_manager_navigation/is_active service...
[INFO] [1664361670.410447652] [rviz2]: Sending lifecycle_manager_navigation/is_active request
[INFO] [1664361671.410821625] [rviz2]: Waiting for the lifecycle_manager_navigation/is_active service...
[INFO] [1664361671.410934465] [rviz2]: Sending lifecycle_manager_navigation/is_active request
[INFO] [1664361672.411143287] [rviz2]: Waiting for the lifecycle_manager_navigation/is_active service...
[INFO] [1664361672.411299209] [rviz2]: Sending lifecycle_manager_navigation/is_active request
[INFO] [1664361673.411551941] [rviz2]: Waiting for the lifecycle_manager_navigation/is_active service...
[INFO] [1664361673.411817045] [rviz2]: Sending lifecycle_manager_navigation/is_active request
[INFO] [1664361673.954118861] [rclcpp]: signal_handler(signal_value=2)
