[INFO] [1664361573.808703590] [rviz2]: Stereo is NOT SUPPORTED
[INFO] [1664361573.808858824] [rviz2]: OpenGl version: 4.6 (GLSL 4.6)
[INFO] [1664361573.840294374] [rviz2]: Stereo is NOT SUPPORTED
[WARN] [1664361573.967327569] [rcl.logging_rosout]: Publisher already registered for provided node name. If this is due to multiple nodes with the same name then all logs for that logger name will go out over the existing publisher. As soon as any node with that name is destructed it will unregister the publisher, preventing any further logs for that name from being published on the rosout topic.
[WARN] [1664361573.973452292] [rcl.logging_rosout]: Publisher already registered for provided node name. If this is due to multiple nodes with the same name then all logs for that logger name will go out over the existing publisher. As soon as any node with that name is destructed it will unregister the publisher, preventing any further logs for that name from being published on the rosout topic.
[WARN] [1664361573.979877314] [rcl.logging_rosout]: Publisher already registered for provided node name. If this is due to multiple nodes with the same name then all logs for that logger name will go out over the existing publisher. As soon as any node with that name is destructed it will unregister the publisher, preventing any further logs for that name from being published on the rosout topic.
[INFO] [1664361573.995636768] [rviz2]: Waiting for the lifecycle_manager_navigation/is_active service...
[INFO] [1664361573.995780438] [rviz2]: Sending lifecycle_manager_navigation/is_active request
[INFO] [1664361573.996189657] [rviz2]: Trying to create a map of size 384 x 384 using 1 swatches
[INFO] [1664361574.996072934] [rviz2]: Waiting for the lifecycle_manager_navigation/is_active service...
[INFO] [1664361574.996370567] [rviz2]: Sending lifecycle_manager_navigation/is_active request
[INFO] [1664361575.996694839] [rviz2]: Waiting for the lifecycle_manager_navigation/is_active service...
[INFO] [1664361575.996978977] [rviz2]: Sending lifecycle_manager_navigation/is_active request
[INFO] [1664361576.118664117] [rviz2]: Message Filter dropping message: frame 'base_scan' at time 620.401 for reason 'Unknown'
[INFO] [1664361576.118799645] [rviz2]: Message Filter dropping message: frame 'odom' at time 1664361574.088 for reason 'Unknown'
[INFO] [1664361576.311379610] [rviz2]: Message Filter dropping message: frame 'base_scan' at time 620.602 for reason 'Unknown'
[INFO] [1664361576.311539094] [rviz2]: Message Filter dropping message: frame 'odom' at time 1664361574.289 for reason 'Unknown'
[INFO] [1664361576.503312852] [rviz2]: Message Filter dropping message: frame 'base_scan' at time 620.802 for reason 'Unknown'
[INFO] [1664361576.503374802] [rviz2]: Message Filter dropping message: frame 'odom' at time 1664361574.489 for reason 'Unknown'
[INFO] [1664361576.694883811] [rviz2]: Message Filter dropping message: frame 'odom' at time 1664361574.689 for reason 'Unknown'
[INFO] [1664361576.727066577] [rviz2]: Message Filter dropping message: frame 'base_scan' at time 621.002 for reason 'Unknown'
[INFO] [1664361576.919423832] [rviz2]: Message Filter dropping message: frame 'base_scan' at time 621.201 for reason 'Unknown'
[INFO] [1664361576.919606010] [rviz2]: Message Filter dropping message: frame 'odom' at time 1664361574.889 for reason 'Unknown'
[INFO] [1664361576.997288240] [rviz2]: Waiting for the lifecycle_manager_navigation/is_active service...
[INFO] [1664361576.997568053] [rviz2]: Sending lifecycle_manager_navigation/is_active request
[INFO] [1664361577.110759432] [rviz2]: Message Filter dropping message: frame 'base_scan' at time 621.402 for reason 'Unknown'
[INFO] [1664361577.110872667] [rviz2]: Message Filter dropping message: frame 'odom' at time 1664361575.089 for reason 'Unknown'
[INFO] [1664361577.303017607] [rviz2]: Message Filter dropping message: frame 'base_scan' at time 621.602 for reason 'Unknown'
[INFO] [1664361577.303138456] [rviz2]: Message Filter dropping message: frame 'odom' at time 1664361575.289 for reason 'Unknown'
[INFO] [1664361577.495322482] [rviz2]: Message Filter dropping message: frame 'odom' at time 1664361575.489 for reason 'Unknown'
[INFO] [1664361577.526933197] [rviz2]: Message Filter dropping message: frame 'base_scan' at time 621.802 for reason 'Unknown'
[INFO] [1664361577.718954951] [rviz2]: Message Filter dropping message: frame 'base_scan' at time 622.002 for reason 'Unknown'
[INFO] [1664361577.719081009] [rviz2]: Message Filter dropping message: frame 'odom' at time 1664361575.689 for reason 'Unknown'
[INFO] [1664361577.910881957] [rviz2]: Message Filter dropping message: frame 'base_scan' at time 622.202 for reason 'Unknown'
[INFO] [1664361577.910998195] [rviz2]: Message Filter dropping message: frame 'odom' at time 1664361575.889 for reason 'Unknown'
[INFO] [1664361577.997843164] [rviz2]: Waiting for the lifecycle_manager_navigation/is_active service...
[INFO] [1664361577.998012747] [rviz2]: Sending lifecycle_manager_navigation/is_active request
[INFO] [1664361578.103491643] [rviz2]: Message Filter dropping message: frame 'odom' at time 1664361576.089 for reason 'Unknown'
[INFO] [1664361578.135148908] [rviz2]: Message Filter dropping message: frame 'base_scan' at time 622.402 for reason 'Unknown'
[INFO] [1664361578.294635250] [rviz2]: Message Filter dropping message: frame 'odom' at time 1664361576.289 for reason 'Unknown'
[INFO] [1664361578.326936356] [rviz2]: Message Filter dropping message: frame 'base_scan' at time 622.602 for reason 'Unknown'
[INFO] [1664361578.519513564] [rviz2]: Message Filter dropping message: frame 'base_scan' at time 622.802 for reason 'Unknown'
[INFO] [1664361578.519583050] [rviz2]: Message Filter dropping message: frame 'odom' at time 1664361576.489 for reason 'Unknown'
[INFO] [1664361578.711298662] [rviz2]: Message Filter dropping message: frame 'base_scan' at time 623.002 for reason 'Unknown'
[INFO] [1664361578.711375031] [rviz2]: Message Filter dropping message: frame 'odom' at time 1664361576.689 for reason 'Unknown'
[INFO] [1664361578.903480903] [rviz2]: Message Filter dropping message: frame 'odom' at time 1664361576.889 for reason 'Unknown'
[INFO] [1664361578.935147927] [rviz2]: Message Filter dropping message: frame 'base_scan' at time 623.202 for reason 'Unknown'
[INFO] [1664361578.998253690] [rviz2]: Waiting for the lifecycle_manager_navigation/is_active service...
[INFO] [1664361578.998424125] [rviz2]: Sending lifecycle_manager_navigation/is_active request
[INFO] [1664361579.095066514] [rviz2]: Message Filter dropping message: frame 'odom' at time 1664361577.089 for reason 'Unknown'
[INFO] [1664361579.127052629] [rviz2]: Message Filter dropping message: frame 'base_scan' at time 623.402 for reason 'Unknown'
[INFO] [1664361579.318746583] [rviz2]: Message Filter dropping message: frame 'base_scan' at time 623.602 for reason 'Unknown'
[INFO] [1664361579.318879915] [rviz2]: Message Filter dropping message: frame 'odom' at time 1664361577.289 for reason 'Unknown'
[INFO] [1664361579.510669864] [rviz2]: Message Filter dropping message: frame 'base_scan' at time 623.802 for reason 'Unknown'
[INFO] [1664361579.510732591] [rviz2]: Message Filter dropping message: frame 'odom' at time 1664361577.489 for reason 'Unknown'
[INFO] [1664361579.703015285] [rviz2]: Message Filter dropping message: frame 'odom' at time 1664361577.690 for reason 'Unknown'
[INFO] [1664361579.734966958] [rviz2]: Message Filter dropping message: frame 'base_scan' at time 624.002 for reason 'Unknown'
[INFO] [1664361579.894889597] [rviz2]: Message Filter dropping message: frame 'odom' at time 1664361577.889 for reason 'Unknown'
[INFO] [1664361579.926674955] [rviz2]: Message Filter dropping message: frame 'base_scan' at time 624.202 for reason 'Unknown'
[INFO] [1664361579.998653968] [rviz2]: Waiting for the lifecycle_manager_navigation/is_active service...
[INFO] [1664361579.998767510] [rviz2]: Sending lifecycle_manager_navigation/is_active request
[INFO] [1664361580.119478375] [rviz2]: Message Filter dropping message: frame 'base_scan' at time 624.401 for reason 'Unknown'
[INFO] [1664361580.119553381] [rviz2]: Message Filter dropping message: frame 'odom' at time 1664361578.089 for reason 'Unknown'
[INFO] [1664361580.311128378] [rviz2]: Message Filter dropping message: frame 'base_scan' at time 624.601 for reason 'Unknown'
[INFO] [1664361580.311196813] [rviz2]: Message Filter dropping message: frame 'odom' at time 1664361578.289 for reason 'Unknown'
[INFO] [1664361580.502821827] [rviz2]: Message Filter dropping message: frame 'odom' at time 0.000 for reason 'Unknown'
[INFO] [1664361580.502894163] [rviz2]: Message Filter dropping message: frame 'odom' at time 1664361578.489 for reason 'Unknown'
[INFO] [1664361580.534559737] [rviz2]: Message Filter dropping message: frame 'base_scan' at time 624.801 for reason 'Unknown'
[INFO] [1664361580.694600298] [rviz2]: Message Filter dropping message: frame 'odom' at time 1664361578.689 for reason 'Unknown'
[INFO] [1664361580.727171032] [rviz2]: Message Filter dropping message: frame 'base_scan' at time 625.001 for reason 'Unknown'
[INFO] [1664361580.918551013] [rviz2]: Message Filter dropping message: frame 'base_scan' at time 625.201 for reason 'Unknown'
[INFO] [1664361580.918609123] [rviz2]: Message Filter dropping message: frame 'odom' at time 1664361578.889 for reason 'Unknown'
[INFO] [1664361580.998939878] [rviz2]: Waiting for the lifecycle_manager_navigation/is_active service...
[INFO] [1664361580.999050914] [rviz2]: Sending lifecycle_manager_navigation/is_active request
[INFO] [1664361581.111122309] [rviz2]: Message Filter dropping message: frame 'base_scan' at time 625.402 for reason 'Unknown'
[INFO] [1664361581.111175970] [rviz2]: Message Filter dropping message: frame 'odom' at time 0.000 for reason 'Unknown'
[INFO] [1664361581.111200092] [rviz2]: Message Filter dropping message: frame 'odom' at time 1664361579.089 for reason 'Unknown'
[INFO] [1664361581.303174457] [rviz2]: Message Filter dropping message: frame 'odom' at time 1664361579.289 for reason 'Unknown'
[INFO] [1664361581.335181627] [rviz2]: Message Filter dropping message: frame 'base_scan' at time 625.602 for reason 'Unknown'
[INFO] [1664361581.495404931] [rviz2]: Message Filter dropping message: frame 'odom' at time 1664361579.489 for reason 'Unknown'
[INFO] [1664361581.527015397] [rviz2]: Message Filter dropping message: frame 'base_scan' at time 625.801 for reason 'Unknown'
[INFO] [1664361581.718639253] [rviz2]: Message Filter dropping message: frame 'base_scan' at time 626.001 for reason 'Unknown'
[INFO] [1664361581.718715117] [rviz2]: Message Filter dropping message: frame 'odom' at time 0.000 for reason 'Unknown'
[INFO] [1664361581.718752043] [rviz2]: Message Filter dropping message: frame 'odom' at time 1664361579.689 for reason 'Unknown'
[INFO] [1664361581.911491704] [rviz2]: Message Filter dropping message: frame 'base_scan' at time 626.201 for reason 'Unknown'
[INFO] [1664361581.911621604] [rviz2]: Message Filter dropping message: frame 'odom' at time 1664361579.889 for reason 'Unknown'
[INFO] [1664361581.999245365] [rviz2]: Waiting for the lifecycle_manager_navigation/is_active service...
[INFO] [1664361581.999359920] [rviz2]: Sending lifecycle_manager_navigation/is_active request
[INFO] [1664361582.103194536] [rviz2]: Message Filter dropping message: frame 'odom' at time 1664361580.089 for reason 'Unknown'
[INFO] [1664361582.134945365] [rviz2]: Message Filter dropping message: frame 'base_scan' at time 626.401 for reason 'Unknown'
[INFO] [1664361582.295440761] [rviz2]: Message Filter dropping message: frame 'odom' at time 0.000 for reason 'Unknown'
[INFO] [1664361582.295638394] [rviz2]: Message Filter dropping message: frame 'odom' at time 1664361580.289 for reason 'Unknown'
[INFO] [1664361582.326559442] [rviz2]: Message Filter dropping message: frame 'base_scan' at time 626.601 for reason 'Unknown'
[INFO] [1664361582.519143269] [rviz2]: Message Filter dropping message: frame 'base_scan' at time 626.801 for reason 'Unknown'
[INFO] [1664361582.519212454] [rviz2]: Message Filter dropping message: frame 'odom' at time 1664361580.489 for reason 'Unknown'
[INFO] [1664361582.710824183] [rviz2]: Message Filter dropping message: frame 'base_scan' at time 627.002 for reason 'Unknown'
[INFO] [1664361582.710954124] [rviz2]: Message Filter dropping message: frame 'odom' at time 1664361580.689 for reason 'Unknown'
[INFO] [1664361582.902938273] [rviz2]: Message Filter dropping message: frame 'odom' at time 0.000 for reason 'Unknown'
[INFO] [1664361582.903038607] [rviz2]: Message Filter dropping message: frame 'odom' at time 1664361580.889 for reason 'Unknown'
[INFO] [1664361582.935103226] [rviz2]: Message Filter dropping message: frame 'base_scan' at time 627.201 for reason 'Unknown'
[INFO] [1664361582.999574686] [rviz2]: Waiting for the lifecycle_manager_navigation/is_active service...
[INFO] [1664361582.999728690] [rviz2]: Sending lifecycle_manager_navigation/is_active request
[INFO] [1664361583.095402246] [rviz2]: Message Filter dropping message: frame 'odom' at time 1664361581.089 for reason 'Unknown'
[INFO] [1664361583.126926386] [rviz2]: Message Filter dropping message: frame 'base_scan' at time 627.401 for reason 'Unknown'
[INFO] [1664361583.318950657] [rviz2]: Message Filter dropping message: frame 'base_scan' at time 627.602 for reason 'Unknown'
[INFO] [1664361583.319123087] [rviz2]: Message Filter dropping message: frame 'odom' at time 1664361581.289 for reason 'Unknown'
[INFO] [1664361583.511203454] [rviz2]: Message Filter dropping message: frame 'odom' at time 0.000 for reason 'Unknown'
[INFO] [1664361583.511282913] [rviz2]: Message Filter dropping message: frame 'odom' at time 1664361581.489 for reason 'Unknown'
[INFO] [1664361583.542958874] [rviz2]: Message Filter dropping message: frame 'base_scan' at time 627.801 for reason 'Unknown'
[INFO] [1664361583.702594127] [rviz2]: Message Filter dropping message: frame 'odom' at time 1664361581.689 for reason 'Unknown'
[INFO] [1664361583.735598799] [rviz2]: Message Filter dropping message: frame 'base_scan' at time 628.001 for reason 'Unknown'
[INFO] [1664361583.894748891] [rviz2]: Message Filter dropping message: frame 'odom' at time 1664361581.889 for reason 'Unknown'
[INFO] [1664361583.927018647] [rviz2]: Message Filter dropping message: frame 'base_scan' at time 628.202 for reason 'Unknown'
[INFO] [1664361584.000052195] [rviz2]: Waiting for the lifecycle_manager_navigation/is_active service...
[INFO] [1664361584.000237324] [rviz2]: Sending lifecycle_manager_navigation/is_active request
[INFO] [1664361584.119054753] [rviz2]: Message Filter dropping message: frame 'odom' at time 0.000 for reason 'Unknown'
[INFO] [1664361584.119173212] [rviz2]: Message Filter dropping message: frame 'odom' at time 1664361582.089 for reason 'Unknown'
[INFO] [1664361584.151424074] [rviz2]: Message Filter dropping message: frame 'base_scan' at time 628.401 for reason 'Unknown'
[INFO] [1664361584.310820413] [rviz2]: Message Filter dropping message: frame 'odom' at time 1664361582.289 for reason 'Unknown'
[INFO] [1664361584.343496916] [rviz2]: Message Filter dropping message: frame 'base_scan' at time 628.601 for reason 'Unknown'
[INFO] [1664361584.503338251] [rviz2]: Message Filter dropping message: frame 'odom' at time 1664361582.489 for reason 'Unknown'
[INFO] [1664361584.535183619] [rviz2]: Message Filter dropping message: frame 'base_scan' at time 628.801 for reason 'Unknown'
[INFO] [1664361584.694770196] [rviz2]: Message Filter dropping message: frame 'odom' at time 0.000 for reason 'Unknown'
[INFO] [1664361584.694959312] [rviz2]: Message Filter dropping message: frame 'odom' at time 1664361582.689 for reason 'Unknown'
[INFO] [1664361584.726910485] [rviz2]: Message Filter dropping message: frame 'base_scan' at time 629.001 for reason 'Unknown'
[INFO] [1664361584.918826406] [rviz2]: Message Filter dropping message: frame 'odom' at time 1664361582.889 for reason 'Unknown'
[INFO] [1664361584.951274491] [rviz2]: Message Filter dropping message: frame 'base_scan' at time 629.202 for reason 'Unknown'
[INFO] [1664361585.000456390] [rviz2]: Waiting for the lifecycle_manager_navigation/is_active service...
[INFO] [1664361585.000651455] [rviz2]: Sending lifecycle_manager_navigation/is_active request
[INFO] [1664361585.110910064] [rviz2]: Message Filter dropping message: frame 'odom' at time 1664361583.089 for reason 'Unknown'
[INFO] [1664361585.143574497] [rviz2]: Message Filter dropping message: frame 'base_scan' at time 629.401 for reason 'Unknown'
[INFO] [1664361585.303317157] [rviz2]: Message Filter dropping message: frame 'odom' at time 0.000 for reason 'Unknown'
[INFO] [1664361585.303380709] [rviz2]: Message Filter dropping message: frame 'odom' at time 1664361583.289 for reason 'Unknown'
[INFO] [1664361585.334902796] [rviz2]: Message Filter dropping message: frame 'base_scan' at time 629.602 for reason 'Unknown'
[INFO] [1664361585.495473018] [rviz2]: Message Filter dropping message: frame 'odom' at time 1664361583.489 for reason 'Unknown'
[INFO] [1664361585.527221922] [rviz2]: Message Filter dropping message: frame 'base_scan' at time 629.801 for reason 'Unknown'
[INFO] [1664361585.718762254] [rviz2]: Message Filter dropping message: frame 'odom' at time 1664361583.689 for reason 'Unknown'
[INFO] [1664361585.750798543] [rviz2]: Message Filter dropping message: frame 'base_scan' at time 630.002 for reason 'Unknown'
[INFO] [1664361585.911369553] [rviz2]: Message Filter dropping message: frame 'odom' at time 0.000 for reason 'Unknown'
[INFO] [1664361585.911448360] [rviz2]: Message Filter dropping message: frame 'odom' at time 1664361583.889 for reason 'Unknown'
[INFO] [1664361585.943221579] [rviz2]: Message Filter dropping message: frame 'base_scan' at time 630.202 for reason 'Unknown'
[INFO] [1664361586.000839579] [rviz2]: Waiting for the lifecycle_manager_navigation/is_active service...
[INFO] [1664361586.000952026] [rviz2]: Sending lifecycle_manager_navigation/is_active request
[INFO] [1664361586.102616251] [rviz2]: Message Filter dropping message: frame 'odom' at time 1664361584.089 for reason 'Unknown'
[INFO] [1664361586.135220023] [rviz2]: Message Filter dropping message: frame 'base_scan' at time 630.402 for reason 'Unknown'
[INFO] [1664361586.294841383] [rviz2]: Message Filter dropping message: frame 'odom' at time 1664361584.289 for reason 'Unknown'
[INFO] [1664361586.327573156] [rviz2]: Message Filter dropping message: frame 'base_scan' at time 630.602 for reason 'Unknown'
[INFO] [1664361586.518677263] [rviz2]: Message Filter dropping message: frame 'odom' at time 0.000 for reason 'Unknown'
[INFO] [1664361586.518776325] [rviz2]: Message Filter dropping message: frame 'odom' at time 1664361584.489 for reason 'Unknown'
[INFO] [1664361586.550776874] [rviz2]: Message Filter dropping message: frame 'base_scan' at time 630.802 for reason 'Unknown'
[INFO] [1664361586.711351664] [rviz2]: Message Filter dropping message: frame 'odom' at time 1664361584.690 for reason 'Unknown'
[INFO] [1664361586.743143760] [rviz2]: Message Filter dropping message: frame 'base_scan' at time 631.002 for reason 'Unknown'
[INFO] [1664361586.902966262] [rviz2]: Message Filter dropping message: frame 'odom' at time 1664361584.889 for reason 'Unknown'
[INFO] [1664361586.934727649] [rviz2]: Message Filter dropping message: frame 'base_scan' at time 631.202 for reason 'Unknown'
[INFO] [1664361587.001096311] [rviz2]: Waiting for the lifecycle_manager_navigation/is_active service...
[INFO] [1664361587.001208170] [rviz2]: Sending lifecycle_manager_navigation/is_active request
[INFO] [1664361587.095157786] [rviz2]: Message Filter dropping message: frame 'odom' at time 0.000 for reason 'Unknown'
[INFO] [1664361587.095214014] [rviz2]: Message Filter dropping message: frame 'odom' at time 1664361585.090 for reason 'Unknown'
[INFO] [1664361587.158888646] [rviz2]: Message Filter dropping message: frame 'base_scan' at time 631.402 for reason 'Unknown'
[INFO] [1664361587.319326074] [rviz2]: Message Filter dropping message: frame 'odom' at time 1664361585.289 for reason 'Unknown'
[INFO] [1664361587.351206330] [rviz2]: Message Filter dropping message: frame 'base_scan' at time 631.601 for reason 'Unknown'
[INFO] [1664361587.511270977] [rviz2]: Message Filter dropping message: frame 'odom' at time 1664361585.489 for reason 'Unknown'
[INFO] [1664361587.543405757] [rviz2]: Message Filter dropping message: frame 'base_scan' at time 631.801 for reason 'Unknown'
[INFO] [1664361587.703211647] [rviz2]: Message Filter dropping message: frame 'odom' at time 0.000 for reason 'Unknown'
[INFO] [1664361587.703296099] [rviz2]: Message Filter dropping message: frame 'odom' at time 1664361585.689 for reason 'Unknown'
[INFO] [1664361587.735267551] [rviz2]: Message Filter dropping message: frame 'base_scan' at time 632.001 for reason 'Unknown'
[INFO] [1664361587.894524576] [rviz2]: Message Filter dropping message: frame 'odom' at time 1664361585.889 for reason 'Unknown'
[INFO] [1664361587.958614340] [rviz2]: Message Filter dropping message: frame 'base_scan' at time 632.201 for reason 'Unknown'
[INFO] [1664361588.001356380] [rviz2]: Waiting for the lifecycle_manager_navigation/is_active service...
[INFO] [1664361588.001466637] [rviz2]: Sending lifecycle_manager_navigation/is_active request
[INFO] [1664361588.118725737] [rviz2]: Message Filter dropping message: frame 'odom' at time 1664361586.089 for reason 'Unknown'
[INFO] [1664361588.150888600] [rviz2]: Message Filter dropping message: frame 'base_scan' at time 632.401 for reason 'Unknown'
[INFO] [1664361588.311114601] [rviz2]: Message Filter dropping message: frame 'odom' at time 0.000 for reason 'Unknown'
[INFO] [1664361588.311241366] [rviz2]: Message Filter dropping message: frame 'odom' at time 1664361586.289 for reason 'Unknown'
[INFO] [1664361588.342733094] [rviz2]: Message Filter dropping message: frame 'base_scan' at time 632.601 for reason 'Unknown'
[INFO] [1664361588.502606563] [rviz2]: Message Filter dropping message: frame 'odom' at time 1664361586.489 for reason 'Unknown'
[INFO] [1664361588.534966913] [rviz2]: Message Filter dropping message: frame 'base_scan' at time 632.802 for reason 'Unknown'
[INFO] [1664361588.695581028] [rviz2]: Message Filter dropping message: frame 'odom' at time 1664361586.689 for reason 'Unknown'
[INFO] [1664361588.758728222] [rviz2]: Message Filter dropping message: frame 'base_scan' at time 633.001 for reason 'Unknown'
[INFO] [1664361588.918898197] [rviz2]: Message Filter dropping message: frame 'odom' at time 0.000 for reason 'Unknown'
[INFO] [1664361588.918980345] [rviz2]: Message Filter dropping message: frame 'odom' at time 1664361586.889 for reason 'Unknown'
[INFO] [1664361588.951138631] [rviz2]: Message Filter dropping message: frame 'base_scan' at time 633.201 for reason 'Unknown'
[INFO] [1664361589.001610320] [rviz2]: Waiting for the lifecycle_manager_navigation/is_active service...
[INFO] [1664361589.001722910] [rviz2]: Sending lifecycle_manager_navigation/is_active request
[INFO] [1664361589.111358837] [rviz2]: Message Filter dropping message: frame 'odom' at time 1664361587.089 for reason 'Unknown'
[INFO] [1664361589.143432396] [rviz2]: Message Filter dropping message: frame 'base_scan' at time 633.401 for reason 'Unknown'
[INFO] [1664361589.302703935] [rviz2]: Message Filter dropping message: frame 'odom' at time 1664361587.289 for reason 'Unknown'
[INFO] [1664361589.334722173] [rviz2]: Message Filter dropping message: frame 'base_scan' at time 633.601 for reason 'Unknown'
[INFO] [1664361589.495434818] [rviz2]: Message Filter dropping message: frame 'odom' at time 0.000 for reason 'Unknown'
[INFO] [1664361589.495489176] [rviz2]: Message Filter dropping message: frame 'odom' at time 1664361587.489 for reason 'Unknown'
[INFO] [1664361589.559419180] [rviz2]: Message Filter dropping message: frame 'base_scan' at time 633.801 for reason 'Unknown'
[INFO] [1664361589.719084904] [rviz2]: Message Filter dropping message: frame 'odom' at time 1664361587.689 for reason 'Unknown'
[INFO] [1664361589.750934964] [rviz2]: Message Filter dropping message: frame 'base_scan' at time 634.001 for reason 'Unknown'
[INFO] [1664361589.910881070] [rviz2]: Message Filter dropping message: frame 'odom' at time 1664361587.889 for reason 'Unknown'
[INFO] [1664361589.943478841] [rviz2]: Message Filter dropping message: frame 'base_scan' at time 634.201 for reason 'Unknown'
[INFO] [1664361590.001919263] [rviz2]: Waiting for the lifecycle_manager_navigation/is_active service...
[INFO] [1664361590.002113563] [rviz2]: Sending lifecycle_manager_navigation/is_active request
[INFO] [1664361590.103107176] [rviz2]: Message Filter dropping message: frame 'odom' at time 0.000 for reason 'Unknown'
[INFO] [1664361590.103183312] [rviz2]: Message Filter dropping message: frame 'odom' at time 1664361588.089 for reason 'Unknown'
[INFO] [1664361590.134958912] [rviz2]: Message Filter dropping message: frame 'base_scan' at time 634.401 for reason 'Unknown'
[INFO] [1664361590.294611774] [rviz2]: Message Filter dropping message: frame 'odom' at time 1664361588.289 for reason 'Unknown'
[INFO] [1664361590.359319898] [rviz2]: Message Filter dropping message: frame 'base_scan' at time 634.602 for reason 'Unknown'
[INFO] [1664361590.519255189] [rviz2]: Message Filter dropping message: frame 'odom' at time 1664361588.489 for reason 'Unknown'
[INFO] [1664361590.551478025] [rviz2]: Message Filter dropping message: frame 'base_scan' at time 634.801 for reason 'Unknown'
[INFO] [1664361590.710682060] [rviz2]: Message Filter dropping message: frame 'odom' at time 0.000 for reason 'Unknown'
[INFO] [1664361590.710803684] [rviz2]: Message Filter dropping message: frame 'odom' at time 1664361588.689 for reason 'Unknown'
[INFO] [1664361590.743625663] [rviz2]: Message Filter dropping message: frame 'base_scan' at time 635.002 for reason 'Unknown'
[INFO] [1664361590.902837865] [rviz2]: Message Filter dropping message: frame 'odom' at time 1664361588.889 for reason 'Unknown'
[INFO] [1664361590.935588565] [rviz2]: Message Filter dropping message: frame 'base_scan' at time 635.201 for reason 'Unknown'
[INFO] [1664361591.002369103] [rviz2]: Waiting for the lifecycle_manager_navigation/is_active service...
[INFO] [1664361591.002561163] [rviz2]: Sending lifecycle_manager_navigation/is_active request
[INFO] [1664361591.095297104] [rviz2]: Message Filter dropping message: frame 'odom' at time 1664361589.089 for reason 'Unknown'
[INFO] [1664361591.159511192] [rviz2]: Message Filter dropping message: frame 'base_scan' at time 635.401 for reason 'Unknown'
[INFO] [1664361591.318582777] [rviz2]: Message Filter dropping message: frame 'odom' at time 0.000 for reason 'Unknown'
[INFO] [1664361591.318640825] [rviz2]: Message Filter dropping message: frame 'odom' at time 1664361589.289 for reason 'Unknown'
[INFO] [1664361591.351254398] [rviz2]: Message Filter dropping message: frame 'base_scan' at time 635.601 for reason 'Unknown'
[INFO] [1664361591.510994654] [rviz2]: Message Filter dropping message: frame 'odom' at time 1664361589.489 for reason 'Unknown'
[INFO] [1664361591.543023597] [rviz2]: Message Filter dropping message: frame 'base_scan' at time 635.801 for reason 'Unknown'
[INFO] [1664361591.702732476] [rviz2]: Message Filter dropping message: frame 'odom' at time 1664361589.689 for reason 'Unknown'
[INFO] [1664361591.766913773] [rviz2]: Message Filter dropping message: frame 'base_scan' at time 636.001 for reason 'Unknown'
[INFO] [1664361591.895345776] [rviz2]: Message Filter dropping message: frame 'odom' at time 0.000 for reason 'Unknown'
[INFO] [1664361591.895472223] [rviz2]: Message Filter dropping message: frame 'odom' at time 1664361589.889 for reason 'Unknown'
[INFO] [1664361591.959194110] [rviz2]: Message Filter dropping message: frame 'base_scan' at time 636.201 for reason 'Unknown'
[INFO] [1664361592.002833724] [rviz2]: Waiting for the lifecycle_manager_navigation/is_active service...
[INFO] [1664361592.003015111] [rviz2]: Sending lifecycle_manager_navigation/is_active request
[INFO] [1664361592.119553706] [rviz2]: Message Filter dropping message: frame 'odom' at time 1664361590.089 for reason 'Unknown'
[INFO] [1664361592.150883620] [rviz2]: Message Filter dropping message: frame 'base_scan' at time 636.401 for reason 'Unknown'
[INFO] [1664361592.311250924] [rviz2]: Message Filter dropping message: frame 'odom' at time 1664361590.289 for reason 'Unknown'
[INFO] [1664361592.342676117] [rviz2]: Message Filter dropping message: frame 'base_scan' at time 636.601 for reason 'Unknown'
[INFO] [1664361592.502760982] [rviz2]: Message Filter dropping message: frame 'odom' at time 0.000 for reason 'Unknown'
[INFO] [1664361592.502839169] [rviz2]: Message Filter dropping message: frame 'odom' at time 1664361590.489 for reason 'Unknown'
[INFO] [1664361592.566958497] [rviz2]: Message Filter dropping message: frame 'base_scan' at time 636.802 for reason 'Unknown'
[INFO] [1664361592.695588643] [rviz2]: Message Filter dropping message: frame 'odom' at time 1664361590.689 for reason 'Unknown'
[INFO] [1664361592.759610484] [rviz2]: Message Filter dropping message: frame 'base_scan' at time 637.002 for reason 'Unknown'
[INFO] [1664361592.919277055] [rviz2]: Message Filter dropping message: frame 'odom' at time 1664361590.889 for reason 'Unknown'
[INFO] [1664361592.951012957] [rviz2]: Message Filter dropping message: frame 'base_scan' at time 637.201 for reason 'Unknown'
[INFO] [1664361593.003333675] [rviz2]: Waiting for the lifecycle_manager_navigation/is_active service...
[INFO] [1664361593.003522413] [rviz2]: Sending lifecycle_manager_navigation/is_active request
[INFO] [1664361593.110726190] [rviz2]: Message Filter dropping message: frame 'odom' at time 0.000 for reason 'Unknown'
[INFO] [1664361593.110781568] [rviz2]: Message Filter dropping message: frame 'odom' at time 1664361591.089 for reason 'Unknown'
[INFO] [1664361593.142712034] [rviz2]: Message Filter dropping message: frame 'base_scan' at time 637.401 for reason 'Unknown'
[INFO] [1664361593.303148884] [rviz2]: Message Filter dropping message: frame 'odom' at time 1664361591.289 for reason 'Unknown'
[INFO] [1664361593.367493971] [rviz2]: Message Filter dropping message: frame 'base_scan' at time 637.601 for reason 'Unknown'
[INFO] [1664361593.494621345] [rviz2]: Message Filter dropping message: frame 'odom' at time 1664361591.489 for reason 'Unknown'
[INFO] [1664361593.559515280] [rviz2]: Message Filter dropping message: frame 'base_scan' at time 637.802 for reason 'Unknown'
[INFO] [1664361593.718869969] [rviz2]: Message Filter dropping message: frame 'odom' at time 0.000 for reason 'Unknown'
[INFO] [1664361593.718937052] [rviz2]: Message Filter dropping message: frame 'odom' at time 1664361591.689 for reason 'Unknown'
[INFO] [1664361593.751320077] [rviz2]: Message Filter dropping message: frame 'base_scan' at time 638.002 for reason 'Unknown'
[INFO] [1664361593.911497620] [rviz2]: Message Filter dropping message: frame 'odom' at time 1664361591.889 for reason 'Unknown'
[INFO] [1664361593.942770076] [rviz2]: Message Filter dropping message: frame 'base_scan' at time 638.202 for reason 'Unknown'
[INFO] [1664361594.003767469] [rviz2]: Waiting for the lifecycle_manager_navigation/is_active service...
[INFO] [1664361594.003886009] [rviz2]: Sending lifecycle_manager_navigation/is_active request
[INFO] [1664361594.102679114] [rviz2]: Message Filter dropping message: frame 'odom' at time 1664361592.089 for reason 'Unknown'
[INFO] [1664361594.167438078] [rviz2]: Message Filter dropping message: frame 'base_scan' at time 638.401 for reason 'Unknown'
[INFO] [1664361594.295058610] [rviz2]: Message Filter dropping message: frame 'odom' at time 0.000 for reason 'Unknown'
[INFO] [1664361594.295132251] [rviz2]: Message Filter dropping message: frame 'odom' at time 1664361592.289 for reason 'Unknown'
[INFO] [1664361594.359252034] [rviz2]: Message Filter dropping message: frame 'base_scan' at time 638.602 for reason 'Unknown'
[INFO] [1664361594.519211666] [rviz2]: Message Filter dropping message: frame 'odom' at time 1664361592.489 for reason 'Unknown'
[INFO] [1664361594.550591483] [rviz2]: Message Filter dropping message: frame 'base_scan' at time 638.801 for reason 'Unknown'
[INFO] [1664361594.710902711] [rviz2]: Message Filter dropping message: frame 'odom' at time 1664361592.689 for reason 'Unknown'
[INFO] [1664361594.742773408] [rviz2]: Message Filter dropping message: frame 'base_scan' at time 639.002 for reason 'Unknown'
[INFO] [1664361594.903479165] [rviz2]: Message Filter dropping message: frame 'odom' at time 0.000 for reason 'Unknown'
[INFO] [1664361594.903544207] [rviz2]: Message Filter dropping message: frame 'odom' at time 1664361592.889 for reason 'Unknown'
[INFO] [1664361594.966894217] [rviz2]: Message Filter dropping message: frame 'base_scan' at time 639.202 for reason 'Unknown'
[INFO] [1664361595.004094409] [rviz2]: Waiting for the lifecycle_manager_navigation/is_active service...
[INFO] [1664361595.004217946] [rviz2]: Sending lifecycle_manager_navigation/is_active request
[INFO] [1664361595.094957530] [rviz2]: Message Filter dropping message: frame 'odom' at time 1664361593.089 for reason 'Unknown'
[INFO] [1664361595.159255163] [rviz2]: Message Filter dropping message: frame 'base_scan' at time 639.401 for reason 'Unknown'
[INFO] [1664361595.318675574] [rviz2]: Message Filter dropping message: frame 'odom' at time 1664361593.289 for reason 'Unknown'
[INFO] [1664361595.351293066] [rviz2]: Message Filter dropping message: frame 'base_scan' at time 639.601 for reason 'Unknown'
[INFO] [1664361595.511054977] [rviz2]: Message Filter dropping message: frame 'odom' at time 0.000 for reason 'Unknown'
[INFO] [1664361595.511110856] [rviz2]: Message Filter dropping message: frame 'odom' at time 1664361593.489 for reason 'Unknown'
[INFO] [1664361595.542838103] [rviz2]: Message Filter dropping message: frame 'base_scan' at time 639.801 for reason 'Unknown'
[INFO] [1664361595.703249929] [rviz2]: Message Filter dropping message: frame 'odom' at time 1664361593.689 for reason 'Unknown'
[INFO] [1664361595.767612225] [rviz2]: Message Filter dropping message: frame 'base_scan' at time 640.001 for reason 'Unknown'
[INFO] [1664361595.895290495] [rviz2]: Message Filter dropping message: frame 'odom' at time 1664361593.889 for reason 'Unknown'
[INFO] [1664361595.959445110] [rviz2]: Message Filter dropping message: frame 'base_scan' at time 640.201 for reason 'Unknown'
[INFO] [1664361596.004376364] [rviz2]: Waiting for the lifecycle_manager_navigation/is_active service...
[INFO] [1664361596.004489693] [rviz2]: Sending lifecycle_manager_navigation/is_active request
[INFO] [1664361596.119089088] [rviz2]: Message Filter dropping message: frame 'odom' at time 0.000 for reason 'Unknown'
[INFO] [1664361596.119165251] [rviz2]: Message Filter dropping message: frame 'odom' at time 1664361594.089 for reason 'Unknown'
[INFO] [1664361596.150921484] [rviz2]: Message Filter dropping message: frame 'base_scan' at time 640.401 for reason 'Unknown'
[INFO] [1664361596.310875434] [rviz2]: Message Filter dropping message: frame 'odom' at time 1664361594.289 for reason 'Unknown'
[INFO] [1664361596.375573307] [rviz2]: Message Filter dropping message: frame 'base_scan' at time 640.601 for reason 'Unknown'
[INFO] [1664361596.502557691] [rviz2]: Message Filter dropping message: frame 'odom' at time 1664361594.489 for reason 'Unknown'
[INFO] [1664361596.567239213] [rviz2]: Message Filter dropping message: frame 'base_scan' at time 640.801 for reason 'Unknown'
[INFO] [1664361596.694734351] [rviz2]: Message Filter dropping message: frame 'odom' at time 0.000 for reason 'Unknown'
[INFO] [1664361596.694799617] [rviz2]: Message Filter dropping message: frame 'odom' at time 1664361594.689 for reason 'Unknown'
[INFO] [1664361596.759513363] [rviz2]: Message Filter dropping message: frame 'base_scan' at time 641.001 for reason 'Unknown'
[INFO] [1664361596.919254625] [rviz2]: Message Filter dropping message: frame 'odom' at time 1664361594.889 for reason 'Unknown'
[INFO] [1664361596.951323845] [rviz2]: Message Filter dropping message: frame 'base_scan' at time 641.201 for reason 'Unknown'
[INFO] [1664361597.004726698] [rviz2]: Waiting for the lifecycle_manager_navigation/is_active service...
[INFO] [1664361597.004861507] [rviz2]: Sending lifecycle_manager_navigation/is_active request
[INFO] [1664361597.110908230] [rviz2]: Message Filter dropping message: frame 'odom' at time 1664361595.089 for reason 'Unknown'
[INFO] [1664361597.175304531] [rviz2]: Message Filter dropping message: frame 'base_scan' at time 641.401 for reason 'Unknown'
[INFO] [1664361597.302675055] [rviz2]: Message Filter dropping message: frame 'odom' at time 0.000 for reason 'Unknown'
[INFO] [1664361597.302759055] [rviz2]: Message Filter dropping message: frame 'odom' at time 1664361595.289 for reason 'Unknown'
[INFO] [1664361597.366904160] [rviz2]: Message Filter dropping message: frame 'base_scan' at time 641.601 for reason 'Unknown'
[INFO] [1664361597.495469368] [rviz2]: Message Filter dropping message: frame 'odom' at time 1664361595.489 for reason 'Unknown'
[INFO] [1664361597.559527476] [rviz2]: Message Filter dropping message: frame 'base_scan' at time 641.801 for reason 'Unknown'
[INFO] [1664361597.718855004] [rviz2]: Message Filter dropping message: frame 'odom' at time 1664361595.689 for reason 'Unknown'
[INFO] [1664361597.751524249] [rviz2]: Message Filter dropping message: frame 'base_scan' at time 642.002 for reason 'Unknown'
[INFO] [1664361597.911005235] [rviz2]: Message Filter dropping message: frame 'odom' at time 0.000 for reason 'Unknown'
[INFO] [1664361597.911124713] [rviz2]: Message Filter dropping message: frame 'odom' at time 1664361595.889 for reason 'Unknown'
[INFO] [1664361597.974711124] [rviz2]: Message Filter dropping message: frame 'base_scan' at time 642.201 for reason 'Unknown'
[INFO] [1664361598.005071446] [rviz2]: Waiting for the lifecycle_manager_navigation/is_active service...
[INFO] [1664361598.005180359] [rviz2]: Sending lifecycle_manager_navigation/is_active request
[INFO] [1664361598.102881584] [rviz2]: Message Filter dropping message: frame 'odom' at time 1664361596.089 for reason 'Unknown'
[INFO] [1664361598.167011539] [rviz2]: Message Filter dropping message: frame 'base_scan' at time 642.401 for reason 'Unknown'
[INFO] [1664361598.294920488] [rviz2]: Message Filter dropping message: frame 'odom' at time 1664361596.289 for reason 'Unknown'
[INFO] [1664361598.359213055] [rviz2]: Message Filter dropping message: frame 'base_scan' at time 642.601 for reason 'Unknown'
[INFO] [1664361598.519411791] [rviz2]: Message Filter dropping message: frame 'odom' at time 0.000 for reason 'Unknown'
[INFO] [1664361598.519469340] [rviz2]: Message Filter dropping message: frame 'odom' at time 1664361596.489 for reason 'Unknown'
[INFO] [1664361598.551439402] [rviz2]: Message Filter dropping message: frame 'base_scan' at time 642.801 for reason 'Unknown'
[INFO] [1664361598.711315414] [rviz2]: Message Filter dropping message: frame 'odom' at time 1664361596.689 for reason 'Unknown'
[INFO] [1664361598.775341337] [rviz2]: Message Filter dropping message: frame 'base_scan' at time 643.001 for reason 'Unknown'
[INFO] [1664361598.903338644] [rviz2]: Message Filter dropping message: frame 'odom' at time 1664361596.889 for reason 'Unknown'
[INFO] [1664361598.966787394] [rviz2]: Message Filter dropping message: frame 'base_scan' at time 643.201 for reason 'Unknown'
[INFO] [1664361599.005349382] [rviz2]: Waiting for the lifecycle_manager_navigation/is_active service...
[INFO] [1664361599.005561832] [rviz2]: Sending lifecycle_manager_navigation/is_active request
[INFO] [1664361599.095263031] [rviz2]: Message Filter dropping message: frame 'odom' at time 0.000 for reason 'Unknown'
[INFO] [1664361599.095433894] [rviz2]: Message Filter dropping message: frame 'odom' at time 1664361597.089 for reason 'Unknown'
[INFO] [1664361599.159498259] [rviz2]: Message Filter dropping message: frame 'base_scan' at time 643.401 for reason 'Unknown'
[INFO] [1664361599.318988690] [rviz2]: Message Filter dropping message: frame 'odom' at time 1664361597.289 for reason 'Unknown'
[INFO] [1664361599.383139988] [rviz2]: Message Filter dropping message: frame 'base_scan' at time 643.602 for reason 'Unknown'
[INFO] [1664361599.511504405] [rviz2]: Message Filter dropping message: frame 'odom' at time 1664361597.489 for reason 'Unknown'
[INFO] [1664361599.575623718] [rviz2]: Message Filter dropping message: frame 'base_scan' at time 643.802 for reason 'Unknown'
[INFO] [1664361599.703601430] [rviz2]: Message Filter dropping message: frame 'odom' at time 0.000 for reason 'Unknown'
[INFO] [1664361599.703740465] [rviz2]: Message Filter dropping message: frame 'odom' at time 1664361597.689 for reason 'Unknown'
[INFO] [1664361599.767471968] [rviz2]: Message Filter dropping message: frame 'base_scan' at time 644.002 for reason 'Unknown'
[INFO] [1664361599.895497542] [rviz2]: Message Filter dropping message: frame 'odom' at time 1664361597.889 for reason 'Unknown'
[INFO] [1664361599.959204045] [rviz2]: Message Filter dropping message: frame 'base_scan' at time 644.202 for reason 'Unknown'
[INFO] [1664361600.005872566] [rviz2]: Waiting for the lifecycle_manager_navigation/is_active service...
[INFO] [1664361600.006122579] [rviz2]: Sending lifecycle_manager_navigation/is_active request
[INFO] [1664361600.119495393] [rviz2]: Message Filter dropping message: frame 'odom' at time 1664361598.089 for reason 'Unknown'
[INFO] [1664361600.183108829] [rviz2]: Message Filter dropping message: frame 'base_scan' at time 644.401 for reason 'Unknown'
[INFO] [1664361600.310855021] [rviz2]: Message Filter dropping message: frame 'odom' at time 0.000 for reason 'Unknown'
[INFO] [1664361600.311008277] [rviz2]: Message Filter dropping message: frame 'odom' at time 1664361598.289 for reason 'Unknown'
[INFO] [1664361600.375395832] [rviz2]: Message Filter dropping message: frame 'base_scan' at time 644.602 for reason 'Unknown'
[INFO] [1664361600.502960409] [rviz2]: Message Filter dropping message: frame 'odom' at time 1664361598.489 for reason 'Unknown'
[INFO] [1664361600.567259588] [rviz2]: Message Filter dropping message: frame 'base_scan' at time 644.801 for reason 'Unknown'
[INFO] [1664361600.694785032] [rviz2]: Message Filter dropping message: frame 'odom' at time 1664361598.689 for reason 'Unknown'
[INFO] [1664361600.759680266] [rviz2]: Message Filter dropping message: frame 'base_scan' at time 645.001 for reason 'Unknown'
[INFO] [1664361600.919449851] [rviz2]: Message Filter dropping message: frame 'odom' at time 0.000 for reason 'Unknown'
[INFO] [1664361600.919570858] [rviz2]: Message Filter dropping message: frame 'odom' at time 1664361598.890 for reason 'Unknown'
[INFO] [1664361600.983009748] [rviz2]: Message Filter dropping message: frame 'base_scan' at time 645.202 for reason 'Unknown'
[INFO] [1664361601.006413459] [rviz2]: Waiting for the lifecycle_manager_navigation/is_active service...
[INFO] [1664361601.006599658] [rviz2]: Sending lifecycle_manager_navigation/is_active request
[INFO] [1664361601.110666963] [rviz2]: Message Filter dropping message: frame 'odom' at time 1664361599.089 for reason 'Unknown'
[INFO] [1664361601.174685840] [rviz2]: Message Filter dropping message: frame 'base_scan' at time 645.402 for reason 'Unknown'
[INFO] [1664361601.302796272] [rviz2]: Message Filter dropping message: frame 'odom' at time 1664361599.289 for reason 'Unknown'
[INFO] [1664361601.367058535] [rviz2]: Message Filter dropping message: frame 'base_scan' at time 645.602 for reason 'Unknown'
[INFO] [1664361601.494842327] [rviz2]: Message Filter dropping message: frame 'odom' at time 0.000 for reason 'Unknown'
[INFO] [1664361601.494900884] [rviz2]: Message Filter dropping message: frame 'odom' at time 1664361599.489 for reason 'Unknown'
[INFO] [1664361601.559214915] [rviz2]: Message Filter dropping message: frame 'base_scan' at time 645.802 for reason 'Unknown'
[INFO] [1664361601.719520310] [rviz2]: Message Filter dropping message: frame 'odom' at time 1664361599.689 for reason 'Unknown'
[INFO] [1664361601.782743939] [rviz2]: Message Filter dropping message: frame 'base_scan' at time 646.002 for reason 'Unknown'
[INFO] [1664361601.910651325] [rviz2]: Message Filter dropping message: frame 'odom' at time 1664361599.889 for reason 'Unknown'
[INFO] [1664361601.974817189] [rviz2]: Message Filter dropping message: frame 'base_scan' at time 646.202 for reason 'Unknown'
[INFO] [1664361602.006838644] [rviz2]: Waiting for the lifecycle_manager_navigation/is_active service...
[INFO] [1664361602.006979882] [rviz2]: Sending lifecycle_manager_navigation/is_active request
[INFO] [1664361602.102847516] [rviz2]: Message Filter dropping message: frame 'odom' at time 0.000 for reason 'Unknown'
[INFO] [1664361602.103031982] [rviz2]: Message Filter dropping message: frame 'odom' at time 1664361600.089 for reason 'Unknown'
[INFO] [1664361602.167007263] [rviz2]: Message Filter dropping message: frame 'base_scan' at time 646.401 for reason 'Unknown'
[INFO] [1664361602.295502170] [rviz2]: Message Filter dropping message: frame 'odom' at time 1664361600.289 for reason 'Unknown'
[INFO] [1664361602.391687031] [rviz2]: Message Filter dropping message: frame 'base_scan' at time 646.602 for reason 'Unknown'
[INFO] [1664361602.519052171] [rviz2]: Message Filter dropping message: frame 'odom' at time 1664361600.489 for reason 'Unknown'
[INFO] [1664361602.582961879] [rviz2]: Message Filter dropping message: frame 'base_scan' at time 646.802 for reason 'Unknown'
[INFO] [1664361602.711295719] [rviz2]: Message Filter dropping message: frame 'odom' at time 0.000 for reason 'Unknown'
[INFO] [1664361602.711450376] [rviz2]: Message Filter dropping message: frame 'odom' at time 1664361600.689 for reason 'Unknown'
[INFO] [1664361602.775788475] [rviz2]: Message Filter dropping message: frame 'base_scan' at time 647.002 for reason 'Unknown'
[INFO] [1664361602.902965888] [rviz2]: Message Filter dropping message: frame 'odom' at time 1664361600.889 for reason 'Unknown'
[INFO] [1664361602.999305345] [rviz2]: Message Filter dropping message: frame 'base_scan' at time 647.202 for reason 'Unknown'
[INFO] [1664361603.007167774] [rviz2]: Waiting for the lifecycle_manager_navigation/is_active service...
[INFO] [1664361603.007435399] [rviz2]: Sending lifecycle_manager_navigation/is_active request
[INFO] [1664361603.095406315] [rviz2]: Message Filter dropping message: frame 'odom' at time 1664361601.089 for reason 'Unknown'
[INFO] [1664361603.191553211] [rviz2]: Message Filter dropping message: frame 'base_scan' at time 647.401 for reason 'Unknown'
[INFO] [1664361603.319508138] [rviz2]: Message Filter dropping message: frame 'odom' at time 0.000 for reason 'Unknown'
[INFO] [1664361603.319623651] [rviz2]: Message Filter dropping message: frame 'odom' at time 1664361601.289 for reason 'Unknown'
[INFO] [1664361603.383556471] [rviz2]: Message Filter dropping message: frame 'base_scan' at time 647.601 for reason 'Unknown'
[INFO] [1664361603.511000306] [rviz2]: Message Filter dropping message: frame 'odom' at time 1664361601.489 for reason 'Unknown'
[INFO] [1664361603.574973523] [rviz2]: Message Filter dropping message: frame 'base_scan' at time 647.801 for reason 'Unknown'
[INFO] [1664361603.703139616] [rviz2]: Message Filter dropping message: frame 'odom' at time 1664361601.689 for reason 'Unknown'
[INFO] [1664361603.799158233] [rviz2]: Message Filter dropping message: frame 'base_scan' at time 648.001 for reason 'Unknown'
[INFO] [1664361603.895207832] [rviz2]: Message Filter dropping message: frame 'odom' at time 0.000 for reason 'Unknown'
[INFO] [1664361603.895349983] [rviz2]: Message Filter dropping message: frame 'odom' at time 1664361601.889 for reason 'Unknown'
[INFO] [1664361603.991488788] [rviz2]: Message Filter dropping message: frame 'base_scan' at time 648.201 for reason 'Unknown'
[INFO] [1664361604.007658000] [rviz2]: Waiting for the lifecycle_manager_navigation/is_active service...
[INFO] [1664361604.007849332] [rviz2]: Sending lifecycle_manager_navigation/is_active request
[INFO] [1664361604.119456751] [rviz2]: Message Filter dropping message: frame 'odom' at time 1664361602.089 for reason 'Unknown'
[INFO] [1664361604.183331782] [rviz2]: Message Filter dropping message: frame 'base_scan' at time 648.402 for reason 'Unknown'
[INFO] [1664361604.310875073] [rviz2]: Message Filter dropping message: frame 'odom' at time 1664361602.289 for reason 'Unknown'
[INFO] [1664361604.407352497] [rviz2]: Message Filter dropping message: frame 'base_scan' at time 648.602 for reason 'Unknown'
[INFO] [1664361604.502811669] [rviz2]: Message Filter dropping message: frame 'odom' at time 0.000 for reason 'Unknown'
[INFO] [1664361604.502908607] [rviz2]: Message Filter dropping message: frame 'odom' at time 1664361602.489 for reason 'Unknown'
[INFO] [1664361604.599351839] [rviz2]: Message Filter dropping message: frame 'base_scan' at time 648.802 for reason 'Unknown'
[INFO] [1664361604.694768041] [rviz2]: Message Filter dropping message: frame 'odom' at time 1664361602.689 for reason 'Unknown'
[INFO] [1664361604.790740003] [rviz2]: Message Filter dropping message: frame 'base_scan' at time 649.002 for reason 'Unknown'
[INFO] [1664361604.919563872] [rviz2]: Message Filter dropping message: frame 'odom' at time 1664361602.889 for reason 'Unknown'
[INFO] [1664361604.983704634] [rviz2]: Message Filter dropping message: frame 'base_scan' at time 649.202 for reason 'Unknown'
[INFO] [1664361605.008114206] [rviz2]: Waiting for the lifecycle_manager_navigation/is_active service...
[INFO] [1664361605.008318950] [rviz2]: Sending lifecycle_manager_navigation/is_active request
[INFO] [1664361605.111530032] [rviz2]: Message Filter dropping message: frame 'odom' at time 0.000 for reason 'Unknown'
[INFO] [1664361605.111607102] [rviz2]: Message Filter dropping message: frame 'odom' at time 1664361603.089 for reason 'Unknown'
[INFO] [1664361605.206856363] [rviz2]: Message Filter dropping message: frame 'base_scan' at time 649.402 for reason 'Unknown'
[INFO] [1664361605.303048275] [rviz2]: Message Filter dropping message: frame 'odom' at time 1664361603.289 for reason 'Unknown'
[INFO] [1664361605.399242386] [rviz2]: Message Filter dropping message: frame 'base_scan' at time 649.602 for reason 'Unknown'
[INFO] [1664361605.495512652] [rviz2]: Message Filter dropping message: frame 'odom' at time 1664361603.489 for reason 'Unknown'
[INFO] [1664361605.590709597] [rviz2]: Message Filter dropping message: frame 'base_scan' at time 649.801 for reason 'Unknown'
[INFO] [1664361605.719074485] [rviz2]: Message Filter dropping message: frame 'odom' at time 0.000 for reason 'Unknown'
[INFO] [1664361605.719147147] [rviz2]: Message Filter dropping message: frame 'odom' at time 1664361603.689 for reason 'Unknown'
[INFO] [1664361605.782729484] [rviz2]: Message Filter dropping message: frame 'base_scan' at time 650.002 for reason 'Unknown'
[INFO] [1664361605.911400027] [rviz2]: Message Filter dropping message: frame 'odom' at time 1664361603.889 for reason 'Unknown'
[INFO] [1664361606.007392583] [rviz2]: Message Filter dropping message: frame 'base_scan' at time 650.202 for reason 'Unknown'
[INFO] [1664361606.008591659] [rviz2]: Waiting for the lifecycle_manager_navigation/is_active service...
[INFO] [1664361606.008700770] [rviz2]: Sending lifecycle_manager_navigation/is_active request
[INFO] [1664361606.103259558] [rviz2]: Message Filter dropping message: frame 'odom' at time 1664361604.091 for reason 'Unknown'
[INFO] [1664361606.199000622] [rviz2]: Message Filter dropping message: frame 'base_scan' at time 650.402 for reason 'Unknown'
[INFO] [1664361606.295392165] [rviz2]: Message Filter dropping message: frame 'odom' at time 0.000 for reason 'Unknown'
[INFO] [1664361606.295517650] [rviz2]: Message Filter dropping message: frame 'odom' at time 1664361604.289 for reason 'Unknown'
[INFO] [1664361606.391158139] [rviz2]: Message Filter dropping message: frame 'base_scan' at time 650.601 for reason 'Unknown'
[INFO] [1664361606.519569683] [rviz2]: Message Filter dropping message: frame 'odom' at time 1664361604.489 for reason 'Unknown'
[INFO] [1664361606.582863276] [rviz2]: Message Filter dropping message: frame 'base_scan' at time 650.801 for reason 'Unknown'
[INFO] [1664361606.711492324] [rviz2]: Message Filter dropping message: frame 'odom' at time 1664361604.689 for reason 'Unknown'
[INFO] [1664361606.807370104] [rviz2]: Message Filter dropping message: frame 'base_scan' at time 651.002 for reason 'Unknown'
[INFO] [1664361606.902941702] [rviz2]: Message Filter dropping message: frame 'odom' at time 0.000 for reason 'Unknown'
[INFO] [1664361606.903047183] [rviz2]: Message Filter dropping message: frame 'odom' at time 1664361604.889 for reason 'Unknown'
[INFO] [1664361606.999571238] [rviz2]: Message Filter dropping message: frame 'base_scan' at time 651.202 for reason 'Unknown'
[INFO] [1664361607.008915994] [rviz2]: Waiting for the lifecycle_manager_navigation/is_active service...
[INFO] [1664361607.009044001] [rviz2]: Sending lifecycle_manager_navigation/is_active request
[INFO] [1664361607.095539359] [rviz2]: Message Filter dropping message: frame 'odom' at time 1664361605.089 for reason 'Unknown'
[INFO] [1664361607.191326780] [rviz2]: Message Filter dropping message: frame 'base_scan' at time 651.401 for reason 'Unknown'
[INFO] [1664361607.319524256] [rviz2]: Message Filter dropping message: frame 'odom' at time 1664361605.289 for reason 'Unknown'
[INFO] [1664361607.383061128] [rviz2]: Message Filter dropping message: frame 'base_scan' at time 651.601 for reason 'Unknown'
[INFO] [1664361607.510921842] [rviz2]: Message Filter dropping message: frame 'odom' at time 0.000 for reason 'Unknown'
[INFO] [1664361607.510991425] [rviz2]: Message Filter dropping message: frame 'odom' at time 1664361605.489 for reason 'Unknown'
[INFO] [1664361607.606833704] [rviz2]: Message Filter dropping message: frame 'base_scan' at time 651.801 for reason 'Unknown'
[INFO] [1664361607.703345342] [rviz2]: Message Filter dropping message: frame 'odom' at time 1664361605.689 for reason 'Unknown'
[INFO] [1664361607.799120186] [rviz2]: Message Filter dropping message: frame 'base_scan' at time 652.001 for reason 'Unknown'
[INFO] [1664361607.895419994] [rviz2]: Message Filter dropping message: frame 'odom' at time 1664361605.890 for reason 'Unknown'
[INFO] [1664361607.991358689] [rviz2]: Message Filter dropping message: frame 'base_scan' at time 652.201 for reason 'Unknown'
[INFO] [1664361608.009237245] [rviz2]: Waiting for the lifecycle_manager_navigation/is_active service...
[INFO] [1664361608.009400807] [rviz2]: Sending lifecycle_manager_navigation/is_active request
[INFO] [1664361608.118646520] [rviz2]: Message Filter dropping message: frame 'odom' at time 0.000 for reason 'Unknown'
[INFO] [1664361608.118705747] [rviz2]: Message Filter dropping message: frame 'odom' at time 1664361606.089 for reason 'Unknown'
[INFO] [1664361608.215015429] [rviz2]: Message Filter dropping message: frame 'base_scan' at time 652.402 for reason 'Unknown'
[INFO] [1664361608.311488052] [rviz2]: Message Filter dropping message: frame 'odom' at time 1664361606.289 for reason 'Unknown'
[INFO] [1664361608.407028725] [rviz2]: Message Filter dropping message: frame 'base_scan' at time 652.602 for reason 'Unknown'
[INFO] [1664361608.503508275] [rviz2]: Message Filter dropping message: frame 'odom' at time 1664361606.489 for reason 'Unknown'
[INFO] [1664361608.599588519] [rviz2]: Message Filter dropping message: frame 'base_scan' at time 652.801 for reason 'Unknown'
[INFO] [1664361608.695389228] [rviz2]: Message Filter dropping message: frame 'odom' at time 0.000 for reason 'Unknown'
[INFO] [1664361608.695539397] [rviz2]: Message Filter dropping message: frame 'odom' at time 1664361606.689 for reason 'Unknown'
[INFO] [1664361608.791463884] [rviz2]: Message Filter dropping message: frame 'base_scan' at time 653.001 for reason 'Unknown'
[INFO] [1664361608.919150256] [rviz2]: Message Filter dropping message: frame 'odom' at time 1664361606.889 for reason 'Unknown'
[INFO] [1664361609.009764746] [rviz2]: Waiting for the lifecycle_manager_navigation/is_active service...
[INFO] [1664361609.009964272] [rviz2]: Sending lifecycle_manager_navigation/is_active request
[INFO] [1664361609.015076367] [rviz2]: Message Filter dropping message: frame 'base_scan' at time 653.201 for reason 'Unknown'
[INFO] [1664361609.111408607] [rviz2]: Message Filter dropping message: frame 'odom' at time 1664361607.089 for reason 'Unknown'
[INFO] [1664361609.206644178] [rviz2]: Message Filter dropping message: frame 'base_scan' at time 653.401 for reason 'Unknown'
[INFO] [1664361609.303105134] [rviz2]: Message Filter dropping message: frame 'odom' at time 0.000 for reason 'Unknown'
[INFO] [1664361609.303173076] [rviz2]: Message Filter dropping message: frame 'odom' at time 1664361607.289 for reason 'Unknown'
[INFO] [1664361609.399507085] [rviz2]: Message Filter dropping message: frame 'base_scan' at time 653.601 for reason 'Unknown'
[INFO] [1664361609.495293734] [rviz2]: Message Filter dropping message: frame 'odom' at time 1664361607.489 for reason 'Unknown'
[INFO] [1664361609.591123573] [rviz2]: Message Filter dropping message: frame 'base_scan' at time 653.801 for reason 'Unknown'
[INFO] [1664361609.719252518] [rviz2]: Message Filter dropping message: frame 'odom' at time 1664361607.689 for reason 'Unknown'
[INFO] [1664361609.815057008] [rviz2]: Message Filter dropping message: frame 'base_scan' at time 654.001 for reason 'Unknown'
[INFO] [1664361609.911502623] [rviz2]: Message Filter dropping message: frame 'odom' at time 0.000 for reason 'Unknown'
[INFO] [1664361609.911560779] [rviz2]: Message Filter dropping message: frame 'odom' at time 1664361607.889 for reason 'Unknown'
[INFO] [1664361610.007462340] [rviz2]: Message Filter dropping message: frame 'base_scan' at time 654.202 for reason 'Unknown'
[INFO] [1664361610.010148605] [rviz2]: Waiting for the lifecycle_manager_navigation/is_active service...
[INFO] [1664361610.010251085] [rviz2]: Sending lifecycle_manager_navigation/is_active request
[INFO] [1664361610.103142468] [rviz2]: Message Filter dropping message: frame 'odom' at time 1664361608.089 for reason 'Unknown'
[INFO] [1664361610.199012519] [rviz2]: Message Filter dropping message: frame 'base_scan' at time 654.401 for reason 'Unknown'
[INFO] [1664361610.295334690] [rviz2]: Message Filter dropping message: frame 'odom' at time 1664361608.289 for reason 'Unknown'
[INFO] [1664361610.391705872] [rviz2]: Message Filter dropping message: frame 'base_scan' at time 654.601 for reason 'Unknown'
[INFO] [1664361610.519414852] [rviz2]: Message Filter dropping message: frame 'odom' at time 0.000 for reason 'Unknown'
[INFO] [1664361610.519565332] [rviz2]: Message Filter dropping message: frame 'odom' at time 1664361608.489 for reason 'Unknown'
[INFO] [1664361610.615482189] [rviz2]: Message Filter dropping message: frame 'base_scan' at time 654.802 for reason 'Unknown'
[INFO] [1664361610.711371079] [rviz2]: Message Filter dropping message: frame 'odom' at time 1664361608.689 for reason 'Unknown'
[INFO] [1664361610.807064992] [rviz2]: Message Filter dropping message: frame 'base_scan' at time 655.002 for reason 'Unknown'
[INFO] [1664361610.902902804] [rviz2]: Message Filter dropping message: frame 'odom' at time 1664361608.889 for reason 'Unknown'
[INFO] [1664361610.998968940] [rviz2]: Message Filter dropping message: frame 'base_scan' at time 655.202 for reason 'Unknown'
[INFO] [1664361611.010485472] [rviz2]: Waiting for the lifecycle_manager_navigation/is_active service...
[INFO] [1664361611.010598139] [rviz2]: Sending lifecycle_manager_navigation/is_active request
[INFO] [1664361611.094733189] [rviz2]: Message Filter dropping message: frame 'odom' at time 0.000 for reason 'Unknown'
[INFO] [1664361611.094798552] [rviz2]: Message Filter dropping message: frame 'odom' at time 1664361609.089 for reason 'Unknown'
[INFO] [1664361611.191090506] [rviz2]: Message Filter dropping message: frame 'base_scan' at time 655.401 for reason 'Unknown'
[INFO] [1664361611.318666660] [rviz2]: Message Filter dropping message: frame 'odom' at time 1664361609.289 for reason 'Unknown'
[INFO] [1664361611.415021022] [rviz2]: Message Filter dropping message: frame 'base_scan' at time 655.601 for reason 'Unknown'
[INFO] [1664361611.511096822] [rviz2]: Message Filter dropping message: frame 'odom' at time 1664361609.489 for reason 'Unknown'
[INFO] [1664361611.607475487] [rviz2]: Message Filter dropping message: frame 'base_scan' at time 655.802 for reason 'Unknown'
[INFO] [1664361611.703216181] [rviz2]: Message Filter dropping message: frame 'odom' at time 0.000 for reason 'Unknown'
[INFO] [1664361611.703291688] [rviz2]: Message Filter dropping message: frame 'odom' at time 1664361609.689 for reason 'Unknown'
[INFO] [1664361611.799525246] [rviz2]: Message Filter dropping message: frame 'base_scan' at time 656.001 for reason 'Unknown'
[INFO] [1664361611.895218572] [rviz2]: Message Filter dropping message: frame 'odom' at time 1664361609.889 for reason 'Unknown'
[INFO] [1664361611.991669200] [rviz2]: Message Filter dropping message: frame 'base_scan' at time 656.202 for reason 'Unknown'
[INFO] [1664361612.010845513] [rviz2]: Waiting for the lifecycle_manager_navigation/is_active service...
[INFO] [1664361612.011035090] [rviz2]: Sending lifecycle_manager_navigation/is_active request
[INFO] [1664361612.119573852] [rviz2]: Message Filter dropping message: frame 'odom' at time 1664361610.089 for reason 'Unknown'
[INFO] [1664361612.215299309] [rviz2]: Message Filter dropping message: frame 'base_scan' at time 656.401 for reason 'Unknown'
[INFO] [1664361612.311532074] [rviz2]: Message Filter dropping message: frame 'odom' at time 0.000 for reason 'Unknown'
[INFO] [1664361612.311593222] [rviz2]: Message Filter dropping message: frame 'odom' at time 1664361610.289 for reason 'Unknown'
[INFO] [1664361612.407311782] [rviz2]: Message Filter dropping message: frame 'base_scan' at time 656.602 for reason 'Unknown'
[INFO] [1664361612.502724831] [rviz2]: Message Filter dropping message: frame 'odom' at time 1664361610.489 for reason 'Unknown'
[INFO] [1664361612.598985887] [rviz2]: Message Filter dropping message: frame 'base_scan' at time 656.802 for reason 'Unknown'
[INFO] [1664361612.694625392] [rviz2]: Message Filter dropping message: frame 'odom' at time 1664361610.689 for reason 'Unknown'
[INFO] [1664361612.790753988] [rviz2]: Message Filter dropping message: frame 'base_scan' at time 657.001 for reason 'Unknown'
[INFO] [1664361612.919080136] [rviz2]: Message Filter dropping message: frame 'odom' at time 0.000 for reason 'Unknown'
[INFO] [1664361612.919148722] [rviz2]: Message Filter dropping message: frame 'odom' at time 1664361610.889 for reason 'Unknown'
[INFO] [1664361613.011243747] [rviz2]: Waiting for the lifecycle_manager_navigation/is_active service...
[INFO] [1664361613.011360899] [rviz2]: Sending lifecycle_manager_navigation/is_active request
[INFO] [1664361613.015719570] [rviz2]: Message Filter dropping message: frame 'base_scan' at time 657.201 for reason 'Unknown'
[INFO] [1664361613.111139738] [rviz2]: Message Filter dropping message: frame 'odom' at time 1664361611.089 for reason 'Unknown'
[INFO] [1664361613.207693314] [rviz2]: Message Filter dropping message: frame 'base_scan' at time 657.401 for reason 'Unknown'
[INFO] [1664361613.302983941] [rviz2]: Message Filter dropping message: frame 'odom' at time 1664361611.289 for reason 'Unknown'
[INFO] [1664361613.398815496] [rviz2]: Message Filter dropping message: frame 'base_scan' at time 657.601 for reason 'Unknown'
[INFO] [1664361613.495150991] [rviz2]: Message Filter dropping message: frame 'odom' at time 0.000 for reason 'Unknown'
[INFO] [1664361613.495208865] [rviz2]: Message Filter dropping message: frame 'odom' at time 1664361611.489 for reason 'Unknown'
[INFO] [1664361613.622918321] [rviz2]: Message Filter dropping message: frame 'base_scan' at time 657.801 for reason 'Unknown'
[INFO] [1664361613.719578504] [rviz2]: Message Filter dropping message: frame 'odom' at time 1664361611.689 for reason 'Unknown'
[INFO] [1664361613.814965346] [rviz2]: Message Filter dropping message: frame 'base_scan' at time 658.001 for reason 'Unknown'
[INFO] [1664361613.911255654] [rviz2]: Message Filter dropping message: frame 'odom' at time 1664361611.889 for reason 'Unknown'
[INFO] [1664361614.007448780] [rviz2]: Message Filter dropping message: frame 'base_scan' at time 658.202 for reason 'Unknown'
[INFO] [1664361614.011529517] [rviz2]: Waiting for the lifecycle_manager_navigation/is_active service...
[INFO] [1664361614.011706329] [rviz2]: Sending lifecycle_manager_navigation/is_active request
[INFO] [1664361614.103919998] [rviz2]: Message Filter dropping message: frame 'odom' at time 0.000 for reason 'Unknown'
[INFO] [1664361614.104048888] [rviz2]: Message Filter dropping message: frame 'odom' at time 1664361612.089 for reason 'Unknown'
[INFO] [1664361614.199298690] [rviz2]: Message Filter dropping message: frame 'base_scan' at time 658.401 for reason 'Unknown'
[INFO] [1664361614.295081109] [rviz2]: Message Filter dropping message: frame 'odom' at time 1664361612.289 for reason 'Unknown'
[INFO] [1664361614.422959203] [rviz2]: Message Filter dropping message: frame 'base_scan' at time 658.601 for reason 'Unknown'
[INFO] [1664361614.519018369] [rviz2]: Message Filter dropping message: frame 'odom' at time 1664361612.489 for reason 'Unknown'
[INFO] [1664361614.615469938] [rviz2]: Message Filter dropping message: frame 'base_scan' at time 658.801 for reason 'Unknown'
[INFO] [1664361614.711581613] [rviz2]: Message Filter dropping message: frame 'odom' at time 0.000 for reason 'Unknown'
[INFO] [1664361614.711653163] [rviz2]: Message Filter dropping message: frame 'odom' at time 1664361612.689 for reason 'Unknown'
[INFO] [1664361614.807241805] [rviz2]: Message Filter dropping message: frame 'base_scan' at time 659.001 for reason 'Unknown'
[INFO] [1664361614.903709354] [rviz2]: Message Filter dropping message: frame 'odom' at time 1664361612.889 for reason 'Unknown'
[INFO] [1664361614.999255777] [rviz2]: Message Filter dropping message: frame 'base_scan' at time 659.201 for reason 'Unknown'
[INFO] [1664361615.012009552] [rviz2]: Waiting for the lifecycle_manager_navigation/is_active service...
[INFO] [1664361615.012123840] [rviz2]: Sending lifecycle_manager_navigation/is_active request
[INFO] [1664361615.095257564] [rviz2]: Message Filter dropping message: frame 'odom' at time 1664361613.089 for reason 'Unknown'
[INFO] [1664361615.222908658] [rviz2]: Message Filter dropping message: frame 'base_scan' at time 659.402 for reason 'Unknown'
[INFO] [1664361615.319100915] [rviz2]: Message Filter dropping message: frame 'odom' at time 0.000 for reason 'Unknown'
[INFO] [1664361615.319167014] [rviz2]: Message Filter dropping message: frame 'odom' at time 1664361613.290 for reason 'Unknown'
[INFO] [1664361615.415288215] [rviz2]: Message Filter dropping message: frame 'base_scan' at time 659.602 for reason 'Unknown'
[INFO] [1664361615.511551248] [rviz2]: Message Filter dropping message: frame 'odom' at time 1664361613.489 for reason 'Unknown'
[INFO] [1664361615.607115538] [rviz2]: Message Filter dropping message: frame 'base_scan' at time 659.801 for reason 'Unknown'
[INFO] [1664361615.703361749] [rviz2]: Message Filter dropping message: frame 'odom' at time 1664361613.689 for reason 'Unknown'
[INFO] [1664361615.798892943] [rviz2]: Message Filter dropping message: frame 'base_scan' at time 660.001 for reason 'Unknown'
[INFO] [1664361615.894845213] [rviz2]: Message Filter dropping message: frame 'odom' at time 0.000 for reason 'Unknown'
[INFO] [1664361615.894913545] [rviz2]: Message Filter dropping message: frame 'odom' at time 1664361613.889 for reason 'Unknown'
[INFO] [1664361616.012327393] [rviz2]: Waiting for the lifecycle_manager_navigation/is_active service...
[INFO] [1664361616.012490979] [rviz2]: Sending lifecycle_manager_navigation/is_active request
[INFO] [1664361616.022778184] [rviz2]: Message Filter dropping message: frame 'base_scan' at time 660.202 for reason 'Unknown'
[INFO] [1664361616.119415276] [rviz2]: Message Filter dropping message: frame 'odom' at time 1664361614.089 for reason 'Unknown'
[INFO] [1664361616.214676031] [rviz2]: Message Filter dropping message: frame 'base_scan' at time 660.401 for reason 'Unknown'
[INFO] [1664361616.311094036] [rviz2]: Message Filter dropping message: frame 'odom' at time 1664361614.289 for reason 'Unknown'
[INFO] [1664361616.407187946] [rviz2]: Message Filter dropping message: frame 'base_scan' at time 660.601 for reason 'Unknown'
[INFO] [1664361616.503381578] [rviz2]: Message Filter dropping message: frame 'odom' at time 0.000 for reason 'Unknown'
[INFO] [1664361616.503446038] [rviz2]: Message Filter dropping message: frame 'odom' at time 1664361614.489 for reason 'Unknown'
[INFO] [1664361616.599339070] [rviz2]: Message Filter dropping message: frame 'base_scan' at time 660.801 for reason 'Unknown'
[INFO] [1664361616.695320557] [rviz2]: Message Filter dropping message: frame 'odom' at time 1664361614.689 for reason 'Unknown'
[INFO] [1664361616.823091044] [rviz2]: Message Filter dropping message: frame 'base_scan' at time 661.001 for reason 'Unknown'
[INFO] [1664361616.919556899] [rviz2]: Message Filter dropping message: frame 'odom' at time 1664361614.889 for reason 'Unknown'
[INFO] [1664361617.012749639] [rviz2]: Waiting for the lifecycle_manager_navigation/is_active service...
[INFO] [1664361617.012964493] [rviz2]: Sending lifecycle_manager_navigation/is_active request
[INFO] [1664361617.015277285] [rviz2]: Message Filter dropping message: frame 'base_scan' at time 661.201 for reason 'Unknown'
[INFO] [1664361617.111192924] [rviz2]: Message Filter dropping message: frame 'odom' at time 0.000 for reason 'Unknown'
[INFO] [1664361617.111391918] [rviz2]: Message Filter dropping message: frame 'odom' at time 1664361615.089 for reason 'Unknown'
[INFO] [1664361617.207470083] [rviz2]: Message Filter dropping message: frame 'base_scan' at time 661.402 for reason 'Unknown'
[INFO] [1664361617.303696039] [rviz2]: Message Filter dropping message: frame 'odom' at time 1664361615.289 for reason 'Unknown'
[INFO] [1664361617.431648568] [rviz2]: Message Filter dropping message: frame 'base_scan' at time 661.601 for reason 'Unknown'
[INFO] [1664361617.495048868] [rviz2]: Message Filter dropping message: frame 'odom' at time 1664361615.489 for reason 'Unknown'
[INFO] [1664361617.623041655] [rviz2]: Message Filter dropping message: frame 'base_scan' at time 661.801 for reason 'Unknown'
[INFO] [1664361617.719611699] [rviz2]: Message Filter dropping message: frame 'odom' at time 0.000 for reason 'Unknown'
[INFO] [1664361617.719758970] [rviz2]: Message Filter dropping message: frame 'odom' at time 1664361615.689 for reason 'Unknown'
[INFO] [1664361617.814983128] [rviz2]: Message Filter dropping message: frame 'base_scan' at time 662.001 for reason 'Unknown'
[INFO] [1664361617.911657672] [rviz2]: Message Filter dropping message: frame 'odom' at time 1664361615.889 for reason 'Unknown'
[INFO] [1664361618.007569763] [rviz2]: Message Filter dropping message: frame 'base_scan' at time 662.202 for reason 'Unknown'
[INFO] [1664361618.013178667] [rviz2]: Waiting for the lifecycle_manager_navigation/is_active service...
[INFO] [1664361618.013378947] [rviz2]: Sending lifecycle_manager_navigation/is_active request
[INFO] [1664361618.103751386] [rviz2]: Message Filter dropping message: frame 'odom' at time 1664361616.089 for reason 'Unknown'
[INFO] [1664361618.231484384] [rviz2]: Message Filter dropping message: frame 'base_scan' at time 662.401 for reason 'Unknown'
[INFO] [1664361618.295425969] [rviz2]: Message Filter dropping message: frame 'odom' at time 0.000 for reason 'Unknown'
[INFO] [1664361618.295533908] [rviz2]: Message Filter dropping message: frame 'odom' at time 1664361616.289 for reason 'Unknown'
[INFO] [1664361618.423338611] [rviz2]: Message Filter dropping message: frame 'base_scan' at time 662.601 for reason 'Unknown'
[INFO] [1664361618.518677625] [rviz2]: Message Filter dropping message: frame 'odom' at time 1664361616.489 for reason 'Unknown'
[INFO] [1664361618.615150601] [rviz2]: Message Filter dropping message: frame 'base_scan' at time 662.801 for reason 'Unknown'
[INFO] [1664361618.711307988] [rviz2]: Message Filter dropping message: frame 'odom' at time 1664361616.689 for reason 'Unknown'
[INFO] [1664361618.806857736] [rviz2]: Message Filter dropping message: frame 'base_scan' at time 663.001 for reason 'Unknown'
[INFO] [1664361618.903402197] [rviz2]: Message Filter dropping message: frame 'odom' at time 0.000 for reason 'Unknown'
[INFO] [1664361618.903477710] [rviz2]: Message Filter dropping message: frame 'odom' at time 1664361616.889 for reason 'Unknown'
[INFO] [1664361619.013502620] [rviz2]: Waiting for the lifecycle_manager_navigation/is_active service...
[INFO] [1664361619.013615589] [rviz2]: Sending lifecycle_manager_navigation/is_active request
[INFO] [1664361619.031119104] [rviz2]: Message Filter dropping message: frame 'base_scan' at time 663.202 for reason 'Unknown'
[INFO] [1664361619.094749055] [rviz2]: Message Filter dropping message: frame 'odom' at time 1664361617.089 for reason 'Unknown'
[INFO] [1664361619.223506625] [rviz2]: Message Filter dropping message: frame 'base_scan' at time 663.402 for reason 'Unknown'
[INFO] [1664361619.318647738] [rviz2]: Message Filter dropping message: frame 'odom' at time 1664361617.289 for reason 'Unknown'
[INFO] [1664361619.415468799] [rviz2]: Message Filter dropping message: frame 'base_scan' at time 663.602 for reason 'Unknown'
[INFO] [1664361619.511330285] [rviz2]: Message Filter dropping message: frame 'odom' at time 0.000 for reason 'Unknown'
[INFO] [1664361619.511395072] [rviz2]: Message Filter dropping message: frame 'odom' at time 1664361617.489 for reason 'Unknown'
[INFO] [1664361619.607392289] [rviz2]: Message Filter dropping message: frame 'base_scan' at time 663.802 for reason 'Unknown'
[INFO] [1664361619.703085462] [rviz2]: Message Filter dropping message: frame 'odom' at time 1664361617.689 for reason 'Unknown'
[INFO] [1664361619.831787469] [rviz2]: Message Filter dropping message: frame 'base_scan' at time 664.002 for reason 'Unknown'
[INFO] [1664361619.895605179] [rviz2]: Message Filter dropping message: frame 'odom' at time 1664361617.889 for reason 'Unknown'
[INFO] [1664361620.013829513] [rviz2]: Waiting for the lifecycle_manager_navigation/is_active service...
[INFO] [1664361620.014022123] [rviz2]: Sending lifecycle_manager_navigation/is_active request
[INFO] [1664361620.023221216] [rviz2]: Message Filter dropping message: frame 'base_scan' at time 664.202 for reason 'Unknown'
[INFO] [1664361620.119306640] [rviz2]: Message Filter dropping message: frame 'odom' at time 0.000 for reason 'Unknown'
[INFO] [1664361620.119458433] [rviz2]: Message Filter dropping message: frame 'odom' at time 1664361618.089 for reason 'Unknown'
[INFO] [1664361620.215389635] [rviz2]: Message Filter dropping message: frame 'base_scan' at time 664.402 for reason 'Unknown'
[INFO] [1664361620.311205859] [rviz2]: Message Filter dropping message: frame 'odom' at time 1664361618.289 for reason 'Unknown'
[INFO] [1664361620.407111796] [rviz2]: Message Filter dropping message: frame 'base_scan' at time 664.601 for reason 'Unknown'
[INFO] [1664361620.503173873] [rviz2]: Message Filter dropping message: frame 'odom' at time 1664361618.489 for reason 'Unknown'
[INFO] [1664361620.630807362] [rviz2]: Message Filter dropping message: frame 'base_scan' at time 664.801 for reason 'Unknown'
[INFO] [1664361620.695106644] [rviz2]: Message Filter dropping message: frame 'odom' at time 0.000 for reason 'Unknown'
[INFO] [1664361620.695209570] [rviz2]: Message Filter dropping message: frame 'odom' at time 1664361618.689 for reason 'Unknown'
[INFO] [1664361620.823102219] [rviz2]: Message Filter dropping message: frame 'base_scan' at time 665.001 for reason 'Unknown'
[INFO] [1664361620.919332269] [rviz2]: Message Filter dropping message: frame 'odom' at time 1664361618.889 for reason 'Unknown'
[INFO] [1664361621.014273641] [rviz2]: Waiting for the lifecycle_manager_navigation/is_active service...
[INFO] [1664361621.014388045] [rviz2]: Sending lifecycle_manager_navigation/is_active request
[INFO] [1664361621.015605074] [rviz2]: Message Filter dropping message: frame 'base_scan' at time 665.202 for reason 'Unknown'
[INFO] [1664361621.111748656] [rviz2]: Message Filter dropping message: frame 'odom' at time 1664361619.089 for reason 'Unknown'
[INFO] [1664361621.239564001] [rviz2]: Message Filter dropping message: frame 'base_scan' at time 665.401 for reason 'Unknown'
[INFO] [1664361621.303105900] [rviz2]: Message Filter dropping message: frame 'odom' at time 0.000 for reason 'Unknown'
[INFO] [1664361621.303180990] [rviz2]: Message Filter dropping message: frame 'odom' at time 1664361619.289 for reason 'Unknown'
[INFO] [1664361621.431196126] [rviz2]: Message Filter dropping message: frame 'base_scan' at time 665.601 for reason 'Unknown'
[INFO] [1664361621.495396412] [rviz2]: Message Filter dropping message: frame 'odom' at time 1664361619.489 for reason 'Unknown'
[INFO] [1664361621.623558184] [rviz2]: Message Filter dropping message: frame 'base_scan' at time 665.801 for reason 'Unknown'
[INFO] [1664361621.719434508] [rviz2]: Message Filter dropping message: frame 'odom' at time 1664361619.689 for reason 'Unknown'
[INFO] [1664361621.815722157] [rviz2]: Message Filter dropping message: frame 'base_scan' at time 666.002 for reason 'Unknown'
[INFO] [1664361621.911375668] [rviz2]: Message Filter dropping message: frame 'odom' at time 0.000 for reason 'Unknown'
[INFO] [1664361621.911436024] [rviz2]: Message Filter dropping message: frame 'odom' at time 1664361619.889 for reason 'Unknown'
[INFO] [1664361622.014619955] [rviz2]: Waiting for the lifecycle_manager_navigation/is_active service...
[INFO] [1664361622.014727519] [rviz2]: Sending lifecycle_manager_navigation/is_active request
[INFO] [1664361622.038962454] [rviz2]: Message Filter dropping message: frame 'base_scan' at time 666.202 for reason 'Unknown'
[INFO] [1664361622.103625084] [rviz2]: Message Filter dropping message: frame 'odom' at time 1664361620.089 for reason 'Unknown'
[INFO] [1664361622.231130989] [rviz2]: Message Filter dropping message: frame 'base_scan' at time 666.402 for reason 'Unknown'
[INFO] [1664361622.294797298] [rviz2]: Message Filter dropping message: frame 'odom' at time 1664361620.289 for reason 'Unknown'
[INFO] [1664361622.423396620] [rviz2]: Message Filter dropping message: frame 'base_scan' at time 666.601 for reason 'Unknown'
[INFO] [1664361622.519708047] [rviz2]: Message Filter dropping message: frame 'odom' at time 0.000 for reason 'Unknown'
[INFO] [1664361622.519772394] [rviz2]: Message Filter dropping message: frame 'odom' at time 1664361620.489 for reason 'Unknown'
[INFO] [1664361622.615581462] [rviz2]: Message Filter dropping message: frame 'base_scan' at time 666.801 for reason 'Unknown'
[INFO] [1664361622.711308641] [rviz2]: Message Filter dropping message: frame 'odom' at time 1664361620.689 for reason 'Unknown'
[INFO] [1664361622.839536632] [rviz2]: Message Filter dropping message: frame 'base_scan' at time 667.001 for reason 'Unknown'
[INFO] [1664361622.903349430] [rviz2]: Message Filter dropping message: frame 'odom' at time 1664361620.890 for reason 'Unknown'
[INFO] [1664361623.014880585] [rviz2]: Waiting for the lifecycle_manager_navigation/is_active service...
[INFO] [1664361623.014994910] [rviz2]: Sending lifecycle_manager_navigation/is_active request
[INFO] [1664361623.030695423] [rviz2]: Message Filter dropping message: frame 'base_scan' at time 667.201 for reason 'Unknown'
[INFO] [1664361623.095421418] [rviz2]: Message Filter dropping message: frame 'odom' at time 0.000 for reason 'Unknown'
[INFO] [1664361623.095493662] [rviz2]: Message Filter dropping message: frame 'odom' at time 1664361621.089 for reason 'Unknown'
[INFO] [1664361623.223117815] [rviz2]: Message Filter dropping message: frame 'base_scan' at time 667.402 for reason 'Unknown'
[INFO] [1664361623.318900118] [rviz2]: Message Filter dropping message: frame 'odom' at time 1664361621.289 for reason 'Unknown'
[INFO] [1664361623.414935847] [rviz2]: Message Filter dropping message: frame 'base_scan' at time 667.601 for reason 'Unknown'
[INFO] [1664361623.510665520] [rviz2]: Message Filter dropping message: frame 'odom' at time 1664361621.489 for reason 'Unknown'
[INFO] [1664361623.639825057] [rviz2]: Message Filter dropping message: frame 'base_scan' at time 667.801 for reason 'Unknown'
[INFO] [1664361623.703705203] [rviz2]: Message Filter dropping message: frame 'odom' at time 0.000 for reason 'Unknown'
[INFO] [1664361623.703849868] [rviz2]: Message Filter dropping message: frame 'odom' at time 1664361621.689 for reason 'Unknown'
[INFO] [1664361623.831640224] [rviz2]: Message Filter dropping message: frame 'base_scan' at time 668.002 for reason 'Unknown'
[INFO] [1664361623.895220966] [rviz2]: Message Filter dropping message: frame 'odom' at time 1664361621.889 for reason 'Unknown'
[INFO] [1664361624.015136560] [rviz2]: Waiting for the lifecycle_manager_navigation/is_active service...
[INFO] [1664361624.015250042] [rviz2]: Sending lifecycle_manager_navigation/is_active request
[INFO] [1664361624.023393025] [rviz2]: Message Filter dropping message: frame 'base_scan' at time 668.201 for reason 'Unknown'
[INFO] [1664361624.118771075] [rviz2]: Message Filter dropping message: frame 'odom' at time 1664361622.089 for reason 'Unknown'
[INFO] [1664361624.144568638] [rclcpp]: signal_handler(signal_value=2)
