[INFO] [1676282644.689375686] [rviz2]: Stereo is NOT SUPPORTED
[INFO] [1676282644.689729949] [rviz2]: OpenGl version: 4.6 (GLSL 4.6)
[INFO] [1676282644.737119916] [rviz2]: Stereo is NOT SUPPORTED
[WARN] [1676282645.022511433] [rcl.logging_rosout]: Publisher already registered for provided node name. If this is due to multiple nodes with the same name then all logs for that logger name will go out over the existing publisher. As soon as any node with that name is destructed it will unregister the publisher, preventing any further logs for that name from being published on the rosout topic.
[WARN] [1676282645.034051216] [rcl.logging_rosout]: Publisher already registered for provided node name. If this is due to multiple nodes with the same name then all logs for that logger name will go out over the existing publisher. As soon as any node with that name is destructed it will unregister the publisher, preventing any further logs for that name from being published on the rosout topic.
[WARN] [1676282645.046780310] [rcl.logging_rosout]: Publisher already registered for provided node name. If this is due to multiple nodes with the same name then all logs for that logger name will go out over the existing publisher. As soon as any node with that name is destructed it will unregister the publisher, preventing any further logs for that name from being published on the rosout topic.
[INFO] [1676282645.077788731] [rviz2]: Waiting for the lifecycle_manager_navigation/is_active service...
[INFO] [1676282645.077991475] [rviz2]: Sending lifecycle_manager_navigation/is_active request
[INFO] [1676282645.078555807] [rviz2]: Trying to create a map of size 384 x 384 using 1 swatches
[ERROR] [1676282645.100668975] [rviz2]: Vertex Program:rviz/glsl120/indexed_8bit_image.vert Fragment Program:rviz/glsl120/indexed_8bit_image.frag GLSL link result : 
active samplers with a different type refer to the same texture image unit
[INFO] [1676282646.078256275] [rviz2]: Waiting for the lifecycle_manager_navigation/is_active service...
[INFO] [1676282646.078553167] [rviz2]: Sending lifecycle_manager_navigation/is_active request
[INFO] [1676282647.078878798] [rviz2]: Waiting for the lifecycle_manager_navigation/is_active service...
[INFO] [1676282647.079095583] [rviz2]: Sending lifecycle_manager_navigation/is_active request
[INFO] [1676282647.129947449] [rviz2]: Message Filter dropping message: frame 'odom' at time 1676282645.101 for reason 'Unknown'
[INFO] [1676282647.161512553] [rviz2]: Message Filter dropping message: frame 'base_scan' at time 119.801 for reason 'Unknown'
[INFO] [1676282647.321820751] [rviz2]: Message Filter dropping message: frame 'odom' at time 1676282645.301 for reason 'Unknown'
[INFO] [1676282647.353622701] [rviz2]: Message Filter dropping message: frame 'base_scan' at time 120.000 for reason 'Unknown'
[INFO] [1676282647.514123571] [rviz2]: Message Filter dropping message: frame 'odom' at time 1676282645.501 for reason 'Unknown'
[INFO] [1676282647.578102962] [rviz2]: Message Filter dropping message: frame 'base_scan' at time 120.201 for reason 'Unknown'
[INFO] [1676282647.705793393] [rviz2]: Message Filter dropping message: frame 'odom' at time 1676282645.701 for reason 'Unknown'
[INFO] [1676282647.770095617] [rviz2]: Message Filter dropping message: frame 'base_scan' at time 120.401 for reason 'Unknown'
[INFO] [1676282647.930453157] [rviz2]: Message Filter dropping message: frame 'odom' at time 1676282645.901 for reason 'Unknown'
[INFO] [1676282647.961678252] [rviz2]: Message Filter dropping message: frame 'base_scan' at time 120.601 for reason 'Unknown'
[INFO] [1676282648.079395997] [rviz2]: Waiting for the lifecycle_manager_navigation/is_active service...
[INFO] [1676282648.079608364] [rviz2]: Sending lifecycle_manager_navigation/is_active request
[INFO] [1676282648.121987489] [rviz2]: Message Filter dropping message: frame 'odom' at time 1676282646.101 for reason 'Unknown'
[INFO] [1676282648.154058241] [rviz2]: Message Filter dropping message: frame 'base_scan' at time 120.801 for reason 'Unknown'
[INFO] [1676282648.314299882] [rviz2]: Message Filter dropping message: frame 'odom' at time 1676282646.301 for reason 'Unknown'
[INFO] [1676282648.377519004] [rviz2]: Message Filter dropping message: frame 'base_scan' at time 121.001 for reason 'Unknown'
[INFO] [1676282648.505609382] [rviz2]: Message Filter dropping message: frame 'odom' at time 1676282646.501 for reason 'Unknown'
[INFO] [1676282648.570098873] [rviz2]: Message Filter dropping message: frame 'base_scan' at time 121.201 for reason 'Unknown'
[INFO] [1676282648.729871206] [rviz2]: Message Filter dropping message: frame 'odom' at time 1676282646.701 for reason 'Unknown'
[INFO] [1676282648.761744193] [rviz2]: Message Filter dropping message: frame 'base_scan' at time 121.401 for reason 'Unknown'
[INFO] [1676282648.922065415] [rviz2]: Message Filter dropping message: frame 'odom' at time 1676282646.901 for reason 'Unknown'
[INFO] [1676282648.985855876] [rviz2]: Message Filter dropping message: frame 'base_scan' at time 121.601 for reason 'Unknown'
[INFO] [1676282649.079910801] [rviz2]: Waiting for the lifecycle_manager_navigation/is_active service...
[INFO] [1676282649.080105082] [rviz2]: Sending lifecycle_manager_navigation/is_active request
[INFO] [1676282649.114534383] [rviz2]: Message Filter dropping message: frame 'odom' at time 1676282647.101 for reason 'Unknown'
[INFO] [1676282649.178049175] [rviz2]: Message Filter dropping message: frame 'base_scan' at time 121.800 for reason 'Unknown'
[INFO] [1676282649.305627141] [rviz2]: Message Filter dropping message: frame 'odom' at time 1676282647.301 for reason 'Unknown'
[INFO] [1676282649.369562662] [rviz2]: Message Filter dropping message: frame 'base_scan' at time 122.001 for reason 'Unknown'
[INFO] [1676282649.530158802] [rviz2]: Message Filter dropping message: frame 'odom' at time 1676282647.501 for reason 'Unknown'
[INFO] [1676282649.562627200] [rviz2]: Message Filter dropping message: frame 'base_scan' at time 122.201 for reason 'Unknown'
[INFO] [1676282649.722541778] [rviz2]: Message Filter dropping message: frame 'odom' at time 1676282647.701 for reason 'Unknown'
[INFO] [1676282649.785585921] [rviz2]: Message Filter dropping message: frame 'base_scan' at time 122.401 for reason 'Unknown'
[INFO] [1676282649.914044273] [rviz2]: Message Filter dropping message: frame 'odom' at time 1676282647.901 for reason 'Unknown'
[INFO] [1676282649.977590059] [rviz2]: Message Filter dropping message: frame 'base_scan' at time 122.601 for reason 'Unknown'
[INFO] [1676282650.080336402] [rviz2]: Waiting for the lifecycle_manager_navigation/is_active service...
[INFO] [1676282650.080630653] [rviz2]: Sending lifecycle_manager_navigation/is_active request
[INFO] [1676282650.105756386] [rviz2]: Message Filter dropping message: frame 'odom' at time 1676282648.101 for reason 'Unknown'
[INFO] [1676282650.170242001] [rviz2]: Message Filter dropping message: frame 'base_scan' at time 122.801 for reason 'Unknown'
[INFO] [1676282650.330450399] [rviz2]: Message Filter dropping message: frame 'odom' at time 1676282648.301 for reason 'Unknown'
[INFO] [1676282650.394385833] [rviz2]: Message Filter dropping message: frame 'base_scan' at time 123.001 for reason 'Unknown'
[INFO] [1676282650.521717721] [rviz2]: Message Filter dropping message: frame 'odom' at time 1676282648.501 for reason 'Unknown'
[INFO] [1676282650.585987686] [rviz2]: Message Filter dropping message: frame 'base_scan' at time 123.200 for reason 'Unknown'
[INFO] [1676282650.713864196] [rviz2]: Message Filter dropping message: frame 'odom' at time 1676282648.702 for reason 'Unknown'
[INFO] [1676282650.777787870] [rviz2]: Message Filter dropping message: frame 'base_scan' at time 123.401 for reason 'Unknown'
[INFO] [1676282650.905865677] [rviz2]: Message Filter dropping message: frame 'odom' at time 1676282648.901 for reason 'Unknown'
[INFO] [1676282651.002238536] [rviz2]: Message Filter dropping message: frame 'base_scan' at time 123.601 for reason 'Unknown'
[INFO] [1676282651.080956338] [rviz2]: Waiting for the lifecycle_manager_navigation/is_active service...
[INFO] [1676282651.081173515] [rviz2]: Sending lifecycle_manager_navigation/is_active request
[INFO] [1676282651.129894659] [rviz2]: Message Filter dropping message: frame 'odom' at time 1676282649.101 for reason 'Unknown'
[INFO] [1676282651.193642472] [rviz2]: Message Filter dropping message: frame 'base_scan' at time 123.801 for reason 'Unknown'
[INFO] [1676282651.322385830] [rviz2]: Message Filter dropping message: frame 'odom' at time 1676282649.301 for reason 'Unknown'
[INFO] [1676282651.385686189] [rviz2]: Message Filter dropping message: frame 'base_scan' at time 124.001 for reason 'Unknown'
[INFO] [1676282651.514006019] [rviz2]: Message Filter dropping message: frame 'odom' at time 0.000 for reason 'Unknown'
[INFO] [1676282651.514274396] [rviz2]: Message Filter dropping message: frame 'odom' at time 1676282649.502 for reason 'Unknown'
[INFO] [1676282651.609777517] [rviz2]: Message Filter dropping message: frame 'base_scan' at time 124.201 for reason 'Unknown'
[INFO] [1676282651.705994883] [rviz2]: Message Filter dropping message: frame 'odom' at time 1676282649.701 for reason 'Unknown'
[INFO] [1676282651.801901548] [rviz2]: Message Filter dropping message: frame 'base_scan' at time 124.400 for reason 'Unknown'
[INFO] [1676282651.929864545] [rviz2]: Message Filter dropping message: frame 'odom' at time 1676282649.901 for reason 'Unknown'
[INFO] [1676282651.994329821] [rviz2]: Message Filter dropping message: frame 'base_scan' at time 124.600 for reason 'Unknown'
[INFO] [1676282652.081428795] [rviz2]: Waiting for the lifecycle_manager_navigation/is_active service...
[INFO] [1676282652.081632712] [rviz2]: Sending lifecycle_manager_navigation/is_active request
[INFO] [1676282652.121981816] [rviz2]: Message Filter dropping message: frame 'odom' at time 0.000 for reason 'Unknown'
[INFO] [1676282652.122110504] [rviz2]: Message Filter dropping message: frame 'odom' at time 1676282650.101 for reason 'Unknown'
[INFO] [1676282652.218200308] [rviz2]: Message Filter dropping message: frame 'base_scan' at time 124.801 for reason 'Unknown'
[INFO] [1676282652.313792638] [rviz2]: Message Filter dropping message: frame 'odom' at time 1676282650.301 for reason 'Unknown'
[INFO] [1676282652.409947886] [rviz2]: Message Filter dropping message: frame 'base_scan' at time 125.001 for reason 'Unknown'
[INFO] [1676282652.506218353] [rviz2]: Message Filter dropping message: frame 'odom' at time 1676282650.501 for reason 'Unknown'
[INFO] [1676282652.601597120] [rviz2]: Message Filter dropping message: frame 'base_scan' at time 125.201 for reason 'Unknown'
[INFO] [1676282652.729564234] [rviz2]: Message Filter dropping message: frame 'odom' at time 0.000 for reason 'Unknown'
[INFO] [1676282652.729694238] [rviz2]: Message Filter dropping message: frame 'odom' at time 1676282650.701 for reason 'Unknown'
[INFO] [1676282652.826211293] [rviz2]: Message Filter dropping message: frame 'base_scan' at time 125.401 for reason 'Unknown'
[INFO] [1676282652.921618797] [rviz2]: Message Filter dropping message: frame 'odom' at time 1676282650.902 for reason 'Unknown'
[INFO] [1676282653.017725205] [rviz2]: Message Filter dropping message: frame 'base_scan' at time 125.601 for reason 'Unknown'
[INFO] [1676282653.081945581] [rviz2]: Waiting for the lifecycle_manager_navigation/is_active service...
[INFO] [1676282653.082246084] [rviz2]: Sending lifecycle_manager_navigation/is_active request
[INFO] [1676282653.114473741] [rviz2]: Message Filter dropping message: frame 'odom' at time 1676282651.101 for reason 'Unknown'
[INFO] [1676282653.209967286] [rviz2]: Message Filter dropping message: frame 'base_scan' at time 125.801 for reason 'Unknown'
[INFO] [1676282653.306364608] [rviz2]: Message Filter dropping message: frame 'odom' at time 0.000 for reason 'Unknown'
[INFO] [1676282653.306486430] [rviz2]: Message Filter dropping message: frame 'odom' at time 1676282651.301 for reason 'Unknown'
[INFO] [1676282653.403099008] [rviz2]: Message Filter dropping message: frame 'base_scan' at time 126.001 for reason 'Unknown'
[INFO] [1676282653.511608135] [rviz2]: Setting estimate pose: Frame:map, Position(-1.66668, -0.609028, 0), Orientation(0, 0, -0.0447987, 0.998996) = Angle: -0.0896275
[INFO] [1676282653.530052133] [rviz2]: Message Filter dropping message: frame 'odom' at time 1676282651.502 for reason 'Unknown'
[INFO] [1676282653.626100133] [rviz2]: Message Filter dropping message: frame 'base_scan' at time 126.201 for reason 'Unknown'
[INFO] [1676282653.645468046] [rviz2]: Message Filter dropping message: frame 'odom' at time 0.000 for reason 'Unknown'
[INFO] [1676282653.645575821] [rviz2]: Message Filter dropping message: frame 'odom' at time 0.000 for reason 'Unknown'
[INFO] [1676282653.645722146] [rviz2]: Message Filter dropping message: frame 'odom' at time 0.000 for reason 'Unknown'
[INFO] [1676282653.645859144] [rviz2]: Message Filter dropping message: frame 'odom' at time 0.000 for reason 'Unknown'
[INFO] [1676282653.645996783] [rviz2]: Message Filter dropping message: frame 'odom' at time 0.000 for reason 'Unknown'
[INFO] [1676282653.646159544] [rviz2]: Message Filter dropping message: frame 'odom' at time 0.000 for reason 'Unknown'
[INFO] [1676282653.646260166] [rviz2]: Message Filter dropping message: frame 'odom' at time 0.000 for reason 'Unknown'
[INFO] [1676282653.646339816] [rviz2]: Message Filter dropping message: frame 'odom' at time 0.000 for reason 'Unknown'
[INFO] [1676282653.646387343] [rviz2]: Message Filter dropping message: frame 'odom' at time 0.000 for reason 'Unknown'
[INFO] [1676282653.646460587] [rviz2]: Message Filter dropping message: frame 'odom' at time 0.000 for reason 'Unknown'
[INFO] [1676282653.721779397] [rviz2]: Message Filter dropping message: frame 'odom' at time 1676282651.701 for reason 'Unknown'
[INFO] [1676282653.817616653] [rviz2]: Message Filter dropping message: frame 'base_scan' at time 126.401 for reason 'Unknown'
[INFO] [1676282653.913825355] [rviz2]: Trying to create a map of size 60 x 60 using 1 swatches
[INFO] [1676282653.915810511] [rviz2]: Message Filter dropping message: frame 'odom' at time 1676282651.901 for reason 'Unknown'
[INFO] [1676282654.010356454] [rviz2]: Message Filter dropping message: frame 'base_scan' at time 126.601 for reason 'Unknown'
[INFO] [1676282654.082713409] [rviz2]: Waiting for the lifecycle_manager_navigation/is_active service...
[INFO] [1676282654.082929801] [rviz2]: Sending lifecycle_manager_navigation/is_active request
[INFO] [1676282654.106348973] [rviz2]: Message Filter dropping message: frame 'odom' at time 1676282652.101 for reason 'Unknown'
[INFO] [1676282654.233923235] [rviz2]: Message Filter dropping message: frame 'base_scan' at time 126.801 for reason 'Unknown'
[INFO] [1676282654.329873828] [rviz2]: Message Filter dropping message: frame 'odom' at time 1676282652.302 for reason 'Unknown'
[INFO] [1676282654.426489586] [rviz2]: Message Filter dropping message: frame 'base_scan' at time 127.000 for reason 'Unknown'
[INFO] [1676282654.523627021] [rviz2]: Message Filter dropping message: frame 'odom' at time 1676282652.501 for reason 'Unknown'
[INFO] [1676282654.650084184] [rviz2]: Message Filter dropping message: frame 'base_scan' at time 127.201 for reason 'Unknown'
[INFO] [1676282654.713529443] [rviz2]: Message Filter dropping message: frame 'odom' at time 1676282652.701 for reason 'Unknown'
[INFO] [1676282654.905840983] [rviz2]: Trying to create a map of size 384 x 384 using 1 swatches
[INFO] [1676282654.907273980] [rviz2]: Message Filter dropping message: frame 'odom' at time 1676282652.901 for reason 'Unknown'
[INFO] [1676282654.956895426] [rviz2]: Waiting for the lifecycle_manager_localization/is_active service...
[INFO] [1676282654.957042863] [rviz2]: Sending lifecycle_manager_localization/is_active request
[INFO] [1676282655.130215735] [rviz2]: Message Filter dropping message: frame 'odom' at time 1676282653.101 for reason 'Unknown'
[INFO] [1676282655.321816083] [rviz2]: Message Filter dropping message: frame 'odom' at time 1676282653.301 for reason 'Unknown'
[INFO] [1676282655.514259455] [rviz2]: Message Filter dropping message: frame 'odom' at time 1676282653.501 for reason 'Unknown'
[INFO] [1676282655.706055244] [rviz2]: Message Filter dropping message: frame 'odom' at time 1676282653.701 for reason 'Unknown'
[INFO] [1676282655.929656455] [rviz2]: Message Filter dropping message: frame 'odom' at time 1676282653.902 for reason 'Unknown'
[INFO] [1676282656.121473863] [rviz2]: Message Filter dropping message: frame 'odom' at time 1676282654.101 for reason 'Unknown'
[INFO] [1676282656.314297733] [rviz2]: Message Filter dropping message: frame 'odom' at time 1676282654.301 for reason 'Unknown'
[INFO] [1676282656.506159646] [rviz2]: Message Filter dropping message: frame 'odom' at time 1676282654.501 for reason 'Unknown'
[INFO] [1676282656.729675715] [rviz2]: Message Filter dropping message: frame 'odom' at time 1676282654.701 for reason 'Unknown'
[INFO] [1676282656.922915657] [rviz2]: Message Filter dropping message: frame 'odom' at time 1676282654.901 for reason 'Unknown'
[INFO] [1676282657.114313280] [rviz2]: Message Filter dropping message: frame 'odom' at time 1676282655.101 for reason 'Unknown'
[INFO] [1676282657.306191844] [rviz2]: Message Filter dropping message: frame 'odom' at time 1676282655.301 for reason 'Unknown'
[INFO] [1676282657.530498936] [rviz2]: Message Filter dropping message: frame 'odom' at time 1676282655.501 for reason 'Unknown'
[INFO] [1676282657.722229941] [rviz2]: Message Filter dropping message: frame 'odom' at time 1676282655.701 for reason 'Unknown'
[INFO] [1676282657.914755383] [rviz2]: Message Filter dropping message: frame 'odom' at time 1676282655.901 for reason 'Unknown'
[INFO] [1676282658.106073876] [rviz2]: Message Filter dropping message: frame 'odom' at time 1676282656.101 for reason 'Unknown'
[INFO] [1676282658.330095019] [rviz2]: Message Filter dropping message: frame 'odom' at time 1676282656.301 for reason 'Unknown'
[INFO] [1676282658.521523827] [rviz2]: Message Filter dropping message: frame 'odom' at time 1676282656.501 for reason 'Unknown'
[INFO] [1676282658.714887162] [rviz2]: Message Filter dropping message: frame 'odom' at time 1676282656.701 for reason 'Unknown'
[INFO] [1676282658.905664628] [rviz2]: Message Filter dropping message: frame 'odom' at time 1676282656.901 for reason 'Unknown'
[INFO] [1676282659.130082339] [rviz2]: Message Filter dropping message: frame 'odom' at time 1676282657.101 for reason 'Unknown'
[INFO] [1676282659.322997017] [rviz2]: Message Filter dropping message: frame 'odom' at time 1676282657.301 for reason 'Unknown'
[INFO] [1676282659.514270285] [rviz2]: Message Filter dropping message: frame 'odom' at time 1676282657.501 for reason 'Unknown'
[INFO] [1676282659.705954259] [rviz2]: Message Filter dropping message: frame 'odom' at time 1676282657.701 for reason 'Unknown'
[INFO] [1676282659.931494142] [rviz2]: Message Filter dropping message: frame 'odom' at time 1676282657.901 for reason 'Unknown'
[INFO] [1676282660.121966991] [rviz2]: Message Filter dropping message: frame 'odom' at time 1676282658.101 for reason 'Unknown'
[INFO] [1676282660.313858887] [rviz2]: Message Filter dropping message: frame 'odom' at time 1676282658.301 for reason 'Unknown'
[INFO] [1676282660.506723102] [rviz2]: Message Filter dropping message: frame 'odom' at time 1676282658.501 for reason 'Unknown'
[INFO] [1676282660.730290148] [rviz2]: Message Filter dropping message: frame 'odom' at time 1676282658.701 for reason 'Unknown'
[INFO] [1676282660.922080405] [rviz2]: Message Filter dropping message: frame 'odom' at time 1676282658.901 for reason 'Unknown'
[INFO] [1676282661.114747053] [rviz2]: Message Filter dropping message: frame 'odom' at time 1676282659.101 for reason 'Unknown'
[INFO] [1676282661.306078872] [rviz2]: Message Filter dropping message: frame 'odom' at time 1676282659.301 for reason 'Unknown'
[INFO] [1676282661.529787827] [rviz2]: Message Filter dropping message: frame 'odom' at time 1676282659.501 for reason 'Unknown'
[INFO] [1676282661.722749515] [rviz2]: Message Filter dropping message: frame 'odom' at time 1676282659.701 for reason 'Unknown'
[INFO] [1676282661.915088791] [rviz2]: Message Filter dropping message: frame 'odom' at time 1676282659.901 for reason 'Unknown'
[INFO] [1676282662.105965373] [rviz2]: Message Filter dropping message: frame 'odom' at time 1676282660.101 for reason 'Unknown'
[INFO] [1676282662.330333806] [rviz2]: Message Filter dropping message: frame 'odom' at time 1676282660.301 for reason 'Unknown'
[INFO] [1676282662.522079212] [rviz2]: Message Filter dropping message: frame 'odom' at time 1676282660.501 for reason 'Unknown'
[INFO] [1676282662.713868736] [rviz2]: Message Filter dropping message: frame 'odom' at time 1676282660.701 for reason 'Unknown'
[INFO] [1676282662.906057465] [rviz2]: Message Filter dropping message: frame 'odom' at time 1676282660.901 for reason 'Unknown'
[INFO] [1676282662.910006116] [rviz2]: Message Filter dropping message: frame 'base_scan' at time 127.401 for reason 'Unknown'
[INFO] [1676282663.115808111] [rviz2]: Message Filter dropping message: frame 'base_scan' at time 127.602 for reason 'Unknown'
[INFO] [1676282663.130010152] [rviz2]: Message Filter dropping message: frame 'odom' at time 1676282661.101 for reason 'Unknown'
[INFO] [1676282663.320182707] [rviz2]: Message Filter dropping message: frame 'base_scan' at time 127.802 for reason 'Unknown'
[INFO] [1676282663.322246700] [rviz2]: Message Filter dropping message: frame 'odom' at time 1676282661.301 for reason 'Unknown'
[INFO] [1676282663.491256663] [rviz2]: Message Filter dropping message: frame 'base_scan' at time 128.002 for reason 'Unknown'
[INFO] [1676282663.515293856] [rviz2]: Message Filter dropping message: frame 'odom' at time 1676282661.501 for reason 'Unknown'
[INFO] [1676282663.698661723] [rviz2]: Message Filter dropping message: frame 'base_scan' at time 128.202 for reason 'Unknown'
[INFO] [1676282663.706450299] [rviz2]: Message Filter dropping message: frame 'odom' at time 1676282661.701 for reason 'Unknown'
[INFO] [1676282663.902325188] [rviz2]: Message Filter dropping message: frame 'base_scan' at time 128.401 for reason 'Unknown'
[INFO] [1676282663.930735155] [rviz2]: Message Filter dropping message: frame 'odom' at time 1676282661.901 for reason 'Unknown'
[INFO] [1676282664.106852915] [rviz2]: Message Filter dropping message: frame 'base_scan' at time 128.602 for reason 'Unknown'
[INFO] [1676282664.122639189] [rviz2]: Message Filter dropping message: frame 'odom' at time 1676282662.101 for reason 'Unknown'
[INFO] [1676282664.312693902] [rviz2]: Message Filter dropping message: frame 'base_scan' at time 128.802 for reason 'Unknown'
[INFO] [1676282664.315236901] [rviz2]: Message Filter dropping message: frame 'odom' at time 1676282662.301 for reason 'Unknown'
[INFO] [1676282664.505981484] [rviz2]: Message Filter dropping message: frame 'odom' at time 1676282662.501 for reason 'Unknown'
[INFO] [1676282664.525626668] [rviz2]: Message Filter dropping message: frame 'base_scan' at time 129.002 for reason 'Unknown'
[INFO] [1676282664.733361125] [rviz2]: Message Filter dropping message: frame 'odom' at time 1676282662.701 for reason 'Unknown'
[INFO] [1676282664.922314773] [rviz2]: Message Filter dropping message: frame 'odom' at time 1676282662.901 for reason 'Unknown'
[INFO] [1676282665.113699345] [rviz2]: Message Filter dropping message: frame 'odom' at time 1676282663.101 for reason 'Unknown'
[INFO] [1676282665.306563537] [rviz2]: Message Filter dropping message: frame 'odom' at time 1676282663.301 for reason 'Unknown'
[INFO] [1676282665.529894523] [rviz2]: Message Filter dropping message: frame 'odom' at time 1676282663.501 for reason 'Unknown'
[INFO] [1676282665.722456740] [rviz2]: Message Filter dropping message: frame 'odom' at time 1676282663.701 for reason 'Unknown'
[INFO] [1676282665.915211387] [rviz2]: Message Filter dropping message: frame 'odom' at time 1676282663.901 for reason 'Unknown'
[INFO] [1676282666.106028260] [rviz2]: Message Filter dropping message: frame 'odom' at time 1676282664.101 for reason 'Unknown'
[INFO] [1676282666.330269681] [rviz2]: Message Filter dropping message: frame 'odom' at time 1676282664.301 for reason 'Unknown'
[INFO] [1676282666.523021312] [rviz2]: Message Filter dropping message: frame 'odom' at time 1676282664.501 for reason 'Unknown'
[INFO] [1676282666.714860898] [rviz2]: Message Filter dropping message: frame 'odom' at time 1676282664.701 for reason 'Unknown'
[INFO] [1676282666.906297593] [rviz2]: Message Filter dropping message: frame 'odom' at time 1676282664.901 for reason 'Unknown'
[INFO] [1676282667.130366172] [rviz2]: Message Filter dropping message: frame 'odom' at time 1676282665.101 for reason 'Unknown'
[INFO] [1676282667.322626893] [rviz2]: Message Filter dropping message: frame 'odom' at time 1676282665.301 for reason 'Unknown'
[INFO] [1676282667.514037504] [rviz2]: Message Filter dropping message: frame 'odom' at time 1676282665.501 for reason 'Unknown'
[INFO] [1676282667.706367640] [rviz2]: Message Filter dropping message: frame 'odom' at time 1676282665.701 for reason 'Unknown'
[INFO] [1676282667.931130230] [rviz2]: Message Filter dropping message: frame 'odom' at time 1676282665.901 for reason 'Unknown'
[INFO] [1676282668.122013859] [rviz2]: Message Filter dropping message: frame 'odom' at time 1676282666.101 for reason 'Unknown'
[INFO] [1676282668.314801374] [rviz2]: Message Filter dropping message: frame 'odom' at time 1676282666.301 for reason 'Unknown'
[INFO] [1676282668.506048785] [rviz2]: Message Filter dropping message: frame 'odom' at time 1676282666.501 for reason 'Unknown'
[INFO] [1676282668.733180938] [rviz2]: Message Filter dropping message: frame 'odom' at time 1676282666.701 for reason 'Unknown'
[INFO] [1676282668.924249543] [rviz2]: Message Filter dropping message: frame 'odom' at time 1676282666.901 for reason 'Unknown'
[INFO] [1676282669.114015715] [rviz2]: Message Filter dropping message: frame 'odom' at time 1676282667.101 for reason 'Unknown'
[INFO] [1676282669.306004485] [rviz2]: Message Filter dropping message: frame 'odom' at time 1676282667.301 for reason 'Unknown'
[INFO] [1676282669.531205714] [rviz2]: Message Filter dropping message: frame 'odom' at time 1676282667.501 for reason 'Unknown'
[INFO] [1676282669.722681166] [rviz2]: Message Filter dropping message: frame 'odom' at time 1676282667.701 for reason 'Unknown'
[INFO] [1676282669.915021886] [rviz2]: Message Filter dropping message: frame 'odom' at time 1676282667.901 for reason 'Unknown'
[INFO] [1676282670.108132856] [rviz2]: Message Filter dropping message: frame 'odom' at time 1676282668.101 for reason 'Unknown'
[INFO] [1676282670.330369791] [rviz2]: Message Filter dropping message: frame 'odom' at time 1676282668.301 for reason 'Unknown'
[INFO] [1676282670.521989381] [rviz2]: Message Filter dropping message: frame 'odom' at time 1676282668.501 for reason 'Unknown'
[INFO] [1676282670.714380851] [rviz2]: Message Filter dropping message: frame 'odom' at time 1676282668.701 for reason 'Unknown'
[INFO] [1676282670.907086093] [rviz2]: Message Filter dropping message: frame 'odom' at time 1676282668.901 for reason 'Unknown'
[INFO] [1676282671.131309034] [rviz2]: Message Filter dropping message: frame 'odom' at time 1676282669.101 for reason 'Unknown'
[INFO] [1676282671.322230561] [rviz2]: Message Filter dropping message: frame 'odom' at time 1676282669.301 for reason 'Unknown'
[INFO] [1676282671.513974205] [rviz2]: Message Filter dropping message: frame 'odom' at time 1676282669.501 for reason 'Unknown'
[INFO] [1676282671.706367074] [rviz2]: Message Filter dropping message: frame 'odom' at time 1676282669.701 for reason 'Unknown'
[INFO] [1676282671.930213111] [rviz2]: Message Filter dropping message: frame 'odom' at time 1676282669.901 for reason 'Unknown'
[INFO] [1676282672.122606221] [rviz2]: Message Filter dropping message: frame 'odom' at time 1676282670.101 for reason 'Unknown'
[INFO] [1676282672.313563850] [rviz2]: Message Filter dropping message: frame 'odom' at time 1676282670.301 for reason 'Unknown'
[INFO] [1676282672.509935582] [rviz2]: Message Filter dropping message: frame 'odom' at time 1676282670.501 for reason 'Unknown'
[INFO] [1676282672.729942438] [rviz2]: Message Filter dropping message: frame 'odom' at time 1676282670.701 for reason 'Unknown'
[INFO] [1676282672.925153480] [rviz2]: Message Filter dropping message: frame 'odom' at time 1676282670.901 for reason 'Unknown'
[INFO] [1676282673.114856483] [rviz2]: Message Filter dropping message: frame 'odom' at time 1676282671.101 for reason 'Unknown'
[INFO] [1676282673.306125594] [rviz2]: Message Filter dropping message: frame 'odom' at time 1676282671.301 for reason 'Unknown'
[INFO] [1676282673.542674768] [rviz2]: Message Filter dropping message: frame 'odom' at time 1676282671.501 for reason 'Unknown'
[INFO] [1676282673.722705587] [rviz2]: Message Filter dropping message: frame 'odom' at time 1676282671.701 for reason 'Unknown'
[INFO] [1676282673.914301584] [rviz2]: Message Filter dropping message: frame 'odom' at time 1676282671.901 for reason 'Unknown'
[INFO] [1676282674.106074896] [rviz2]: Message Filter dropping message: frame 'odom' at time 1676282672.101 for reason 'Unknown'
[INFO] [1676282674.330731390] [rviz2]: Message Filter dropping message: frame 'odom' at time 1676282672.301 for reason 'Unknown'
[INFO] [1676282674.525316446] [rviz2]: Message Filter dropping message: frame 'odom' at time 1676282672.501 for reason 'Unknown'
[INFO] [1676282674.714478102] [rviz2]: Message Filter dropping message: frame 'odom' at time 1676282672.701 for reason 'Unknown'
[INFO] [1676282674.907072203] [rviz2]: Message Filter dropping message: frame 'odom' at time 1676282672.901 for reason 'Unknown'
[INFO] [1676282675.130319116] [rviz2]: Message Filter dropping message: frame 'odom' at time 1676282673.101 for reason 'Unknown'
[INFO] [1676282675.322711322] [rviz2]: Message Filter dropping message: frame 'odom' at time 1676282673.301 for reason 'Unknown'
[INFO] [1676282675.514615566] [rviz2]: Message Filter dropping message: frame 'odom' at time 1676282673.503 for reason 'Unknown'
[INFO] [1676282675.705571581] [rviz2]: Message Filter dropping message: frame 'odom' at time 1676282673.701 for reason 'Unknown'
[INFO] [1676282675.930205835] [rviz2]: Message Filter dropping message: frame 'odom' at time 1676282673.901 for reason 'Unknown'
[INFO] [1676282676.122940511] [rviz2]: Message Filter dropping message: frame 'odom' at time 1676282674.101 for reason 'Unknown'
[INFO] [1676282676.314328141] [rviz2]: Message Filter dropping message: frame 'odom' at time 1676282674.301 for reason 'Unknown'
[INFO] [1676282676.505872813] [rviz2]: Message Filter dropping message: frame 'odom' at time 1676282674.501 for reason 'Unknown'
[INFO] [1676282676.730805603] [rviz2]: Message Filter dropping message: frame 'odom' at time 1676282674.701 for reason 'Unknown'
[INFO] [1676282676.923181020] [rviz2]: Message Filter dropping message: frame 'odom' at time 1676282674.901 for reason 'Unknown'
[INFO] [1676282677.114402844] [rviz2]: Message Filter dropping message: frame 'odom' at time 1676282675.101 for reason 'Unknown'
[INFO] [1676282677.311809935] [rviz2]: Message Filter dropping message: frame 'odom' at time 1676282675.301 for reason 'Unknown'
[INFO] [1676282677.533258430] [rviz2]: Message Filter dropping message: frame 'odom' at time 1676282675.501 for reason 'Unknown'
[INFO] [1676282677.722523700] [rviz2]: Message Filter dropping message: frame 'odom' at time 1676282675.701 for reason 'Unknown'
[INFO] [1676282677.914452414] [rviz2]: Message Filter dropping message: frame 'odom' at time 1676282675.901 for reason 'Unknown'
[INFO] [1676282678.105514323] [rviz2]: Message Filter dropping message: frame 'odom' at time 1676282676.101 for reason 'Unknown'
[INFO] [1676282678.332559893] [rviz2]: Message Filter dropping message: frame 'odom' at time 1676282676.301 for reason 'Unknown'
[INFO] [1676282678.522908207] [rviz2]: Message Filter dropping message: frame 'odom' at time 1676282676.501 for reason 'Unknown'
[INFO] [1676282678.714322052] [rviz2]: Message Filter dropping message: frame 'odom' at time 1676282676.701 for reason 'Unknown'
[INFO] [1676282678.906163008] [rviz2]: Message Filter dropping message: frame 'odom' at time 1676282676.901 for reason 'Unknown'
[INFO] [1676282679.130385706] [rviz2]: Message Filter dropping message: frame 'odom' at time 1676282677.101 for reason 'Unknown'
[INFO] [1676282679.322457693] [rviz2]: Message Filter dropping message: frame 'odom' at time 1676282677.301 for reason 'Unknown'
[INFO] [1676282679.513612530] [rviz2]: Message Filter dropping message: frame 'odom' at time 1676282677.501 for reason 'Unknown'
[INFO] [1676282679.706365018] [rviz2]: Message Filter dropping message: frame 'odom' at time 1676282677.701 for reason 'Unknown'
[INFO] [1676282679.931329758] [rviz2]: Message Filter dropping message: frame 'odom' at time 1676282677.901 for reason 'Unknown'
[INFO] [1676282680.128851627] [rviz2]: Message Filter dropping message: frame 'odom' at time 1676282678.101 for reason 'Unknown'
[INFO] [1676282680.314778897] [rviz2]: Message Filter dropping message: frame 'odom' at time 1676282678.301 for reason 'Unknown'
[INFO] [1676282680.505785304] [rviz2]: Message Filter dropping message: frame 'odom' at time 1676282678.501 for reason 'Unknown'
[INFO] [1676282680.730168388] [rviz2]: Message Filter dropping message: frame 'odom' at time 1676282678.701 for reason 'Unknown'
[INFO] [1676282680.924078637] [rviz2]: Message Filter dropping message: frame 'odom' at time 1676282678.901 for reason 'Unknown'
[INFO] [1676282681.114653931] [rviz2]: Message Filter dropping message: frame 'odom' at time 1676282679.101 for reason 'Unknown'
[INFO] [1676282681.305574504] [rviz2]: Message Filter dropping message: frame 'odom' at time 1676282679.301 for reason 'Unknown'
[INFO] [1676282681.530589550] [rviz2]: Message Filter dropping message: frame 'odom' at time 1676282679.501 for reason 'Unknown'
[INFO] [1676282681.722398166] [rviz2]: Message Filter dropping message: frame 'odom' at time 1676282679.701 for reason 'Unknown'
[INFO] [1676282681.921040292] [rviz2]: Message Filter dropping message: frame 'odom' at time 1676282679.901 for reason 'Unknown'
[INFO] [1676282682.106224173] [rviz2]: Message Filter dropping message: frame 'odom' at time 1676282680.101 for reason 'Unknown'
[INFO] [1676282682.329737337] [rviz2]: Message Filter dropping message: frame 'odom' at time 1676282680.301 for reason 'Unknown'
[INFO] [1676282682.522594799] [rviz2]: Message Filter dropping message: frame 'odom' at time 1676282680.501 for reason 'Unknown'
[INFO] [1676282682.716810316] [rviz2]: Message Filter dropping message: frame 'odom' at time 1676282680.701 for reason 'Unknown'
[INFO] [1676282682.905770273] [rviz2]: Message Filter dropping message: frame 'odom' at time 1676282680.901 for reason 'Unknown'
[INFO] [1676282683.131237317] [rviz2]: Message Filter dropping message: frame 'odom' at time 1676282681.101 for reason 'Unknown'
[INFO] [1676282683.322850525] [rviz2]: Message Filter dropping message: frame 'odom' at time 1676282681.301 for reason 'Unknown'
[INFO] [1676282683.514076527] [rviz2]: Message Filter dropping message: frame 'odom' at time 1676282681.501 for reason 'Unknown'
[INFO] [1676282683.706101330] [rviz2]: Message Filter dropping message: frame 'odom' at time 1676282681.701 for reason 'Unknown'
[INFO] [1676282683.931145186] [rviz2]: Message Filter dropping message: frame 'odom' at time 1676282681.901 for reason 'Unknown'
[INFO] [1676282684.122254904] [rviz2]: Message Filter dropping message: frame 'odom' at time 1676282682.101 for reason 'Unknown'
[INFO] [1676282684.314221305] [rviz2]: Message Filter dropping message: frame 'odom' at time 1676282682.301 for reason 'Unknown'
[INFO] [1676282684.511761935] [rviz2]: Message Filter dropping message: frame 'odom' at time 1676282682.501 for reason 'Unknown'
[INFO] [1676282684.729716902] [rviz2]: Message Filter dropping message: frame 'odom' at time 1676282682.701 for reason 'Unknown'
[INFO] [1676282684.922640538] [rviz2]: Message Filter dropping message: frame 'odom' at time 1676282682.901 for reason 'Unknown'
[INFO] [1676282685.119239613] [rviz2]: Message Filter dropping message: frame 'odom' at time 1676282683.101 for reason 'Unknown'
[INFO] [1676282685.306143578] [rviz2]: Message Filter dropping message: frame 'odom' at time 1676282683.301 for reason 'Unknown'
[INFO] [1676282685.529703941] [rviz2]: Message Filter dropping message: frame 'odom' at time 1676282683.501 for reason 'Unknown'
[INFO] [1676282685.723254415] [rviz2]: Message Filter dropping message: frame 'odom' at time 1676282683.701 for reason 'Unknown'
[INFO] [1676282685.914755890] [rviz2]: Message Filter dropping message: frame 'odom' at time 1676282683.901 for reason 'Unknown'
[INFO] [1676282686.106246561] [rviz2]: Message Filter dropping message: frame 'odom' at time 1676282684.101 for reason 'Unknown'
[INFO] [1676282686.331124458] [rviz2]: Message Filter dropping message: frame 'odom' at time 1676282684.301 for reason 'Unknown'
[INFO] [1676282686.522416436] [rviz2]: Message Filter dropping message: frame 'odom' at time 1676282684.501 for reason 'Unknown'
[INFO] [1676282686.713861115] [rviz2]: Message Filter dropping message: frame 'odom' at time 1676282684.701 for reason 'Unknown'
[INFO] [1676282686.909540521] [rviz2]: Message Filter dropping message: frame 'odom' at time 1676282684.902 for reason 'Unknown'
[INFO] [1676282687.130366191] [rviz2]: Message Filter dropping message: frame 'odom' at time 1676282685.101 for reason 'Unknown'
[INFO] [1676282687.322116257] [rviz2]: Message Filter dropping message: frame 'odom' at time 1676282685.301 for reason 'Unknown'
[INFO] [1676282687.514756316] [rviz2]: Message Filter dropping message: frame 'odom' at time 1676282685.501 for reason 'Unknown'
[INFO] [1676282687.706585106] [rviz2]: Message Filter dropping message: frame 'odom' at time 1676282685.701 for reason 'Unknown'
[INFO] [1676282687.932342194] [rviz2]: Message Filter dropping message: frame 'odom' at time 1676282685.901 for reason 'Unknown'
[INFO] [1676282688.122430132] [rviz2]: Message Filter dropping message: frame 'odom' at time 1676282686.101 for reason 'Unknown'
[INFO] [1676282688.314205191] [rviz2]: Message Filter dropping message: frame 'odom' at time 1676282686.301 for reason 'Unknown'
[INFO] [1676282688.505832892] [rviz2]: Message Filter dropping message: frame 'odom' at time 1676282686.501 for reason 'Unknown'
[INFO] [1676282688.731135496] [rviz2]: Message Filter dropping message: frame 'odom' at time 1676282686.701 for reason 'Unknown'
[INFO] [1676282688.923013363] [rviz2]: Message Filter dropping message: frame 'odom' at time 1676282686.901 for reason 'Unknown'
[INFO] [1676282689.113658592] [rviz2]: Message Filter dropping message: frame 'odom' at time 1676282687.102 for reason 'Unknown'
[INFO] [1676282689.307817116] [rviz2]: Message Filter dropping message: frame 'odom' at time 1676282687.301 for reason 'Unknown'
[INFO] [1676282689.530262925] [rviz2]: Message Filter dropping message: frame 'odom' at time 1676282687.501 for reason 'Unknown'
[INFO] [1676282689.722613858] [rviz2]: Message Filter dropping message: frame 'odom' at time 1676282687.701 for reason 'Unknown'
[INFO] [1676282689.914494313] [rviz2]: Message Filter dropping message: frame 'odom' at time 1676282687.901 for reason 'Unknown'
[INFO] [1676282690.106388774] [rviz2]: Message Filter dropping message: frame 'odom' at time 1676282688.101 for reason 'Unknown'
[INFO] [1676282690.330048847] [rviz2]: Message Filter dropping message: frame 'odom' at time 1676282688.301 for reason 'Unknown'
[INFO] [1676282690.523976665] [rviz2]: Message Filter dropping message: frame 'odom' at time 1676282688.501 for reason 'Unknown'
[INFO] [1676282690.714044199] [rviz2]: Message Filter dropping message: frame 'odom' at time 1676282688.701 for reason 'Unknown'
[INFO] [1676282690.907285982] [rviz2]: Message Filter dropping message: frame 'odom' at time 1676282688.901 for reason 'Unknown'
[INFO] [1676282691.130633961] [rviz2]: Message Filter dropping message: frame 'odom' at time 1676282689.101 for reason 'Unknown'
[INFO] [1676282691.322126054] [rviz2]: Message Filter dropping message: frame 'odom' at time 1676282689.301 for reason 'Unknown'
[INFO] [1676282691.514156623] [rviz2]: Message Filter dropping message: frame 'odom' at time 1676282689.501 for reason 'Unknown'
[INFO] [1676282691.711947953] [rviz2]: Message Filter dropping message: frame 'odom' at time 1676282689.701 for reason 'Unknown'
[INFO] [1676282691.930641384] [rviz2]: Message Filter dropping message: frame 'odom' at time 1676282689.901 for reason 'Unknown'
[INFO] [1676282692.121884438] [rviz2]: Message Filter dropping message: frame 'odom' at time 1676282690.101 for reason 'Unknown'
[INFO] [1676282692.314228088] [rviz2]: Message Filter dropping message: frame 'odom' at time 1676282690.301 for reason 'Unknown'
[INFO] [1676282692.506360772] [rviz2]: Message Filter dropping message: frame 'odom' at time 1676282690.501 for reason 'Unknown'
[INFO] [1676282692.730285043] [rviz2]: Message Filter dropping message: frame 'odom' at time 1676282690.701 for reason 'Unknown'
[INFO] [1676282692.922922530] [rviz2]: Message Filter dropping message: frame 'odom' at time 1676282690.901 for reason 'Unknown'
[INFO] [1676282693.114327483] [rviz2]: Message Filter dropping message: frame 'odom' at time 1676282691.101 for reason 'Unknown'
[INFO] [1676282693.306242285] [rviz2]: Message Filter dropping message: frame 'odom' at time 1676282691.301 for reason 'Unknown'
[INFO] [1676282693.530649541] [rviz2]: Message Filter dropping message: frame 'odom' at time 1676282691.501 for reason 'Unknown'
[INFO] [1676282693.722098114] [rviz2]: Message Filter dropping message: frame 'odom' at time 1676282691.701 for reason 'Unknown'
[INFO] [1676282693.914788947] [rviz2]: Message Filter dropping message: frame 'odom' at time 1676282691.901 for reason 'Unknown'
[INFO] [1676282694.106647854] [rviz2]: Message Filter dropping message: frame 'odom' at time 1676282692.101 for reason 'Unknown'
[INFO] [1676282694.330421501] [rviz2]: Message Filter dropping message: frame 'odom' at time 1676282692.301 for reason 'Unknown'
[INFO] [1676282694.522620143] [rviz2]: Message Filter dropping message: frame 'odom' at time 1676282692.501 for reason 'Unknown'
[INFO] [1676282694.714775135] [rviz2]: Message Filter dropping message: frame 'odom' at time 1676282692.701 for reason 'Unknown'
[INFO] [1676282694.906249418] [rviz2]: Message Filter dropping message: frame 'odom' at time 1676282692.901 for reason 'Unknown'
[INFO] [1676282695.130504788] [rviz2]: Message Filter dropping message: frame 'odom' at time 1676282693.101 for reason 'Unknown'
[INFO] [1676282695.325637169] [rviz2]: Message Filter dropping message: frame 'odom' at time 1676282693.301 for reason 'Unknown'
[INFO] [1676282695.514117555] [rviz2]: Message Filter dropping message: frame 'odom' at time 1676282693.501 for reason 'Unknown'
[INFO] [1676282695.705957881] [rviz2]: Message Filter dropping message: frame 'odom' at time 1676282693.701 for reason 'Unknown'
[INFO] [1676282695.938083105] [rviz2]: Message Filter dropping message: frame 'odom' at time 1676282693.901 for reason 'Unknown'
[INFO] [1676282696.121945243] [rviz2]: Message Filter dropping message: frame 'odom' at time 1676282694.101 for reason 'Unknown'
[INFO] [1676282696.314179327] [rviz2]: Message Filter dropping message: frame 'odom' at time 1676282694.301 for reason 'Unknown'
[INFO] [1676282696.506784204] [rviz2]: Message Filter dropping message: frame 'odom' at time 1676282694.501 for reason 'Unknown'
[INFO] [1676282696.729945195] [rviz2]: Message Filter dropping message: frame 'odom' at time 1676282694.701 for reason 'Unknown'
[INFO] [1676282696.922527967] [rviz2]: Message Filter dropping message: frame 'odom' at time 1676282694.901 for reason 'Unknown'
[INFO] [1676282697.114528612] [rviz2]: Message Filter dropping message: frame 'odom' at time 1676282695.101 for reason 'Unknown'
[INFO] [1676282697.305987046] [rviz2]: Message Filter dropping message: frame 'odom' at time 1676282695.301 for reason 'Unknown'
[INFO] [1676282697.530024653] [rviz2]: Message Filter dropping message: frame 'odom' at time 1676282695.501 for reason 'Unknown'
[INFO] [1676282697.722355324] [rviz2]: Message Filter dropping message: frame 'odom' at time 1676282695.701 for reason 'Unknown'
[INFO] [1676282697.916325353] [rviz2]: Message Filter dropping message: frame 'odom' at time 1676282695.902 for reason 'Unknown'
[INFO] [1676282698.106598684] [rviz2]: Message Filter dropping message: frame 'odom' at time 1676282696.101 for reason 'Unknown'
[INFO] [1676282698.331652492] [rviz2]: Message Filter dropping message: frame 'odom' at time 1676282696.301 for reason 'Unknown'
[INFO] [1676282698.522199758] [rviz2]: Message Filter dropping message: frame 'odom' at time 1676282696.501 for reason 'Unknown'
[INFO] [1676282698.533906815] [rclcpp]: signal_handler(signal_value=2)
