12:06:55: Creating resource group General
12:06:55: Creating resource group Internal
12:06:55: Creating resource group Autodetect
12:06:55: SceneManagerFactory for type 'DefaultSceneManager' registered.
12:06:55: Registering ResourceManager for type Material
12:06:55: Registering ResourceManager for type Mesh
12:06:55: Registering ResourceManager for type Skeleton
12:06:55: MovableObjectFactory for type 'ParticleSystem' registered.
12:06:55: ArchiveFactory for archive type FileSystem registered.
12:06:55: ArchiveFactory for archive type Zip registered.
12:06:55: ArchiveFactory for archive type EmbeddedZip registered.
12:06:55: DDS codec registering
12:06:55: FreeImage version: 3.18.0
12:06:55: This program uses FreeImage, a free, open source image library supporting all common bitmap formats. See http://freeimage.sourceforge.net for details
12:06:55: Supported formats: bmp,ico,jpg,jif,jpeg,jpe,jng,koa,iff,lbm,mng,pbm,pbm,pcd,pcx,pgm,pgm,png,ppm,ppm,ras,tga,targa,tif,tiff,wap,wbmp,wbm,psd,psb,cut,xbm,xpm,gif,hdr,g3,sgi,rgb,rgba,bw,exr,j2k,j2c,jp2,pfm,pct,pict,pic,3fr,arw,bay,bmq,cap,cine,cr2,crw,cs1,dc2,dcr,drf,dsc,dng,erf,fff,ia,iiq,k25,kc2,kdc,mdc,mef,mos,mrw,nef,nrw,orf,pef,ptx,pxn,qtk,raf,raw,rdc,rw2,rwl,rwz,sr2,srf,srw,sti,x3f,webp,jxr,wdp,hdp
12:06:55: PVRTC codec registering
12:06:55: ETC codec registering
12:06:55: Registering ResourceManager for type HighLevelGpuProgram
12:06:55: Registering ResourceManager for type Compositor
12:06:55: MovableObjectFactory for type 'Entity' registered.
12:06:55: MovableObjectFactory for type 'Light' registered.
12:06:55: MovableObjectFactory for type 'BillboardSet' registered.
12:06:55: MovableObjectFactory for type 'ManualObject' registered.
12:06:55: MovableObjectFactory for type 'BillboardChain' registered.
12:06:55: MovableObjectFactory for type 'RibbonTrail' registered.
12:06:55: *-*-* OGRE Initialising
12:06:55: *-*-* Version 1.9.0 (Ghadamon)
12:06:55: OverlayElementFactory for type Panel registered.
12:06:55: OverlayElementFactory for type BorderPanel registered.
12:06:55: OverlayElementFactory for type TextArea registered.
12:06:55: Registering ResourceManager for type Font
12:06:55: Loading library /usr/lib/x86_64-linux-gnu/OGRE-1.9.0/RenderSystem_GL.so
12:06:55: Installing plugin: GL RenderSystem
12:06:55: OpenGL Rendering Subsystem created.
12:06:55: Plugin successfully installed
12:06:55: Loading library /usr/lib/x86_64-linux-gnu/OGRE-1.9.0/Plugin_ParticleFX.so
12:06:55: Installing plugin: ParticleFX
12:06:55: Particle Emitter Type 'Point' registered
12:06:55: Particle Emitter Type 'Box' registered
12:06:55: Particle Emitter Type 'Ellipsoid' registered
12:06:55: Particle Emitter Type 'Cylinder' registered
12:06:55: Particle Emitter Type 'Ring' registered
12:06:55: Particle Emitter Type 'HollowEllipsoid' registered
12:06:55: Particle Affector Type 'LinearForce' registered
12:06:55: Particle Affector Type 'ColourFader' registered
12:06:55: Particle Affector Type 'ColourFader2' registered
12:06:55: Particle Affector Type 'ColourImage' registered
12:06:55: Particle Affector Type 'ColourInterpolator' registered
12:06:55: Particle Affector Type 'Scaler' registered
12:06:55: Particle Affector Type 'Rotator' registered
12:06:55: Particle Affector Type 'DirectionRandomiser' registered
12:06:55: Particle Affector Type 'DeflectorPlane' registered
12:06:55: Plugin successfully installed
12:06:55: Loading library /usr/lib/x86_64-linux-gnu/OGRE-1.9.0/Plugin_BSPSceneManager.so
12:06:55: Installing plugin: BSP Scene Manager
12:06:55: Plugin successfully installed
12:06:55: Loading library /usr/lib/x86_64-linux-gnu/OGRE-1.9.0/Plugin_OctreeSceneManager.so
12:06:55: Installing plugin: Octree Scene Manager
12:06:55: Plugin successfully installed
12:06:55: CPU Identifier & Features
12:06:55: -------------------------
12:06:55:  *   CPU ID: GenuineIntel: Intel(R) Core(TM) i5-10210U CPU @ 1.60GHz
12:06:55:  *      SSE: yes
12:06:55:  *     SSE2: yes
12:06:55:  *     SSE3: yes
12:06:55:  *      MMX: yes
12:06:55:  *   MMXEXT: yes
12:06:55:  *    3DNOW: no
12:06:55:  * 3DNOWEXT: no
12:06:55:  *     CMOV: yes
12:06:55:  *      TSC: yes
12:06:55:  *      FPU: yes
12:06:55:  *      PRO: yes
12:06:55:  *       HT: no
12:06:55: -------------------------
12:06:55: ******************************
*** Starting GLX Subsystem ***
******************************
12:06:55: Registering ResourceManager for type Texture
12:06:55: Added resource location '/usr/share/gazebo-11/' of type 'FileSystem' to resource group 'General'
12:06:55: Added resource location '/usr/share/gazebo-11/media' of type 'FileSystem' to resource group 'General'
12:06:55: Creating resource group SkyX
12:06:55: Added resource location '/usr/share/gazebo-11/media/skyx' of type 'FileSystem' to resource group 'SkyX'
12:06:55: Added resource location '/usr/share/gazebo-11/media/rtshaderlib150' of type 'FileSystem' to resource group 'General'
12:06:55: Added resource location '/usr/share/gazebo-11/media/rtshaderlib' of type 'FileSystem' to resource group 'General'
12:06:55: Added resource location '/usr/share/gazebo-11/media/materials/programs' of type 'FileSystem' to resource group 'General'
12:06:55: Added resource location '/usr/share/gazebo-11/media/materials/scripts' of type 'FileSystem' to resource group 'General'
12:06:55: Added resource location '/usr/share/gazebo-11/media/materials/textures' of type 'FileSystem' to resource group 'General'
12:06:55: Added resource location '/usr/share/gazebo-11/media/media/models' of type 'FileSystem' to resource group 'General'
12:06:55: Creating resource group Fonts
12:06:55: Added resource location '/usr/share/gazebo-11/media/fonts' of type 'FileSystem' to resource group 'Fonts'
12:06:55: Creating resource group LookNFeel
12:06:55: Added resource location '/usr/share/gazebo-11/media/gui/looknfeel' of type 'FileSystem' to resource group 'LookNFeel'
12:06:55: Creating resource group Schemes
12:06:55: Added resource location '/usr/share/gazebo-11/media/gui/schemes' of type 'FileSystem' to resource group 'Schemes'
12:06:55: Creating resource group Imagesets
12:06:55: Added resource location '/usr/share/gazebo-11/media/gui/imagesets' of type 'FileSystem' to resource group 'Imagesets'
12:06:55: Added resource location '/usr/share/gazebo-11/media/gui/fonts' of type 'FileSystem' to resource group 'Fonts'
12:06:55: Creating resource group Layouts
12:06:55: Added resource location '/usr/share/gazebo-11/media/gui/layouts' of type 'FileSystem' to resource group 'Layouts'
12:06:55: Creating resource group Animations
12:06:55: Added resource location '/usr/share/gazebo-11/media/gui/animations' of type 'FileSystem' to resource group 'Animations'
12:06:55: GLRenderSystem::_createRenderWindow "OgreWindow(0)", 1x1 windowed  miscParams: FSAA=4 border=none contentScalingFactor=1.000000 macAPI=cocoa macAPICocoaUseNSView=true parentWindowHandle=37748737 stereoMode=Frame Sequential 
12:06:55: GLXWindow::create used FBConfigID = 577
12:06:55: GL_VERSION = 4.6 (Compatibility Profile) Mesa 22.2.5
12:06:55: GL_VENDOR = Intel
12:06:55: GL_RENDERER = Mesa Intel(R) UHD Graphics (CML GT2)
12:06:55: GL_EXTENSIONS = GL_ARB_multisample GL_EXT_abgr GL_EXT_bgra GL_EXT_blend_color GL_EXT_blend_minmax GL_EXT_blend_subtract GL_EXT_copy_texture GL_EXT_subtexture GL_EXT_texture_object GL_EXT_vertex_array GL_EXT_compiled_vertex_array GL_EXT_texture GL_EXT_texture3D GL_IBM_rasterpos_clip GL_ARB_point_parameters GL_EXT_draw_range_elements GL_EXT_packed_pixels GL_EXT_point_parameters GL_EXT_rescale_normal GL_EXT_separate_specular_color GL_EXT_texture_edge_clamp GL_SGIS_generate_mipmap GL_SGIS_texture_border_clamp GL_SGIS_texture_edge_clamp GL_SGIS_texture_lod GL_ARB_framebuffer_sRGB GL_ARB_multitexture GL_EXT_framebuffer_sRGB GL_IBM_multimode_draw_arrays GL_IBM_texture_mirrored_repeat GL_3DFX_texture_compression_FXT1 GL_ARB_texture_cube_map GL_ARB_texture_env_add GL_ARB_transpose_matrix GL_EXT_blend_func_separate GL_EXT_fog_coord GL_EXT_multi_draw_arrays GL_EXT_secondary_color GL_EXT_texture_env_add GL_EXT_texture_filter_anisotropic GL_EXT_texture_lod_bias GL_INGR_blend_func_separate GL_NV_blend_square GL_NV_light_max_exponent GL_NV_texgen_reflection GL_NV_texture_env_combine4 GL_S3_s3tc GL_SUN_multi_draw_arrays GL_ARB_texture_border_clamp GL_ARB_texture_compression GL_EXT_framebuffer_object GL_EXT_texture_compression_s3tc GL_EXT_texture_env_combine GL_EXT_texture_env_dot3 GL_MESA_window_pos GL_NV_packed_depth_stencil GL_NV_texture_rectangle GL_ARB_depth_texture GL_ARB_occlusion_query GL_ARB_shadow GL_ARB_texture_env_combine GL_ARB_texture_env_crossbar GL_ARB_texture_env_dot3 GL_ARB_texture_mirrored_repeat GL_ARB_window_pos GL_ATI_fragment_shader GL_EXT_stencil_two_side GL_EXT_texture_cube_map GL_NV_copy_depth_to_color GL_NV_depth_clamp GL_NV_fog_distance GL_NV_half_float GL_APPLE_packed_pixels GL_ARB_draw_buffers GL_ARB_fragment_program GL_ARB_fragment_shader GL_ARB_shader_objects GL_ARB_vertex_program GL_ARB_vertex_shader GL_ATI_draw_buffers GL_ATI_texture_env_combine3 GL_ATI_texture_float GL_EXT_shadow_funcs GL_EXT_stencil_wrap GL_MESA_pack_invert GL_NV_primitive_restart GL_ARB_depth_clamp GL_ARB_fragment_program_shadow GL_ARB_half_float_pixel GL_ARB_occlusion_query2 GL_ARB_point_sprite GL_ARB_shading_language_100 GL_ARB_sync GL_ARB_texture_non_power_of_two GL_ARB_vertex_buffer_object GL_ATI_blend_equation_separate GL_EXT_blend_equation_separate GL_OES_read_format GL_ARB_color_buffer_float GL_ARB_pixel_buffer_object GL_ARB_texture_compression_rgtc GL_ARB_texture_float GL_ARB_texture_rectangle GL_EXT_packed_float GL_EXT_pixel_buffer_object GL_EXT_texture_compression_dxt1 GL_EXT_texture_compression_rgtc GL_EXT_texture_rectangle GL_EXT_texture_sRGB GL_EXT_texture_shared_exponent GL_ARB_framebuffer_object GL_EXT_framebuffer_blit GL_EXT_framebuffer_multisample GL_EXT_packed_depth_stencil GL_ARB_vertex_array_object GL_ATI_separate_stencil GL_EXT_draw_buffers2 GL_EXT_draw_instanced GL_EXT_gpu_program_parameters GL_EXT_gpu_shader4 GL_EXT_texture_array GL_EXT_texture_integer GL_EXT_texture_sRGB_decode GL_EXT_timer_query GL_OES_EGL_image GL_AMD_performance_monitor GL_EXT_texture_buffer_object GL_AMD_texture_texture4 GL_ARB_copy_buffer GL_ARB_depth_buffer_float GL_ARB_draw_instanced GL_ARB_half_float_vertex GL_ARB_instanced_arrays GL_ARB_map_buffer_range GL_ARB_texture_buffer_object GL_ARB_texture_rg GL_ARB_texture_swizzle GL_ARB_vertex_array_bgra GL_EXT_texture_swizzle GL_EXT_vertex_array_bgra GL_NV_conditional_render GL_AMD_conservative_depth GL_AMD_depth_clamp_separate GL_AMD_draw_buffers_blend GL_AMD_seamless_cubemap_per_texture GL_AMD_shader_stencil_export GL_ARB_ES2_compatibility GL_ARB_blend_func_extended GL_ARB_compatibility GL_ARB_debug_output GL_ARB_draw_buffers_blend GL_ARB_draw_elements_base_vertex GL_ARB_explicit_attrib_location GL_ARB_fragment_coord_conventions GL_ARB_provoking_vertex GL_ARB_sample_shading GL_ARB_sampler_objects GL_ARB_seamless_cube_map GL_ARB_shader_stencil_export GL_ARB_shader_texture_lod GL_ARB_tessellation_shader GL_ARB_texture_buffer_object_rgb32 GL_ARB_texture_cube_map_array GL_ARB_texture_gather GL_ARB_texture_multisample GL_ARB_texture_query_lod GL_ARB_texture_rgb10_a2ui GL_ARB_uniform_buffer_object GL_ARB_vertex_type_2_10_10_10_rev GL_EXT_provoking_vertex GL_EXT_texture_snorm GL_MESA_texture_signed_rgba GL_NV_copy_image GL_NV_texture_barrier GL_ARB_draw_indirect GL_ARB_get_program_binary GL_ARB_gpu_shader5 GL_ARB_gpu_shader_fp64 GL_ARB_robustness GL_ARB_separate_shader_objects GL_ARB_shader_bit_encoding GL_ARB_shader_precision GL_ARB_shader_subroutine GL_ARB_texture_compression_bptc GL_ARB_timer_query GL_ARB_transform_feedback2 GL_ARB_transform_feedback3 GL_ARB_vertex_attrib_64bit GL_ARB_viewport_array GL_EXT_direct_state_access GL_EXT_vertex_attrib_64bit GL_AMD_multi_draw_indirect GL_ANGLE_texture_compression_dxt3 GL_ANGLE_texture_compression_dxt5 GL_ARB_base_instance GL_ARB_compressed_texture_pixel_storage GL_ARB_conservative_depth GL_ARB_internalformat_query GL_ARB_map_buffer_alignment GL_ARB_shader_atomic_counters GL_ARB_shader_image_load_store GL_ARB_shading_language_420pack GL_ARB_shading_language_packing GL_ARB_texture_storage GL_ARB_transform_feedback_instanced GL_EXT_framebuffer_multisample_blit_scaled GL_EXT_transform_feedback GL_AMD_query_buffer_object GL_AMD_shader_trinary_minmax GL_AMD_vertex_shader_layer GL_AMD_vertex_shader_viewport_index GL_ARB_ES3_compatibility GL_ARB_arrays_of_arrays GL_ARB_clear_buffer_object GL_ARB_compute_shader GL_ARB_copy_image GL_ARB_explicit_uniform_location GL_ARB_fragment_layer_viewport GL_ARB_framebuffer_no_attachments GL_ARB_invalidate_subdata GL_ARB_multi_draw_indirect GL_ARB_program_interface_query GL_ARB_robust_buffer_access_behavior GL_ARB_shader_image_size GL_ARB_shader_storage_buffer_object GL_ARB_stencil_texturing GL_ARB_texture_buffer_range GL_ARB_texture_query_levels GL_ARB_texture_storage_multisample GL_ARB_texture_view GL_ARB_vertex_attrib_binding GL_KHR_debug GL_KHR_robustness GL_KHR_texture_compression_astc_ldr GL_AMD_pinned_memory GL_ARB_buffer_storage GL_ARB_clear_texture GL_ARB_compute_variable_group_size GL_ARB_enhanced_layouts GL_ARB_indirect_parameters GL_ARB_internalformat_query2 GL_ARB_multi_bind GL_ARB_query_buffer_object GL_ARB_seamless_cubemap_per_texture GL_ARB_shader_draw_parameters GL_ARB_shader_group_vote GL_ARB_shading_language_include GL_ARB_texture_mirror_clamp_to_edge GL_ARB_texture_stencil8 GL_ARB_vertex_type_10f_11f_11f_rev GL_EXT_shader_framebuffer_fetch GL_EXT_shader_integer_mix GL_INTEL_performance_query GL_ARB_ES3_1_compatibility GL_ARB_clip_control GL_ARB_conditional_render_inverted GL_ARB_cull_distance GL_ARB_derivative_control GL_ARB_direct_state_access GL_ARB_get_texture_sub_image GL_ARB_pipeline_statistics_query GL_ARB_shader_texture_image_samples GL_ARB_texture_barrier GL_ARB_transform_feedback_overflow_query GL_EXT_polygon_offset_clamp GL_KHR_blend_equation_advanced GL_KHR_blend_equation_advanced_coherent GL_KHR_context_flush_control GL_KHR_robust_buffer_access_behavior GL_ARB_ES3_2_compatibility GL_ARB_fragment_shader_interlock GL_ARB_gpu_shader_int64 GL_ARB_parallel_shader_compile GL_ARB_post_depth_coverage GL_ARB_shader_atomic_counter_ops GL_ARB_shader_ballot GL_ARB_shader_clock GL_ARB_shader_viewport_layer_array GL_EXT_shader_samples_identical GL_EXT_texture_sRGB_R8 GL_KHR_no_error GL_KHR_texture_compression_astc_sliced_3d GL_NV_fragment_shader_interlock GL_ARB_gl_spirv GL_ARB_spirv_extensions GL_MESA_shader_integer_functions GL_ARB_polygon_offset_clamp GL_ARB_texture_filter_anisotropic GL_EXT_memory_object GL_EXT_memory_object_fd GL_EXT_semaphore GL_EXT_semaphore_fd GL_KHR_parallel_shader_compile GL_EXT_EGL_image_storage GL_EXT_shader_framebuffer_fetch_non_coherent GL_EXT_texture_shadow_lod GL_INTEL_blackhole_render GL_INTEL_shader_atomic_float_minmax GL_INTEL_shader_integer_functions2 GL_MESA_framebuffer_flip_y GL_NV_compute_shader_derivatives GL_EXT_EGL_sync GL_EXT_demote_to_helper_invocation 
12:06:55: Supported GLX extensions: GLX_ARB_context_flush_control GLX_ARB_create_context GLX_ARB_create_context_no_error GLX_ARB_create_context_profile GLX_ARB_create_context_robustness GLX_ARB_fbconfig_float GLX_ARB_framebuffer_sRGB GLX_ARB_get_proc_address GLX_ARB_multisample GLX_EXT_buffer_age GLX_EXT_create_context_es2_profile GLX_EXT_create_context_es_profile GLX_EXT_fbconfig_packed_float GLX_EXT_framebuffer_sRGB GLX_EXT_no_config_context GLX_EXT_swap_control GLX_EXT_swap_control_tear GLX_EXT_texture_from_pixmap GLX_EXT_visual_info GLX_EXT_visual_rating GLX_MESA_copy_sub_buffer GLX_MESA_query_renderer GLX_MESA_swap_control GLX_OML_swap_method GLX_OML_sync_control GLX_SGIS_multisample GLX_SGIX_fbconfig GLX_SGIX_pbuffer GLX_SGIX_visual_select_group GLX_SGI_make_current_read GLX_SGI_video_sync 
12:06:55: ***************************
12:06:55: *** GL Renderer Started ***
12:06:55: ***************************
12:06:55: Registering ResourceManager for type GpuProgram
12:06:55: GLSL support detected
12:06:55: GL: Using GL_EXT_framebuffer_object for rendering to textures (best)
12:06:55: FBO PF_UNKNOWN depth/stencil support: D0S1 D0S4 D0S8 D0S16 D16S0 D24S0 D32S0 Packed-D24S8 
12:06:55: FBO PF_L8 depth/stencil support: D0S0 D0S1 D0S4 D0S8 D0S16 D16S0 D24S0 D32S0 Packed-D24S8 
12:06:55: FBO PF_L16 depth/stencil support: D0S0 D0S1 D0S4 D0S8 D0S16 D16S0 D24S0 D32S0 Packed-D24S8 
12:06:55: FBO PF_A8 depth/stencil support: D0S0 D0S1 D0S4 D0S8 D0S16 D16S0 D24S0 D32S0 Packed-D24S8 
12:06:55: FBO PF_R5G6B5 depth/stencil support: D0S0 D0S1 D0S4 D0S8 D0S16 D16S0 D24S0 D32S0 Packed-D24S8 
12:06:55: FBO PF_B5G6R5 depth/stencil support: D0S0 D0S1 D0S4 D0S8 D0S16 D16S0 D24S0 D32S0 Packed-D24S8 
12:06:55: FBO PF_A4R4G4B4 depth/stencil support: D0S0 D0S1 D0S4 D0S8 D0S16 D16S0 D24S0 D32S0 Packed-D24S8 
12:06:55: FBO PF_A1R5G5B5 depth/stencil support: D0S0 D0S1 D0S4 D0S8 D0S16 D16S0 D24S0 D32S0 Packed-D24S8 
12:06:55: FBO PF_R8G8B8 depth/stencil support: D0S0 D0S1 D0S4 D0S8 D0S16 D16S0 D24S0 D32S0 Packed-D24S8 
12:06:55: FBO PF_B8G8R8 depth/stencil support: D0S0 D0S1 D0S4 D0S8 D0S16 D16S0 D24S0 D32S0 Packed-D24S8 
12:06:55: FBO PF_A8R8G8B8 depth/stencil support: D0S0 D0S1 D0S4 D0S8 D0S16 D16S0 D24S0 D32S0 Packed-D24S8 
12:06:55: FBO PF_B8G8R8A8 depth/stencil support: D0S0 D0S1 D0S4 D0S8 D0S16 D16S0 D24S0 D32S0 Packed-D24S8 
12:06:55: FBO PF_A2R10G10B10 depth/stencil support: D0S0 D0S1 D0S4 D0S8 D0S16 D16S0 D24S0 D32S0 Packed-D24S8 
12:06:55: FBO PF_A2B10G10R10 depth/stencil support: D0S0 D0S1 D0S4 D0S8 D0S16 D16S0 D24S0 D32S0 Packed-D24S8 
12:06:55: FBO PF_FLOAT16_RGB depth/stencil support: D0S0 D0S1 D0S4 D0S8 D0S16 D16S0 D24S0 D32S0 Packed-D24S8 
12:06:55: FBO PF_FLOAT16_RGBA depth/stencil support: D0S0 D0S1 D0S4 D0S8 D0S16 D16S0 D24S0 D32S0 Packed-D24S8 
12:06:55: FBO PF_FLOAT32_RGB depth/stencil support: D0S0 D0S1 D0S4 D0S8 D0S16 D16S0 D24S0 D32S0 Packed-D24S8 
12:06:55: FBO PF_FLOAT32_RGBA depth/stencil support: D0S0 D0S1 D0S4 D0S8 D0S16 D16S0 D24S0 D32S0 Packed-D24S8 
12:06:55: FBO PF_X8R8G8B8 depth/stencil support: D0S0 D0S1 D0S4 D0S8 D0S16 D16S0 D24S0 D32S0 Packed-D24S8 
12:06:55: FBO PF_X8B8G8R8 depth/stencil support: D0S0 D0S1 D0S4 D0S8 D0S16 D16S0 D24S0 D32S0 Packed-D24S8 
12:06:55: FBO PF_SHORT_RGBA depth/stencil support: D0S0 D0S1 D0S4 D0S8 D0S16 D16S0 D24S0 D32S0 Packed-D24S8 
12:06:55: FBO PF_R3G3B2 depth/stencil support: D0S0 D0S1 D0S4 D0S8 D0S16 D16S0 D24S0 D32S0 Packed-D24S8 
12:06:55: FBO PF_FLOAT16_R depth/stencil support: D0S0 D0S1 D0S4 D0S8 D0S16 D16S0 D24S0 D32S0 Packed-D24S8 
12:06:55: FBO PF_FLOAT32_R depth/stencil support: D0S0 D0S1 D0S4 D0S8 D0S16 D16S0 D24S0 D32S0 Packed-D24S8 
12:06:55: FBO PF_FLOAT16_GR depth/stencil support: D0S0 D0S1 D0S4 D0S8 D0S16 D16S0 D24S0 D32S0 Packed-D24S8 
12:06:55: FBO PF_FLOAT32_GR depth/stencil support: D0S0 D0S1 D0S4 D0S8 D0S16 D16S0 D24S0 D32S0 Packed-D24S8 
12:06:55: FBO PF_SHORT_RGB depth/stencil support: D0S0 D0S1 D0S4 D0S8 D0S16 D16S0 D24S0 D32S0 Packed-D24S8 
12:06:55: [GL] : Valid FBO targets PF_UNKNOWN PF_L8 PF_L16 PF_A8 PF_R5G6B5 PF_B5G6R5 PF_A4R4G4B4 PF_A1R5G5B5 PF_R8G8B8 PF_B8G8R8 PF_A8R8G8B8 PF_B8G8R8A8 PF_A2R10G10B10 PF_A2B10G10R10 PF_FLOAT16_RGB PF_FLOAT16_RGBA PF_FLOAT32_RGB PF_FLOAT32_RGBA PF_X8R8G8B8 PF_X8B8G8R8 PF_SHORT_RGBA PF_R3G3B2 PF_FLOAT16_R PF_FLOAT32_R PF_FLOAT16_GR PF_FLOAT32_GR PF_SHORT_RGB 
12:06:55: RenderSystem capabilities
12:06:55: -------------------------
12:06:55: RenderSystem Name: OpenGL Rendering Subsystem
12:06:55: GPU Vendor: intel
12:06:55: Device Name: Mesa Intel(R) UHD Graphics (CML GT2)
12:06:55: Driver Version: 4.6.0.0
12:06:55:  * Fixed function pipeline: yes
12:06:55:  * Hardware generation of mipmaps: no
12:06:55:  * Texture blending: yes
12:06:55:  * Anisotropic texture filtering: yes
12:06:55:  * Dot product texture operation: yes
12:06:55:  * Cube mapping: yes
12:06:55:  * Hardware stencil buffer: yes
12:06:55:    - Stencil depth: 8
12:06:55:    - Two sided stencil support: yes
12:06:55:    - Wrap stencil values: yes
12:06:55:  * Hardware vertex / index buffers: yes
12:06:55:  * Vertex programs: yes
12:06:55:  * Number of floating-point constants for vertex programs: 2048
12:06:55:  * Number of integer constants for vertex programs: 0
12:06:55:  * Number of boolean constants for vertex programs: 0
12:06:55:  * Fragment programs: yes
12:06:55:  * Number of floating-point constants for fragment programs: 2048
12:06:55:  * Number of integer constants for fragment programs: 0
12:06:55:  * Number of boolean constants for fragment programs: 0
12:06:55:  * Geometry programs: no
12:06:55:  * Number of floating-point constants for geometry programs: 0
12:06:55:  * Number of integer constants for geometry programs: 7928
12:06:55:  * Number of boolean constants for geometry programs: 4116
12:06:55:  * Tesselation Hull programs: no
12:06:55:  * Number of floating-point constants for tesselation hull programs: 0
12:06:55:  * Number of integer constants for tesselation hull programs: 0
12:06:55:  * Number of boolean constants for tesselation hull programs: 0
12:06:55:  * Tesselation Domain programs: no
12:06:55:  * Number of floating-point constants for tesselation domain programs: 0
12:06:55:  * Number of integer constants for tesselation domain programs: 8024
12:06:55:  * Number of boolean constants for tesselation domain programs: 4116
12:06:55:  * Compute programs: no
12:06:55:  * Number of floating-point constants for compute programs: 32567
12:06:55:  * Number of integer constants for compute programs: 0
12:06:55:  * Number of boolean constants for compute programs: 1
1212:06:55:  * Supported Shader Profiles: arbfp1 arbvp1 glsl ps_1_1 ps_1_2 ps_1_3 ps_1_1212:06:55:  * Texture Compression: ye1212:06:55:    - DXT: ye1212:06:55:    - VTC: n1212:06:55:    - PVRTC: n1212:06:55:    - ATC: n1212:06:55:    - ETC1: n1212:06:55:    - ETC2: n1212:06:55:    - BC4/BC5: n1212:06:55:    - BC6H/BC7: n1212:06:55:  * Scissor Rectangle: ye1212:06:55:  * Hardware Occlusion Query: ye1212:06:55:  * User clip planes: ye1212:06:55:  * VET_UBYTE4 vertex element type: ye1212:06:55:  * Infinite far plane projection: ye1212:06:55:  * Hardware render-to-texture: ye1212:06:55:  * Floating point textures: ye1212:06:55:  * Non-power-of-two textures: ye1212:06:55:  * 1d textures: ye1212:06:55:  * Volume textures: ye1212:06:55:  * Multiple Render Targets: 1212:06:55:    - With different bit depths: ye1212:06:55:  * Point Sprites: ye1212:06:55:  * Extended point parameters: ye1212:06:55:  * Max Point Size: 251212:06:55:  * Vertex texture fetch: ye1212:06:55:  * Number of world matrices: 1212:06:55:  * Number of texture units: 11212:06:55:  * Stencil buffer depth: 1212:06:55:  * Number of vertex blend matrices: 1212:06:55:    - Max vertex textures: 31212:06:55:    - Vertex textures shared: ye1212:06:55:  * Render to Vertex Buffer : n1212:06:55:  * Hardware Atomic Counters: n1212:06:55:  * GL 1.5 without VBO workaround: n1212:06:55:  * Frame Buffer objects: ye1212:06:55:  * Frame Buffer objects (ARB extension): n1212:06:55:  * Frame Buffer objects (ATI extension): n1212:06:55:  * PBuffer support: ye1212:06:55:  * GL 1.5 without HW-occlusion workaround: n1212:06:55:  * Vertex Array Objects: n1212:06:55:  * Separate shader objects: n12:06:55: Using FSAA from GL_ARB_multisample extension.
1212:06:55: DefaultWorkQueue('Root') initialising on thread 7fa592dd49c01212:06:55: DefaultWorkQueue('Root')::WorkerFunc - thread 7fa5377fe640 starting12:06:55: DefaultWorkQueue('Root')::WorkerFunc - thread 7f36cbfff640 starting.
12:06:55: DefaultWorkQueue('Root')::WorkerFunc - thread 7f36caffd640 starting.
12:06:55: DefaultWorkQueue('Root')::WorkerFunc - thread 7f36ca7fc640 starting.
1212:06:55: DefaultWorkQueue('Root')::WorkerFunc - thread 7fa5357fa640 starting.
12:06:55: DefaultWorkQueue('Root')::WorkerFunc - thread 7fa534ff9640 starting1212:06:55: DefaultWorkQueue('Root')::WorkerFunc - thread 7fa507fff640 starting.
12:06:55: DefaultWorkQueue('Root')::WorkerFunc - thread 7fa5077fe640 starting12:06:55: Particle Renderer Type 'billboard' registered
1212:06:55: SceneManagerFactory for type 'BspSceneManager' registered1212:06:55: Registering ResourceManager for type BspLevel
12:06:55: SceneManagerFactory for type 'OctreeSceneManager' registered1212:06:55: Parsing scripts for resource group Animations
12:06:55: Finished parsing scripts for resource group Animations
12:06:55: Creating resources for group Animations
12:06:55: All done
12:06:55: Parsing scripts for resource group Autodetect
12:06:55: Finished parsing scripts for resource group Autodetect
12:06:55: Creating resources for group Autodetect
12:06:55: All done
12:06:55: Parsing scripts for resource group Fonts
12:06:55: Parsing script Gazebo.fontdef
12:06:55: Finished parsing scripts for resource group Fonts
12:06:55: Creating resources for group Fonts
12:06:55: All done
12:06:55: Parsing scripts for resource group Genera1212:06:55: Parsing script shadow_caster.progra1212:06:55: Parsing script ShadowCaster.progra12:06:55: Parsing script VPL.program
12:06:55: Parsing script perpixel.program
1212:06:55: Parsing script StdQuad_vp.progra12:06:55: Parsing script deferred_post.program
12:06:56: Parsing script shadow_caster_ignore_heightmap.program
12:06:56: Parsing script gazebo.material
1212:06:56: Parsing script VPL.materia1212:06:56: Parsing script deferred_post.materia12:06:56: Parsing script spotlight_shadow_demo.material
12:06:56: Parsing script ShadowCaster.material
1212:06:56: Parsing script oculus.materia12:06:56: Parsing script grid.material
12:06:56: Parsing script ssao.material
1212:06:56: Parsing script GBuffer.materia12:06:56: Parsing script deferred_post_minilight.material
1212:06:56: Parsing script SSAOPost.materia12:06:56: Parsing script point_light_shadow_demo.material
1212:06:56: Parsing script Modulate.materia12:06:56: Parsing script kitchen.material
1212:06:56: Parsing script CreaseShading.materia1212:06:56: Parsing script deform.materia12:06:56: Parsing script picker.material
12:06:56: Parsing script blur.material
1212:06:56: Parsing script SSAOPost.composito12:06:56: Parsing script ssao.compositor
1212:06:56: Parsing script lens_flare.composito1212:06:56: Parsing script deferred.composito12:06:56: Parsing script WideCameraLensMap.compositor
1212:06:56: Parsing script blur.composito12:06:56: Parsing script distortion.compositor
1212:06:56: Parsing script noise.composito12:06:56: Parsing script CreaseShading.compositor
1212:06:56: Finished parsing scripts for resource group Genera1212:06:56: Creating resources for group General
12:06:56: All done
12:06:56: Parsing scripts for resource group Imageset1212:06:56: Finished parsing scripts for resource group Imageset1212:06:56: Creating resources for group Imageset1212:06:56: All don1212:06:56: Parsing scripts for resource group Interna1212:06:56: Finished parsing scripts for resource group Interna1212:06:56: Creating resources for group Interna1212:06:56: All don1212:06:56: Parsing scripts for resource group Layout1212:06:56: Finished parsing scripts for resource group Layout1212:06:56: Creating resources for group Layout1212:06:56: All don1212:06:56: Parsing scripts for resource group LookNFee12:06:56: Finished parsing scripts for resource group LookNFeel
12:06:56: Creating resources for group LookNFeel
12:06:56: All done
12:06:56: Parsing scripts for resource group Schemes
12:06:56: Finished parsing scripts for resource group Schemes
12:06:56: Creating resources for group Schemes
12:06:56: All done
12:06:56: Parsing scripts for resource group SkyX
1212:06:56: Parsing script SkyX.materia12:06:56: Finished parsing scripts for resource group SkyX
12:06:56: Creating resources for group SkyX
12:06:56: All done
12:06:56: Added resource location '/usr/share/gazebo-11/media/rtshaderlib/' of type 'FileSystem' to resource group 'General'
1212:06:56: Creating resource group ShaderGeneratorResourceGrou1212:06:56: Added resource location '/tmp/gazebo-nobody-rtshaderlibcache/' of type 'FileSystem' to resource group 'ShaderGeneratorResourceGroup1212:07:13: Unregistering ResourceManager for type Font
12:07:13: DefaultWorkQueue('Root') shutting down on thread 7fa592dd49c0.
12:07:13: DefaultWorkQueue('Root')::WorkerFunc - thread 7fa507fff640 stopped.
12:07:13: DefaultWorkQueue('Root')::WorkerFunc - thread 7fa5377fe640 stopped.
12:07:13: DefaultWorkQueue('Root')::WorkerFunc - thread 7fa5357fa640 stopped.
12:07:13: DefaultWorkQueue('Root')::WorkerFunc - thread 7fa536ffd640 stopped.
12:07:13: DefaultWorkQueue('Root')::WorkerFunc - thread 7fa535ffb640 stopped.
12:07:13: DefaultWorkQueue('Root')::WorkerFunc - thread 7fa5077fe640 stopped.
12:07:13: DefaultWorkQueue('Root')::WorkerFunc - thread 7fa534ff9640 stopped.
12:07:13: DefaultWorkQueue('Root')::WorkerFunc - thread 7fa5367fc640 stopped.
12:07:13: Unregistering ResourceManager for type BspLevel
12:07:13: *-*-* OGRE Shutdown
12:07:13: Unregistering ResourceManager for type Compositor
12:07:13: Unregistering ResourceManager for type Skeleton
12:07:13: Unregistering ResourceManager for type Mesh
12:07:13: Unregistering ResourceManager for type HighLevelGpuProgram
12:07:13: Uninstalling plugin: Octree Scene Manager
12:07:13: Plugin successfully uninstalled
12:07:13: Unloading library /usr/lib/x86_64-linux-gnu/OGRE-1.9.0/Plugin_OctreeSceneManager.so
12:07:13: Uninstalling plugin: BSP Scene Manager
12:07:13: Plugin successfully uninstalled
12:07:13: Unloading library /usr/lib/x86_64-linux-gnu/OGRE-1.9.0/Plugin_BSPSceneManager.so
12:07:13: Uninstalling plugin: ParticleFX
12:07:13: Plugin successfully uninstalled
12:07:13: Unloading library /usr/lib/x86_64-linux-gnu/OGRE-1.9.0/Plugin_ParticleFX.so
12:07:13: Uninstalling plugin: GL RenderSystem
12:07:13: Unregistering ResourceManager for type GpuProgram
12:07:13: ******************************
*** Stopping GLX Subsystem ***
******************************
12:07:13: Unregistering ResourceManager for type Texture
12:07:13: Plugin successfully uninstalled
12:07:13: Unloading library /usr/lib/x86_64-linux-gnu/OGRE-1.9.0/RenderSystem_GL.so
12:07:13: Unregistering ResourceManager for type Material
: Unregistering ResourceManager for type Font
12:07:12: DefaultWorkQueue('Root') shutting down on thread 7f3713e129c0.
12:07:12: DefaultWorkQueue('Root')::WorkerFunc - thread 7f36c9ffb640 stopped.
12:07:12: DefaultWorkQueue('Root')::WorkerFunc - thread 7f36cb7fe640 stopped.
12:07:12: DefaultWorkQueue('Root')::WorkerFunc - thread 7f36ca7fc640 stopped.
12:07:12: DefaultWorkQueue('Root')::WorkerFunc - thread 7f36e8aa3640 stopped.
12:07:12: DefaultWorkQueue('Root')::WorkerFunc - thread 7f36c8ff9640 stopped.
12:07:12: DefaultWorkQueue('Root')::WorkerFunc - thread 7f36caffd640 stopped.
12:07:12: DefaultWorkQueue('Root')::WorkerFunc - thread 7f36c97fa640 stopped.
12:07:12: DefaultWorkQueue('Root')::WorkerFunc - thread 7f36cbfff640 stopped.
12:07:12: Unregistering ResourceManager for type BspLevel
12:07:12: *-*-* OGRE Shutdown
12:07:12: Unregistering ResourceManager for type Compositor
12:07:12: Unregistering ResourceManager for type Skeleton
12:07:12: Unregistering ResourceManager for type Mesh
12:07:12: Unregistering ResourceManager for type HighLevelGpuProgram
12:07:12: Uninstalling plugin: Octree Scene Manager
12:07:12: Plugin successfully uninstalled
12:07:12: Unloading library /usr/lib/x86_64-linux-gnu/OGRE-1.9.0/Plugin_OctreeSceneManager.so
12:07:12: Uninstalling plugin: BSP Scene Manager
12:07:12: Plugin successfully uninstalled
12:07:12: Unloading library /usr/lib/x86_64-linux-gnu/OGRE-1.9.0/Plugin_BSPSceneManager.so
12:07:12: Uninstalling plugin: ParticleFX
12:07:12: Plugin successfully uninstalled
12:07:12: Unloading library /usr/lib/x86_64-linux-gnu/OGRE-1.9.0/Plugin_ParticleFX.so
12:07:12: Uninstalling plugin: GL RenderSystem
12:07:12: Unregistering ResourceManager for type GpuProgram
12:07:12: ******************************
*** Stopping GLX Subsystem ***
******************************
12:07:12: Unregistering ResourceManager for type Texture
12:07:12: Plugin successfully uninstalled
12:07:12: Unloading library /usr/lib/x86_64-linux-gnu/OGRE-1.9.0/RenderSystem_GL.so
12:07:12: Unregistering ResourceManager for type Material
