1661791198.9410794 [INFO] [launch]: All log files can be found below /home/ren/.ros/log/2022-08-29-16-39-58-938758-ren-G3-3590-26604
1661791198.9413080 [INFO] [launch]: Default logging verbosity is set to INFO
1661791199.2457333 [INFO] [map_server-1]: process started with pid [26606]
1661791199.2459555 [INFO] [amcl-2]: process started with pid [26608]
1661791199.2460933 [INFO] [lifecycle_manager-3]: process started with pid [26610]
1661791199.2462027 [INFO] [controller_server-4]: process started with pid [26612]
1661791199.2463069 [INFO] [planner_server-5]: process started with pid [26614]
1661791199.2464077 [INFO] [recoveries_server-6]: process started with pid [26616]
1661791199.2465055 [INFO] [bt_navigator-7]: process started with pid [26618]
1661791199.2466040 [INFO] [waypoint_follower-8]: process started with pid [26620]
1661791199.2467060 [INFO] [lifecycle_manager-9]: process started with pid [26622]
1661791199.2468040 [INFO] [rviz2-10]: process started with pid [26624]
1661791592.0725954 [ERROR] [rviz2-10]: process has died [pid 26624, exit code -11, cmd '/opt/ros/foxy/lib/rviz2/rviz2 -d /home/ren/colcon_ws/install/nav2_bringup/share/nav2_bringup/rviz/nav2_default_view.rviz --ros-args -r __node:=rviz2 -r __node:=rviz2 --params-file /tmp/launch_params_o7v__e48'].
1661791596.4306242 [WARNING] [launch]: user interrupted with ctrl-c (SIGINT)
1661791596.4456794 [INFO] [planner_server-5]: process has finished cleanly [pid 26614]
1661791596.4517021 [INFO] [recoveries_server-6]: process has finished cleanly [pid 26616]
1661791596.4527495 [INFO] [controller_server-4]: process has finished cleanly [pid 26612]
1661791596.4726677 [INFO] [lifecycle_manager-3]: process has finished cleanly [pid 26610]
1661791596.4728446 [INFO] [map_server-1]: process has finished cleanly [pid 26606]
1661791596.4753165 [INFO] [waypoint_follower-8]: process has finished cleanly [pid 26620]
1661791596.4754674 [INFO] [amcl-2]: process has finished cleanly [pid 26608]
1661791596.4757917 [INFO] [lifecycle_manager-9]: process has finished cleanly [pid 26622]
1661791596.5580297 [ERROR] [bt_navigator-7]: process has died [pid 26618, exit code -6, cmd '/home/ren/colcon_ws/install/nav2_bt_navigator/lib/nav2_bt_navigator/bt_navigator --ros-args -r __node:=bt_navigator --params-file /tmp/tmplb_z70i4 -r /tf:=tf -r /tf_static:=tf_static'].
