1661789379.2274191 [INFO] [launch]: All log files can be found below /home/ren/.ros/log/2022-08-29-16-09-39-225112-ren-G3-3590-1009
1661789379.2276318 [INFO] [launch]: Default logging verbosity is set to INFO
1661789379.5672281 [INFO] [gzserver-1]: process started with pid [1011]
1661789379.5676539 [INFO] [gzclient-2]: process started with pid [1013]
1661789379.5678132 [INFO] [robot_state_publisher-3]: process started with pid [1015]
1661789379.5679500 [INFO] [rviz2-4]: process started with pid [1017]
1661789379.5680840 [INFO] [map_server-5]: process started with pid [1019]
1661789379.5682781 [INFO] [amcl-6]: process started with pid [1021]
1661789379.5684032 [INFO] [lifecycle_manager-7]: process started with pid [1023]
1661789379.5685842 [INFO] [controller_server-8]: process started with pid [1025]
1661789379.5687616 [INFO] [planner_server-9]: process started with pid [1027]
1661789379.5689399 [INFO] [recoveries_server-10]: process started with pid [1029]
1661789379.5691140 [INFO] [bt_navigator-11]: process started with pid [1031]
1661789379.5692894 [INFO] [waypoint_follower-12]: process started with pid [1033]
1661789379.5694549 [INFO] [lifecycle_manager-13]: process started with pid [1044]
1661789561.3625593 [WARNING] [launch]: user interrupted with ctrl-c (SIGINT)
1661789561.3776772 [INFO] [planner_server-9]: process has finished cleanly [pid 1027]
1661789561.3860009 [INFO] [map_server-5]: process has finished cleanly [pid 1019]
1661789561.3871856 [INFO] [recoveries_server-10]: process has finished cleanly [pid 1029]
1661789561.3887091 [INFO] [robot_state_publisher-3]: process has finished cleanly [pid 1015]
1661789561.3889792 [INFO] [controller_server-8]: process has finished cleanly [pid 1025]
1661789561.3925579 [INFO] [lifecycle_manager-7]: process has finished cleanly [pid 1023]
1661789561.3929024 [INFO] [waypoint_follower-12]: process has finished cleanly [pid 1033]
1661789561.3982511 [INFO] [amcl-6]: process has finished cleanly [pid 1021]
1661789561.4056263 [INFO] [bt_navigator-11]: process has finished cleanly [pid 1031]
1661789561.4465992 [INFO] [gzserver-1]: process has finished cleanly [pid 1011]
1661789561.4708903 [ERROR] [lifecycle_manager-13]: process has died [pid 1044, exit code -6, cmd '/home/ren/colcon_ws/install/nav2_lifecycle_manager/lib/nav2_lifecycle_manager/lifecycle_manager --ros-args -r __node:=lifecycle_manager_navigation --params-file /tmp/launch_params_ruj542tx --params-file /tmp/launch_params_9sc_7zn_ --params-file /tmp/launch_params_bpa3kla9'].
1661789561.4863718 [ERROR] [rviz2-4]: process has died [pid 1017, exit code -6, cmd '/opt/ros/foxy/lib/rviz2/rviz2 -d /home/ren/colcon_ws/install/nav2_bringup/share/nav2_bringup/rviz/nav2_default_view.rviz --ros-args -r __node:=rviz2'].
1661789561.8154280 [WARNING] [launch]: user interrupted with ctrl-c (SIGINT) again, ignoring...
1661789562.1275399 [WARNING] [launch]: user interrupted with ctrl-c (SIGINT) again, ignoring...
1661789562.3908474 [WARNING] [launch]: user interrupted with ctrl-c (SIGINT) again, ignoring...
1661789562.6739061 [WARNING] [launch]: user interrupted with ctrl-c (SIGINT) again, ignoring...
1661789563.1744070 [WARNING] [launch]: user interrupted with ctrl-c (SIGINT) again, ignoring...
1661789563.2063215 [WARNING] [launch]: user interrupted with ctrl-c (SIGINT) again, ignoring...
1661789563.2364936 [WARNING] [launch]: user interrupted with ctrl-c (SIGINT) again, ignoring...
1661789563.2647579 [WARNING] [launch]: user interrupted with ctrl-c (SIGINT) again, ignoring...
1661789563.2954743 [WARNING] [launch]: user interrupted with ctrl-c (SIGINT) again, ignoring...
1661789563.3265808 [WARNING] [launch]: user interrupted with ctrl-c (SIGINT) again, ignoring...
1661789563.3572781 [WARNING] [launch]: user interrupted with ctrl-c (SIGINT) again, ignoring...
1661789563.3902106 [WARNING] [launch]: user interrupted with ctrl-c (SIGINT) again, ignoring...
1661789563.4200287 [WARNING] [launch]: user interrupted with ctrl-c (SIGINT) again, ignoring...
1661789563.4500804 [WARNING] [launch]: user interrupted with ctrl-c (SIGINT) again, ignoring...
1661789563.4800434 [WARNING] [launch]: user interrupted with ctrl-c (SIGINT) again, ignoring...
1661789563.5108855 [WARNING] [launch]: user interrupted with ctrl-c (SIGINT) again, ignoring...
1661789563.5421920 [WARNING] [launch]: user interrupted with ctrl-c (SIGINT) again, ignoring...
1661789563.5729027 [WARNING] [launch]: user interrupted with ctrl-c (SIGINT) again, ignoring...
1661789563.6047955 [WARNING] [launch]: user interrupted with ctrl-c (SIGINT) again, ignoring...
1661789563.6333489 [WARNING] [launch]: user interrupted with ctrl-c (SIGINT) again, ignoring...
1661789563.6635864 [WARNING] [launch]: user interrupted with ctrl-c (SIGINT) again, ignoring...
1661789563.6942444 [WARNING] [launch]: user interrupted with ctrl-c (SIGINT) again, ignoring...
1661789563.7246497 [WARNING] [launch]: user interrupted with ctrl-c (SIGINT) again, ignoring...
1661789563.7556677 [WARNING] [launch]: user interrupted with ctrl-c (SIGINT) again, ignoring...
1661789563.7859013 [WARNING] [launch]: user interrupted with ctrl-c (SIGINT) again, ignoring...
1661789563.8162744 [WARNING] [launch]: user interrupted with ctrl-c (SIGINT) again, ignoring...
1661789563.8479142 [WARNING] [launch]: user interrupted with ctrl-c (SIGINT) again, ignoring...
1661789563.8798862 [WARNING] [launch]: user interrupted with ctrl-c (SIGINT) again, ignoring...
1661789563.9109008 [WARNING] [launch]: user interrupted with ctrl-c (SIGINT) again, ignoring...
1661789563.9394097 [WARNING] [launch]: user interrupted with ctrl-c (SIGINT) again, ignoring...
1661789563.9704471 [WARNING] [launch]: user interrupted with ctrl-c (SIGINT) again, ignoring...
1661789564.0013719 [WARNING] [launch]: user interrupted with ctrl-c (SIGINT) again, ignoring...
1661789564.0324414 [WARNING] [launch]: user interrupted with ctrl-c (SIGINT) again, ignoring...
1661789564.0632358 [WARNING] [launch]: user interrupted with ctrl-c (SIGINT) again, ignoring...
1661789564.0945294 [WARNING] [launch]: user interrupted with ctrl-c (SIGINT) again, ignoring...
1661789564.1250496 [WARNING] [launch]: user interrupted with ctrl-c (SIGINT) again, ignoring...
1661789564.1556902 [WARNING] [launch]: user interrupted with ctrl-c (SIGINT) again, ignoring...
1661789564.1863732 [WARNING] [launch]: user interrupted with ctrl-c (SIGINT) again, ignoring...
1661789564.2172861 [WARNING] [launch]: user interrupted with ctrl-c (SIGINT) again, ignoring...
1661789564.2472022 [WARNING] [launch]: user interrupted with ctrl-c (SIGINT) again, ignoring...
1661789564.2780020 [WARNING] [launch]: user interrupted with ctrl-c (SIGINT) again, ignoring...
1661789564.3074827 [WARNING] [launch]: user interrupted with ctrl-c (SIGINT) again, ignoring...
1661789564.3375547 [WARNING] [launch]: user interrupted with ctrl-c (SIGINT) again, ignoring...
1661789564.3679025 [WARNING] [launch]: user interrupted with ctrl-c (SIGINT) again, ignoring...
1661789564.3974876 [WARNING] [launch]: user interrupted with ctrl-c (SIGINT) again, ignoring...
1661789564.4288023 [WARNING] [launch]: user interrupted with ctrl-c (SIGINT) again, ignoring...
1661789564.4597986 [WARNING] [launch]: user interrupted with ctrl-c (SIGINT) again, ignoring...
1661789564.4912226 [WARNING] [launch]: user interrupted with ctrl-c (SIGINT) again, ignoring...
1661789564.5193510 [WARNING] [launch]: user interrupted with ctrl-c (SIGINT) again, ignoring...
1661789564.5505364 [WARNING] [launch]: user interrupted with ctrl-c (SIGINT) again, ignoring...
1661789564.5813117 [WARNING] [launch]: user interrupted with ctrl-c (SIGINT) again, ignoring...
1661789564.6120644 [WARNING] [launch]: user interrupted with ctrl-c (SIGINT) again, ignoring...
1661789564.6429241 [WARNING] [launch]: user interrupted with ctrl-c (SIGINT) again, ignoring...
1661789564.6730099 [WARNING] [launch]: user interrupted with ctrl-c (SIGINT) again, ignoring...
1661789564.7032862 [WARNING] [launch]: user interrupted with ctrl-c (SIGINT) again, ignoring...
1661789564.7338104 [WARNING] [launch]: user interrupted with ctrl-c (SIGINT) again, ignoring...
1661789564.7653995 [WARNING] [launch]: user interrupted with ctrl-c (SIGINT) again, ignoring...
1661789564.7966974 [WARNING] [launch]: user interrupted with ctrl-c (SIGINT) again, ignoring...
1661789564.8258147 [WARNING] [launch]: user interrupted with ctrl-c (SIGINT) again, ignoring...
1661789564.8557522 [WARNING] [launch]: user interrupted with ctrl-c (SIGINT) again, ignoring...
1661789564.8855538 [WARNING] [launch]: user interrupted with ctrl-c (SIGINT) again, ignoring...
1661789564.9155834 [WARNING] [launch]: user interrupted with ctrl-c (SIGINT) again, ignoring...
1661789564.9460919 [WARNING] [launch]: user interrupted with ctrl-c (SIGINT) again, ignoring...
1661789564.9766061 [WARNING] [launch]: user interrupted with ctrl-c (SIGINT) again, ignoring...
1661789565.0070958 [WARNING] [launch]: user interrupted with ctrl-c (SIGINT) again, ignoring...
1661789565.0377705 [WARNING] [launch]: user interrupted with ctrl-c (SIGINT) again, ignoring...
1661789565.0685759 [WARNING] [launch]: user interrupted with ctrl-c (SIGINT) again, ignoring...
1661789565.0989764 [WARNING] [launch]: user interrupted with ctrl-c (SIGINT) again, ignoring...
1661789565.1284759 [WARNING] [launch]: user interrupted with ctrl-c (SIGINT) again, ignoring...
1661789565.1584044 [WARNING] [launch]: user interrupted with ctrl-c (SIGINT) again, ignoring...
1661789565.1889100 [WARNING] [launch]: user interrupted with ctrl-c (SIGINT) again, ignoring...
1661789565.2184031 [WARNING] [launch]: user interrupted with ctrl-c (SIGINT) again, ignoring...
1661789565.2475836 [WARNING] [launch]: user interrupted with ctrl-c (SIGINT) again, ignoring...
1661789565.2785661 [WARNING] [launch]: user interrupted with ctrl-c (SIGINT) again, ignoring...
1661789565.3092871 [WARNING] [launch]: user interrupted with ctrl-c (SIGINT) again, ignoring...
1661789565.3396556 [WARNING] [launch]: user interrupted with ctrl-c (SIGINT) again, ignoring...
1661789565.3708622 [WARNING] [launch]: user interrupted with ctrl-c (SIGINT) again, ignoring...
1661789565.4006197 [WARNING] [launch]: user interrupted with ctrl-c (SIGINT) again, ignoring...
1661789565.4305334 [WARNING] [launch]: user interrupted with ctrl-c (SIGINT) again, ignoring...
1661789565.4610395 [WARNING] [launch]: user interrupted with ctrl-c (SIGINT) again, ignoring...
1661789565.4916985 [WARNING] [launch]: user interrupted with ctrl-c (SIGINT) again, ignoring...
1661789565.5215342 [WARNING] [launch]: user interrupted with ctrl-c (SIGINT) again, ignoring...
1661789565.5513737 [WARNING] [launch]: user interrupted with ctrl-c (SIGINT) again, ignoring...
1661789565.5822933 [WARNING] [launch]: user interrupted with ctrl-c (SIGINT) again, ignoring...
1661789565.6148491 [WARNING] [launch]: user interrupted with ctrl-c (SIGINT) again, ignoring...
1661789565.6487653 [WARNING] [launch]: user interrupted with ctrl-c (SIGINT) again, ignoring...
1661789565.6831152 [WARNING] [launch]: user interrupted with ctrl-c (SIGINT) again, ignoring...
1661789565.7169638 [WARNING] [launch]: user interrupted with ctrl-c (SIGINT) again, ignoring...
1661789565.7475243 [WARNING] [launch]: user interrupted with ctrl-c (SIGINT) again, ignoring...
1661789565.7775290 [WARNING] [launch]: user interrupted with ctrl-c (SIGINT) again, ignoring...
1661789565.8085160 [WARNING] [launch]: user interrupted with ctrl-c (SIGINT) again, ignoring...
1661789565.8388507 [WARNING] [launch]: user interrupted with ctrl-c (SIGINT) again, ignoring...
1661789565.8690174 [WARNING] [launch]: user interrupted with ctrl-c (SIGINT) again, ignoring...
1661789565.8987937 [WARNING] [launch]: user interrupted with ctrl-c (SIGINT) again, ignoring...
1661789565.9296248 [WARNING] [launch]: user interrupted with ctrl-c (SIGINT) again, ignoring...
1661789565.9598293 [WARNING] [launch]: user interrupted with ctrl-c (SIGINT) again, ignoring...
1661789565.9899361 [WARNING] [launch]: user interrupted with ctrl-c (SIGINT) again, ignoring...
1661789566.0204167 [WARNING] [launch]: user interrupted with ctrl-c (SIGINT) again, ignoring...
1661789566.0510671 [WARNING] [launch]: user interrupted with ctrl-c (SIGINT) again, ignoring...
1661789566.0816116 [WARNING] [launch]: user interrupted with ctrl-c (SIGINT) again, ignoring...
1661789566.1122735 [WARNING] [launch]: user interrupted with ctrl-c (SIGINT) again, ignoring...
1661789566.1425517 [WARNING] [launch]: user interrupted with ctrl-c (SIGINT) again, ignoring...
1661789566.1732798 [WARNING] [launch]: user interrupted with ctrl-c (SIGINT) again, ignoring...
1661789566.2043631 [WARNING] [launch]: user interrupted with ctrl-c (SIGINT) again, ignoring...
1661789566.2355616 [WARNING] [launch]: user interrupted with ctrl-c (SIGINT) again, ignoring...
1661789566.2663670 [WARNING] [launch]: user interrupted with ctrl-c (SIGINT) again, ignoring...
1661789566.3754697 [WARNING] [launch]: user interrupted with ctrl-c (SIGINT) again, ignoring...
1661789566.3758392 [ERROR] [gzclient-2]: process[gzclient-2] failed to terminate '5' seconds after receiving 'SIGINT', escalating to 'SIGTERM'
1661789566.3768332 [INFO] [gzclient-2]: sending signal 'SIGTERM' to process[gzclient-2]
1661789566.3935194 [ERROR] [gzclient-2]: process has died [pid 1013, exit code -15, cmd 'gzclient'].
