1661789660.6415091 [INFO] [launch]: All log files can be found below /home/ren/.ros/log/2022-08-29-16-14-20-638805-ren-G3-3590-91
1661789660.6416988 [INFO] [launch]: Default logging verbosity is set to INFO
1661789660.9733720 [INFO] [gzserver-1]: process started with pid [93]
1661789660.9738231 [INFO] [gzclient-2]: process started with pid [95]
1661789660.9739661 [INFO] [robot_state_publisher-3]: process started with pid [97]
1661789660.9740705 [INFO] [rviz2-4]: process started with pid [99]
1661789660.9741719 [INFO] [map_server-5]: process started with pid [101]
1661789660.9742737 [INFO] [amcl-6]: process started with pid [103]
1661789660.9743717 [INFO] [lifecycle_manager-7]: process started with pid [105]
1661789660.9744711 [INFO] [controller_server-8]: process started with pid [107]
1661789660.9745662 [INFO] [planner_server-9]: process started with pid [109]
1661789660.9746585 [INFO] [recoveries_server-10]: process started with pid [111]
1661789660.9747546 [INFO] [bt_navigator-11]: process started with pid [113]
1661789660.9748485 [INFO] [waypoint_follower-12]: process started with pid [115]
1661789660.9750221 [INFO] [lifecycle_manager-13]: process started with pid [118]
1661790149.6842625 [WARNING] [launch]: user interrupted with ctrl-c (SIGINT)
1661790149.6957591 [INFO] [controller_server-8]: process has finished cleanly [pid 107]
1661790149.7025046 [INFO] [map_server-5]: process has finished cleanly [pid 101]
1661790149.7033226 [INFO] [recoveries_server-10]: process has finished cleanly [pid 111]
1661790149.7037337 [INFO] [planner_server-9]: process has finished cleanly [pid 109]
1661790149.7074125 [INFO] [robot_state_publisher-3]: process has finished cleanly [pid 97]
1661790149.7154212 [INFO] [lifecycle_manager-7]: process has finished cleanly [pid 105]
1661790149.7163658 [INFO] [waypoint_follower-12]: process has finished cleanly [pid 115]
1661790149.7174761 [INFO] [lifecycle_manager-13]: process has finished cleanly [pid 118]
1661790149.7196069 [INFO] [amcl-6]: process has finished cleanly [pid 103]
1661790149.7716861 [INFO] [gzserver-1]: process has finished cleanly [pid 93]
1661790149.7849250 [INFO] [rviz2-4]: process has finished cleanly [pid 99]
1661790149.7938790 [ERROR] [bt_navigator-11]: process has died [pid 113, exit code -6, cmd '/home/ren/colcon_ws/install/nav2_bt_navigator/lib/nav2_bt_navigator/bt_navigator --ros-args -r __node:=bt_navigator --params-file /tmp/tmphx4ma147 -r /tf:=tf -r /tf_static:=tf_static'].
1661790149.8438449 [INFO] [gzclient-2]: process has finished cleanly [pid 95]
