1661789313.0912495 [INFO] [launch]: All log files can be found below /home/ren/.ros/log/2022-08-29-16-08-33-088879-ren-G3-3590-185
1661789313.0914586 [INFO] [launch]: Default logging verbosity is set to INFO
1661789313.4219894 [INFO] [gzserver-1]: process started with pid [187]
1661789313.4224119 [INFO] [gzclient-2]: process started with pid [189]
1661789313.4226828 [INFO] [robot_state_publisher-3]: process started with pid [191]
1661789313.4228165 [INFO] [rviz2-4]: process started with pid [193]
1661789313.4229395 [INFO] [map_server-5]: process started with pid [195]
1661789313.4230576 [INFO] [amcl-6]: process started with pid [197]
1661789313.4231830 [INFO] [lifecycle_manager-7]: process started with pid [199]
1661789313.4233055 [INFO] [controller_server-8]: process started with pid [201]
1661789313.4234262 [INFO] [planner_server-9]: process started with pid [203]
1661789313.4235470 [INFO] [recoveries_server-10]: process started with pid [205]
1661789313.4236531 [INFO] [bt_navigator-11]: process started with pid [207]
1661789313.4237421 [INFO] [waypoint_follower-12]: process started with pid [209]
1661789313.4238293 [INFO] [lifecycle_manager-13]: process started with pid [212]
1661789325.7916846 [WARNING] [launch]: user interrupted with ctrl-c (SIGINT)
1661789325.8319526 [INFO] [recoveries_server-10]: process has finished cleanly [pid 205]
1661789325.8322127 [INFO] [robot_state_publisher-3]: process has finished cleanly [pid 191]
1661789325.8327043 [INFO] [controller_server-8]: process has finished cleanly [pid 201]
1661789325.8329780 [INFO] [planner_server-9]: process has finished cleanly [pid 203]
1661789325.8342059 [ERROR] [gzclient-2]: process has died [pid 189, exit code -2, cmd 'gzclient'].
1661789325.8402810 [INFO] [map_server-5]: process has finished cleanly [pid 195]
1661789325.8404703 [INFO] [waypoint_follower-12]: process has finished cleanly [pid 209]
1661789325.8426485 [INFO] [amcl-6]: process has finished cleanly [pid 197]
1661789325.8428254 [INFO] [bt_navigator-11]: process has finished cleanly [pid 207]
1661789325.8430252 [INFO] [lifecycle_manager-7]: process has finished cleanly [pid 199]
1661789325.9144177 [ERROR] [lifecycle_manager-13]: process has died [pid 212, exit code -6, cmd '/home/ren/colcon_ws/install/nav2_lifecycle_manager/lib/nav2_lifecycle_manager/lifecycle_manager --ros-args -r __node:=lifecycle_manager_navigation --params-file /tmp/launch_params_0eqecla8 --params-file /tmp/launch_params_gtwwaf6r --params-file /tmp/launch_params_ebhg_hqg'].
1661789325.9234207 [ERROR] [rviz2-4]: process has died [pid 193, exit code -6, cmd '/opt/ros/foxy/lib/rviz2/rviz2 -d /home/ren/colcon_ws/install/nav2_bringup/share/nav2_bringup/rviz/nav2_default_view.rviz --ros-args -r __node:=rviz2'].
1661789326.4200203 [WARNING] [launch]: user interrupted with ctrl-c (SIGINT) again, ignoring...
1661789326.9837978 [WARNING] [launch]: user interrupted with ctrl-c (SIGINT) again, ignoring...
1661789327.4054973 [WARNING] [launch]: user interrupted with ctrl-c (SIGINT) again, ignoring...
1661789327.9056072 [WARNING] [launch]: user interrupted with ctrl-c (SIGINT) again, ignoring...
1661789327.9387512 [WARNING] [launch]: user interrupted with ctrl-c (SIGINT) again, ignoring...
1661789327.9733696 [WARNING] [launch]: user interrupted with ctrl-c (SIGINT) again, ignoring...
1661789328.0094881 [WARNING] [launch]: user interrupted with ctrl-c (SIGINT) again, ignoring...
1661789328.0435987 [WARNING] [launch]: user interrupted with ctrl-c (SIGINT) again, ignoring...
1661789328.0780096 [WARNING] [launch]: user interrupted with ctrl-c (SIGINT) again, ignoring...
1661789328.1121740 [WARNING] [launch]: user interrupted with ctrl-c (SIGINT) again, ignoring...
1661789328.1459301 [WARNING] [launch]: user interrupted with ctrl-c (SIGINT) again, ignoring...
1661789328.1797330 [WARNING] [launch]: user interrupted with ctrl-c (SIGINT) again, ignoring...
1661789328.2131009 [WARNING] [launch]: user interrupted with ctrl-c (SIGINT) again, ignoring...
1661789328.2466102 [WARNING] [launch]: user interrupted with ctrl-c (SIGINT) again, ignoring...
1661789328.2819917 [WARNING] [launch]: user interrupted with ctrl-c (SIGINT) again, ignoring...
1661789328.3133419 [WARNING] [launch]: user interrupted with ctrl-c (SIGINT) again, ignoring...
1661789328.3467827 [WARNING] [launch]: user interrupted with ctrl-c (SIGINT) again, ignoring...
1661789328.3805702 [WARNING] [launch]: user interrupted with ctrl-c (SIGINT) again, ignoring...
1661789328.4160428 [WARNING] [launch]: user interrupted with ctrl-c (SIGINT) again, ignoring...
1661789328.4493849 [WARNING] [launch]: user interrupted with ctrl-c (SIGINT) again, ignoring...
1661789328.4800358 [WARNING] [launch]: user interrupted with ctrl-c (SIGINT) again, ignoring...
1661789328.5114043 [WARNING] [launch]: user interrupted with ctrl-c (SIGINT) again, ignoring...
1661789328.5418181 [WARNING] [launch]: user interrupted with ctrl-c (SIGINT) again, ignoring...
1661789328.5713024 [WARNING] [launch]: user interrupted with ctrl-c (SIGINT) again, ignoring...
1661789328.6018643 [WARNING] [launch]: user interrupted with ctrl-c (SIGINT) again, ignoring...
1661789328.6319697 [WARNING] [launch]: user interrupted with ctrl-c (SIGINT) again, ignoring...
1661789328.6627412 [WARNING] [launch]: user interrupted with ctrl-c (SIGINT) again, ignoring...
1661789328.6938486 [WARNING] [launch]: user interrupted with ctrl-c (SIGINT) again, ignoring...
1661789328.7233176 [WARNING] [launch]: user interrupted with ctrl-c (SIGINT) again, ignoring...
1661789328.7556438 [WARNING] [launch]: user interrupted with ctrl-c (SIGINT) again, ignoring...
1661789328.7874560 [WARNING] [launch]: user interrupted with ctrl-c (SIGINT) again, ignoring...
1661789328.8184729 [WARNING] [launch]: user interrupted with ctrl-c (SIGINT) again, ignoring...
1661789328.8475926 [WARNING] [launch]: user interrupted with ctrl-c (SIGINT) again, ignoring...
1661789328.8785577 [WARNING] [launch]: user interrupted with ctrl-c (SIGINT) again, ignoring...
1661789328.9088559 [WARNING] [launch]: user interrupted with ctrl-c (SIGINT) again, ignoring...
1661789328.9393857 [WARNING] [launch]: user interrupted with ctrl-c (SIGINT) again, ignoring...
1661789328.9698398 [WARNING] [launch]: user interrupted with ctrl-c (SIGINT) again, ignoring...
1661789328.9996314 [WARNING] [launch]: user interrupted with ctrl-c (SIGINT) again, ignoring...
1661789329.0297589 [WARNING] [launch]: user interrupted with ctrl-c (SIGINT) again, ignoring...
1661789329.0596838 [WARNING] [launch]: user interrupted with ctrl-c (SIGINT) again, ignoring...
1661789329.0908012 [WARNING] [launch]: user interrupted with ctrl-c (SIGINT) again, ignoring...
1661789329.1247866 [WARNING] [launch]: user interrupted with ctrl-c (SIGINT) again, ignoring...
1661789329.1517353 [WARNING] [launch]: user interrupted with ctrl-c (SIGINT) again, ignoring...
1661789329.1822999 [WARNING] [launch]: user interrupted with ctrl-c (SIGINT) again, ignoring...
1661789329.2125099 [WARNING] [launch]: user interrupted with ctrl-c (SIGINT) again, ignoring...
1661789329.2427497 [WARNING] [launch]: user interrupted with ctrl-c (SIGINT) again, ignoring...
1661789329.2735934 [WARNING] [launch]: user interrupted with ctrl-c (SIGINT) again, ignoring...
1661789329.3048527 [WARNING] [launch]: user interrupted with ctrl-c (SIGINT) again, ignoring...
1661789329.3364756 [WARNING] [launch]: user interrupted with ctrl-c (SIGINT) again, ignoring...
1661789329.3679452 [WARNING] [launch]: user interrupted with ctrl-c (SIGINT) again, ignoring...
1661789329.4016817 [WARNING] [launch]: user interrupted with ctrl-c (SIGINT) again, ignoring...
1661789329.4315870 [WARNING] [launch]: user interrupted with ctrl-c (SIGINT) again, ignoring...
1661789329.4587326 [WARNING] [launch]: user interrupted with ctrl-c (SIGINT) again, ignoring...
1661789329.4894974 [WARNING] [launch]: user interrupted with ctrl-c (SIGINT) again, ignoring...
1661789329.5208812 [WARNING] [launch]: user interrupted with ctrl-c (SIGINT) again, ignoring...
1661789329.5517588 [WARNING] [launch]: user interrupted with ctrl-c (SIGINT) again, ignoring...
1661789329.5826485 [WARNING] [launch]: user interrupted with ctrl-c (SIGINT) again, ignoring...
1661789329.6135454 [WARNING] [launch]: user interrupted with ctrl-c (SIGINT) again, ignoring...
1661789329.6436925 [WARNING] [launch]: user interrupted with ctrl-c (SIGINT) again, ignoring...
1661789329.6758468 [WARNING] [launch]: user interrupted with ctrl-c (SIGINT) again, ignoring...
1661789329.7072239 [WARNING] [launch]: user interrupted with ctrl-c (SIGINT) again, ignoring...
1661789329.7409599 [WARNING] [launch]: user interrupted with ctrl-c (SIGINT) again, ignoring...
1661789329.7718787 [WARNING] [launch]: user interrupted with ctrl-c (SIGINT) again, ignoring...
1661789329.7988853 [WARNING] [launch]: user interrupted with ctrl-c (SIGINT) again, ignoring...
1661789329.8290045 [WARNING] [launch]: user interrupted with ctrl-c (SIGINT) again, ignoring...
1661789329.8593140 [WARNING] [launch]: user interrupted with ctrl-c (SIGINT) again, ignoring...
1661789329.8900418 [WARNING] [launch]: user interrupted with ctrl-c (SIGINT) again, ignoring...
1661789329.9202743 [WARNING] [launch]: user interrupted with ctrl-c (SIGINT) again, ignoring...
1661789329.9506862 [WARNING] [launch]: user interrupted with ctrl-c (SIGINT) again, ignoring...
1661789329.9833152 [WARNING] [launch]: user interrupted with ctrl-c (SIGINT) again, ignoring...
1661789330.0143552 [WARNING] [launch]: user interrupted with ctrl-c (SIGINT) again, ignoring...
1661789330.0461693 [WARNING] [launch]: user interrupted with ctrl-c (SIGINT) again, ignoring...
1661789330.0740860 [WARNING] [launch]: user interrupted with ctrl-c (SIGINT) again, ignoring...
1661789330.1051810 [WARNING] [launch]: user interrupted with ctrl-c (SIGINT) again, ignoring...
1661789330.1357205 [WARNING] [launch]: user interrupted with ctrl-c (SIGINT) again, ignoring...
1661789330.1667106 [WARNING] [launch]: user interrupted with ctrl-c (SIGINT) again, ignoring...
1661789330.1975918 [WARNING] [launch]: user interrupted with ctrl-c (SIGINT) again, ignoring...
1661789330.2282348 [WARNING] [launch]: user interrupted with ctrl-c (SIGINT) again, ignoring...
1661789330.2563701 [WARNING] [launch]: user interrupted with ctrl-c (SIGINT) again, ignoring...
1661789330.2884517 [WARNING] [launch]: user interrupted with ctrl-c (SIGINT) again, ignoring...
1661789330.3221445 [WARNING] [launch]: user interrupted with ctrl-c (SIGINT) again, ignoring...
1661789330.3566332 [WARNING] [launch]: user interrupted with ctrl-c (SIGINT) again, ignoring...
1661789330.3909221 [WARNING] [launch]: user interrupted with ctrl-c (SIGINT) again, ignoring...
1661789330.4252393 [WARNING] [launch]: user interrupted with ctrl-c (SIGINT) again, ignoring...
1661789330.4584994 [WARNING] [launch]: user interrupted with ctrl-c (SIGINT) again, ignoring...
1661789330.4924564 [WARNING] [launch]: user interrupted with ctrl-c (SIGINT) again, ignoring...
1661789330.5264058 [WARNING] [launch]: user interrupted with ctrl-c (SIGINT) again, ignoring...
1661789330.5597584 [WARNING] [launch]: user interrupted with ctrl-c (SIGINT) again, ignoring...
1661789330.5895565 [WARNING] [launch]: user interrupted with ctrl-c (SIGINT) again, ignoring...
1661789330.6202207 [WARNING] [launch]: user interrupted with ctrl-c (SIGINT) again, ignoring...
1661789330.6497116 [WARNING] [launch]: user interrupted with ctrl-c (SIGINT) again, ignoring...
1661789330.6797719 [WARNING] [launch]: user interrupted with ctrl-c (SIGINT) again, ignoring...
1661789330.7097607 [WARNING] [launch]: user interrupted with ctrl-c (SIGINT) again, ignoring...
1661789330.7397532 [WARNING] [launch]: user interrupted with ctrl-c (SIGINT) again, ignoring...
1661789330.7706914 [WARNING] [launch]: user interrupted with ctrl-c (SIGINT) again, ignoring...
1661789330.8013389 [WARNING] [launch]: user interrupted with ctrl-c (SIGINT) again, ignoring...
1661789330.8318734 [WARNING] [launch]: user interrupted with ctrl-c (SIGINT) again, ignoring...
1661789330.8636382 [WARNING] [launch]: user interrupted with ctrl-c (SIGINT) again, ignoring...
1661789330.8931847 [WARNING] [launch]: user interrupted with ctrl-c (SIGINT) again, ignoring...
1661789330.9226553 [WARNING] [launch]: user interrupted with ctrl-c (SIGINT) again, ignoring...
1661789330.9532418 [WARNING] [launch]: user interrupted with ctrl-c (SIGINT) again, ignoring...
1661789330.9844570 [WARNING] [launch]: user interrupted with ctrl-c (SIGINT) again, ignoring...
1661789331.0149193 [WARNING] [launch]: user interrupted with ctrl-c (SIGINT) again, ignoring...
1661789331.0448627 [WARNING] [launch]: user interrupted with ctrl-c (SIGINT) again, ignoring...
1661789331.0749922 [WARNING] [launch]: user interrupted with ctrl-c (SIGINT) again, ignoring...
1661789331.1078105 [WARNING] [launch]: user interrupted with ctrl-c (SIGINT) again, ignoring...
1661789331.1418824 [WARNING] [launch]: user interrupted with ctrl-c (SIGINT) again, ignoring...
1661789331.1760232 [WARNING] [launch]: user interrupted with ctrl-c (SIGINT) again, ignoring...
1661789331.2102458 [WARNING] [launch]: user interrupted with ctrl-c (SIGINT) again, ignoring...
1661789331.2450292 [WARNING] [launch]: user interrupted with ctrl-c (SIGINT) again, ignoring...
1661789331.2777226 [WARNING] [launch]: user interrupted with ctrl-c (SIGINT) again, ignoring...
1661789331.3113060 [WARNING] [launch]: user interrupted with ctrl-c (SIGINT) again, ignoring...
1661789331.3456130 [WARNING] [launch]: user interrupted with ctrl-c (SIGINT) again, ignoring...
1661789331.3803000 [WARNING] [launch]: user interrupted with ctrl-c (SIGINT) again, ignoring...
1661789331.4129870 [WARNING] [launch]: user interrupted with ctrl-c (SIGINT) again, ignoring...
1661789331.4473341 [WARNING] [launch]: user interrupted with ctrl-c (SIGINT) again, ignoring...
1661789331.4813106 [WARNING] [launch]: user interrupted with ctrl-c (SIGINT) again, ignoring...
1661789331.5153558 [WARNING] [launch]: user interrupted with ctrl-c (SIGINT) again, ignoring...
1661789331.5490744 [WARNING] [launch]: user interrupted with ctrl-c (SIGINT) again, ignoring...
1661789331.5832505 [WARNING] [launch]: user interrupted with ctrl-c (SIGINT) again, ignoring...
1661789331.6170549 [WARNING] [launch]: user interrupted with ctrl-c (SIGINT) again, ignoring...
1661789331.6508460 [WARNING] [launch]: user interrupted with ctrl-c (SIGINT) again, ignoring...
1661789331.6851385 [WARNING] [launch]: user interrupted with ctrl-c (SIGINT) again, ignoring...
1661789331.7191763 [WARNING] [launch]: user interrupted with ctrl-c (SIGINT) again, ignoring...
1661789331.7537706 [WARNING] [launch]: user interrupted with ctrl-c (SIGINT) again, ignoring...
1661789331.7873044 [WARNING] [launch]: user interrupted with ctrl-c (SIGINT) again, ignoring...
1661789331.8210242 [WARNING] [launch]: user interrupted with ctrl-c (SIGINT) again, ignoring...
1661789331.8542144 [WARNING] [launch]: user interrupted with ctrl-c (SIGINT) again, ignoring...
1661789331.8880243 [WARNING] [launch]: user interrupted with ctrl-c (SIGINT) again, ignoring...
1661789331.9215136 [WARNING] [launch]: user interrupted with ctrl-c (SIGINT) again, ignoring...
1661789331.9552784 [WARNING] [launch]: user interrupted with ctrl-c (SIGINT) again, ignoring...
1661789331.9902732 [WARNING] [launch]: user interrupted with ctrl-c (SIGINT) again, ignoring...
1661789332.0235243 [WARNING] [launch]: user interrupted with ctrl-c (SIGINT) again, ignoring...
1661789332.0536335 [WARNING] [launch]: user interrupted with ctrl-c (SIGINT) again, ignoring...
1661789332.0844018 [WARNING] [launch]: user interrupted with ctrl-c (SIGINT) again, ignoring...
1661789332.1186736 [WARNING] [launch]: user interrupted with ctrl-c (SIGINT) again, ignoring...
1661789332.1457646 [WARNING] [launch]: user interrupted with ctrl-c (SIGINT) again, ignoring...
1661789332.1760199 [WARNING] [launch]: user interrupted with ctrl-c (SIGINT) again, ignoring...
1661789332.2069383 [WARNING] [launch]: user interrupted with ctrl-c (SIGINT) again, ignoring...
1661789332.2379966 [WARNING] [launch]: user interrupted with ctrl-c (SIGINT) again, ignoring...
1661789332.2684002 [WARNING] [launch]: user interrupted with ctrl-c (SIGINT) again, ignoring...
1661789332.2992437 [WARNING] [launch]: user interrupted with ctrl-c (SIGINT) again, ignoring...
1661789332.3338130 [WARNING] [launch]: user interrupted with ctrl-c (SIGINT) again, ignoring...
1661789332.3673854 [WARNING] [launch]: user interrupted with ctrl-c (SIGINT) again, ignoring...
1661789332.4022093 [WARNING] [launch]: user interrupted with ctrl-c (SIGINT) again, ignoring...
1661789332.4361615 [WARNING] [launch]: user interrupted with ctrl-c (SIGINT) again, ignoring...
1661789332.4711289 [WARNING] [launch]: user interrupted with ctrl-c (SIGINT) again, ignoring...
1661789332.5014553 [WARNING] [launch]: user interrupted with ctrl-c (SIGINT) again, ignoring...
1661789332.5346262 [WARNING] [launch]: user interrupted with ctrl-c (SIGINT) again, ignoring...
1661789332.5654500 [WARNING] [launch]: user interrupted with ctrl-c (SIGINT) again, ignoring...
1661789332.5929303 [WARNING] [launch]: user interrupted with ctrl-c (SIGINT) again, ignoring...
1661789332.6231067 [WARNING] [launch]: user interrupted with ctrl-c (SIGINT) again, ignoring...
1661789332.6531839 [WARNING] [launch]: user interrupted with ctrl-c (SIGINT) again, ignoring...
1661789332.6826265 [WARNING] [launch]: user interrupted with ctrl-c (SIGINT) again, ignoring...
1661789332.7135017 [WARNING] [launch]: user interrupted with ctrl-c (SIGINT) again, ignoring...
1661789332.7435412 [WARNING] [launch]: user interrupted with ctrl-c (SIGINT) again, ignoring...
1661789332.7773852 [WARNING] [launch]: user interrupted with ctrl-c (SIGINT) again, ignoring...
1661789332.8111365 [WARNING] [launch]: user interrupted with ctrl-c (SIGINT) again, ignoring...
1661789332.8452411 [WARNING] [launch]: user interrupted with ctrl-c (SIGINT) again, ignoring...
1661789332.8791032 [WARNING] [launch]: user interrupted with ctrl-c (SIGINT) again, ignoring...
1661789332.9134810 [WARNING] [launch]: user interrupted with ctrl-c (SIGINT) again, ignoring...
1661789332.9473097 [WARNING] [launch]: user interrupted with ctrl-c (SIGINT) again, ignoring...
1661789332.9815984 [WARNING] [launch]: user interrupted with ctrl-c (SIGINT) again, ignoring...
1661789333.0156486 [WARNING] [launch]: user interrupted with ctrl-c (SIGINT) again, ignoring...
1661789333.0494285 [WARNING] [launch]: user interrupted with ctrl-c (SIGINT) again, ignoring...
1661789333.0834706 [WARNING] [launch]: user interrupted with ctrl-c (SIGINT) again, ignoring...
1661789333.1175971 [WARNING] [launch]: user interrupted with ctrl-c (SIGINT) again, ignoring...
1661789333.1520133 [WARNING] [launch]: user interrupted with ctrl-c (SIGINT) again, ignoring...
1661789333.1855409 [WARNING] [launch]: user interrupted with ctrl-c (SIGINT) again, ignoring...
1661789333.2191632 [WARNING] [launch]: user interrupted with ctrl-c (SIGINT) again, ignoring...
1661789333.2533321 [WARNING] [launch]: user interrupted with ctrl-c (SIGINT) again, ignoring...
1661789333.2871366 [WARNING] [launch]: user interrupted with ctrl-c (SIGINT) again, ignoring...
1661789333.3213835 [WARNING] [launch]: user interrupted with ctrl-c (SIGINT) again, ignoring...
1661789333.3549209 [WARNING] [launch]: user interrupted with ctrl-c (SIGINT) again, ignoring...
1661789333.3893089 [WARNING] [launch]: user interrupted with ctrl-c (SIGINT) again, ignoring...
1661789333.4229496 [WARNING] [launch]: user interrupted with ctrl-c (SIGINT) again, ignoring...
1661789333.4569600 [WARNING] [launch]: user interrupted with ctrl-c (SIGINT) again, ignoring...
1661789333.4907231 [WARNING] [launch]: user interrupted with ctrl-c (SIGINT) again, ignoring...
1661789333.5249231 [WARNING] [launch]: user interrupted with ctrl-c (SIGINT) again, ignoring...
1661789333.5590639 [WARNING] [launch]: user interrupted with ctrl-c (SIGINT) again, ignoring...
1661789333.5931876 [WARNING] [launch]: user interrupted with ctrl-c (SIGINT) again, ignoring...
1661789333.6267476 [WARNING] [launch]: user interrupted with ctrl-c (SIGINT) again, ignoring...
1661789333.6609564 [WARNING] [launch]: user interrupted with ctrl-c (SIGINT) again, ignoring...
1661789333.6945245 [WARNING] [launch]: user interrupted with ctrl-c (SIGINT) again, ignoring...
1661789333.7283638 [WARNING] [launch]: user interrupted with ctrl-c (SIGINT) again, ignoring...
1661789333.7616777 [WARNING] [launch]: user interrupted with ctrl-c (SIGINT) again, ignoring...
1661789333.7960398 [WARNING] [launch]: user interrupted with ctrl-c (SIGINT) again, ignoring...
1661789333.8298278 [WARNING] [launch]: user interrupted with ctrl-c (SIGINT) again, ignoring...
1661789333.8644414 [WARNING] [launch]: user interrupted with ctrl-c (SIGINT) again, ignoring...
1661789333.8958914 [WARNING] [launch]: user interrupted with ctrl-c (SIGINT) again, ignoring...
1661789333.9270163 [WARNING] [launch]: user interrupted with ctrl-c (SIGINT) again, ignoring...
1661789333.9577949 [WARNING] [launch]: user interrupted with ctrl-c (SIGINT) again, ignoring...
1661789333.9920092 [WARNING] [launch]: user interrupted with ctrl-c (SIGINT) again, ignoring...
1661789334.0189235 [WARNING] [launch]: user interrupted with ctrl-c (SIGINT) again, ignoring...
1661789334.0486035 [WARNING] [launch]: user interrupted with ctrl-c (SIGINT) again, ignoring...
1661789334.0789373 [WARNING] [launch]: user interrupted with ctrl-c (SIGINT) again, ignoring...
1661789334.1092474 [WARNING] [launch]: user interrupted with ctrl-c (SIGINT) again, ignoring...
1661789334.1386504 [WARNING] [launch]: user interrupted with ctrl-c (SIGINT) again, ignoring...
1661789334.1701250 [WARNING] [launch]: user interrupted with ctrl-c (SIGINT) again, ignoring...
1661789334.2046845 [WARNING] [launch]: user interrupted with ctrl-c (SIGINT) again, ignoring...
1661789334.2382185 [WARNING] [launch]: user interrupted with ctrl-c (SIGINT) again, ignoring...
1661789334.2722888 [WARNING] [launch]: user interrupted with ctrl-c (SIGINT) again, ignoring...
1661789334.3058951 [WARNING] [launch]: user interrupted with ctrl-c (SIGINT) again, ignoring...
1661789334.3401175 [WARNING] [launch]: user interrupted with ctrl-c (SIGINT) again, ignoring...
1661789334.3735995 [WARNING] [launch]: user interrupted with ctrl-c (SIGINT) again, ignoring...
1661789334.4076853 [WARNING] [launch]: user interrupted with ctrl-c (SIGINT) again, ignoring...
1661789334.4418292 [WARNING] [launch]: user interrupted with ctrl-c (SIGINT) again, ignoring...
1661789334.4755378 [WARNING] [launch]: user interrupted with ctrl-c (SIGINT) again, ignoring...
1661789334.5094204 [WARNING] [launch]: user interrupted with ctrl-c (SIGINT) again, ignoring...
1661789334.5432098 [WARNING] [launch]: user interrupted with ctrl-c (SIGINT) again, ignoring...
1661789334.5772030 [WARNING] [launch]: user interrupted with ctrl-c (SIGINT) again, ignoring...
1661789334.6107192 [WARNING] [launch]: user interrupted with ctrl-c (SIGINT) again, ignoring...
1661789334.6448061 [WARNING] [launch]: user interrupted with ctrl-c (SIGINT) again, ignoring...
1661789334.6787257 [WARNING] [launch]: user interrupted with ctrl-c (SIGINT) again, ignoring...
1661789334.7126312 [WARNING] [launch]: user interrupted with ctrl-c (SIGINT) again, ignoring...
1661789334.7466445 [WARNING] [launch]: user interrupted with ctrl-c (SIGINT) again, ignoring...
1661789334.7806168 [WARNING] [launch]: user interrupted with ctrl-c (SIGINT) again, ignoring...
1661789334.8118074 [WARNING] [launch]: user interrupted with ctrl-c (SIGINT) again, ignoring...
1661789334.8429205 [WARNING] [launch]: user interrupted with ctrl-c (SIGINT) again, ignoring...
1661789334.8740048 [WARNING] [launch]: user interrupted with ctrl-c (SIGINT) again, ignoring...
1661789334.9043536 [WARNING] [launch]: user interrupted with ctrl-c (SIGINT) again, ignoring...
1661789334.9355361 [WARNING] [launch]: user interrupted with ctrl-c (SIGINT) again, ignoring...
1661789334.9657667 [WARNING] [launch]: user interrupted with ctrl-c (SIGINT) again, ignoring...
1661789334.9958174 [WARNING] [launch]: user interrupted with ctrl-c (SIGINT) again, ignoring...
1661789335.0260897 [WARNING] [launch]: user interrupted with ctrl-c (SIGINT) again, ignoring...
1661789335.0569928 [WARNING] [launch]: user interrupted with ctrl-c (SIGINT) again, ignoring...
1661789335.2863154 [WARNING] [launch]: user interrupted with ctrl-c (SIGINT) again, ignoring...
1661789335.7864327 [WARNING] [launch]: user interrupted with ctrl-c (SIGINT) again, ignoring...
1661789335.8184216 [WARNING] [launch]: user interrupted with ctrl-c (SIGINT) again, ignoring...
1661789335.8318973 [ERROR] [gzserver-1]: process[gzserver-1] failed to terminate '10.0' seconds after receiving 'SIGTERM', escalating to 'SIGKILL'
1661789335.8373103 [INFO] [gzserver-1]: sending signal 'SIGKILL' to process[gzserver-1]
1661789335.8480532 [WARNING] [launch]: user interrupted with ctrl-c (SIGINT) again, ignoring...
1661789335.8788645 [ERROR] [gzserver-1]: process has died [pid 187, exit code -9, cmd 'gzserver -s libgazebo_ros_init.so /home/ren/colcon_ws/install/nav2_bringup/share/nav2_bringup/worlds/waffle.model'].
