1661626448.6000862 [INFO] [launch]: All log files can be found below /home/ren/.ros/log/2022-08-27-18-54-08-598280-ren-G3-3590-92
1661626448.6004596 [INFO] [launch]: Default logging verbosity is set to INFO
1661626448.9796069 [INFO] [gzserver-1]: process started with pid [94]
1661626448.9799855 [INFO] [gzclient   -2]: process started with pid [96]
1661626448.9801309 [INFO] [ros2-3]: process started with pid [100]
1661626448.9802477 [INFO] [robot_state_publisher-4]: process started with pid [102]
1661626450.3834014 [INFO] [ros2-3]: process has finished cleanly [pid 100]
1661626555.8680549 [WARNING] [launch]: user interrupted with ctrl-c (SIGINT)
1661626555.8756402 [INFO] [robot_state_publisher-4]: process has finished cleanly [pid 102]
1661626555.8860071 [ERROR] [gzclient   -2]: process has died [pid 96, exit code -2, cmd 'gzclient   '].
1661626556.4507165 [WARNING] [launch]: user interrupted with ctrl-c (SIGINT) again, ignoring...
1661626557.2000415 [WARNING] [launch]: user interrupted with ctrl-c (SIGINT) again, ignoring...
1661626557.7150548 [WARNING] [launch]: user interrupted with ctrl-c (SIGINT) again, ignoring...
1661626558.1046181 [WARNING] [launch]: user interrupted with ctrl-c (SIGINT) again, ignoring...
1661626558.4379063 [WARNING] [launch]: user interrupted with ctrl-c (SIGINT) again, ignoring...
1661626558.6902528 [WARNING] [launch]: user interrupted with ctrl-c (SIGINT) again, ignoring...
1661626558.9154258 [WARNING] [launch]: user interrupted with ctrl-c (SIGINT) again, ignoring...
1661626559.1375763 [WARNING] [launch]: user interrupted with ctrl-c (SIGINT) again, ignoring...
1661626559.3649654 [WARNING] [launch]: user interrupted with ctrl-c (SIGINT) again, ignoring...
1661626559.6125038 [WARNING] [launch]: user interrupted with ctrl-c (SIGINT) again, ignoring...
1661626559.8445282 [WARNING] [launch]: user interrupted with ctrl-c (SIGINT) again, ignoring...
1661626560.0630898 [WARNING] [launch]: user interrupted with ctrl-c (SIGINT) again, ignoring...
1661626560.2852604 [WARNING] [launch]: user interrupted with ctrl-c (SIGINT) again, ignoring...
1661626560.5325387 [WARNING] [launch]: user interrupted with ctrl-c (SIGINT) again, ignoring...
1661626560.7583694 [WARNING] [launch]: user interrupted with ctrl-c (SIGINT) again, ignoring...
1661626560.8751066 [ERROR] [gzserver-1]: process[gzserver-1] failed to terminate '5' seconds after receiving 'SIGINT', escalating to 'SIGTERM'
1661626560.8770857 [INFO] [gzserver-1]: sending signal 'SIGTERM' to process[gzserver-1]
1661626560.8784060 [ERROR] [gzserver-1]: process has died [pid 94, exit code -15, cmd 'gzserver /home/ren/colcon_ws/install/turtlebot3_gazebo/share/turtlebot3_gazebo/worlds/empty_worlds/burger.model                                                                      -s libgazebo_ros_init.so   -s libgazebo_ros_factory.so   -s libgazebo_ros_force_system.so       '].
